#
# A fatal error has been detected by the Java Runtime Environment:
#
#  SIGSEGV (0xb) at pc=0x00007f6b981d41c7, pid=5276, tid=0x00007f6bdc163700
#
# JRE version: Java(TM) SE Runtime Environment (8.0_92-b14) (build 1.8.0_92-b14)
# Java VM: Java HotSpot(TM) 64-Bit Server VM (25.92-b14 mixed mode linux-amd64 compressed oops)
# Problematic frame:
# C  [libJCudaRuntime-linux-x86_64.so+0x471c7]  cudart::contextStateManager::getRuntimeContextState(cudart::contextState**, bool)+0x37
#
# Failed to write core dump. Core dumps have been disabled. To enable core dumping, try "ulimit -c unlimited" before starting Java again
#
# If you would like to submit a bug report, please visit:
#   http://bugreport.java.com/bugreport/crash.jsp
# The crash happened outside the Java Virtual Machine in native code.
# See problematic frame for where to report the bug.
#

---------------  T H R E A D  ---------------

Current thread (0x00007f6bd400c800):  JavaThread "main" [_thread_in_native, id=5277, stack(0x00007f6bdc063000,0x00007f6bdc164000)]

siginfo: si_signo: 11 (SIGSEGV), si_code: 1 (SEGV_MAPERR), si_addr: 0x0000000000000000

Registers:
RAX=0x00007f6b2cc70e40, RBX=0x0000000000000001, RCX=0x0000000000000000, RDX=0x0000000000000000
RSP=0x00007f6bdc1621f0, RBP=0x0000000000000000, RSI=0x00007f6bdc162240, RDI=0x0000000000000000
R8 =0x0000000000000008, R9 =0x00000000d07e10d3, R10=0x00007f6bc540eb55, R11=0x000000000341f843
R12=0x0000000000000000, R13=0x00007f6bdc162240, R14=0x0000001916c20a00, R15=0x0000000000000000
RIP=0x00007f6b981d41c7, EFLAGS=0x0000000000010206, CSGSFS=0x0000000000000033, ERR=0x0000000000000004
  TRAPNO=0x000000000000000e

Top of Stack: (sp=0x00007f6bdc1621f0)
0x00007f6bdc1621f0:   0000000000000000 0000000000000001
0x00007f6bdc162200:   00000006c3e58010 0000000000000000
0x00007f6bdc162210:   0000000000000008 0000000000000000
0x00007f6bdc162220:   0000001916c20a00 00007f6b981c7e1c
0x00007f6bdc162230:   00007f6b2cc668b0 00007f6bdac118c5
0x00007f6bdc162240:   0000000000000000 00007f6b981b023d
0x00007f6bdc162250:   0000000000000008 0000000413311e60
0x00007f6bdc162260:   00000006c3e58010 00007f6b2cc70e40
0x00007f6bdc162270:   0000000000000000 0000001916c20a00
0x00007f6bdc162280:   0000000000000008 00007f6b981dd975
0x00007f6bdc162290:   00007f6bdc1624c0 00007f6b981f3c09
0x00007f6bdc1622a0:   00007f6b981fa927 000000052cc70e40
0x00007f6bdc1622b0:   0000000000000000 00007f6bd4009c30
0x00007f6bdc1622c0:   00007f6bd4009c20 00007f6bd4009c30
0x00007f6bdc1622d0:   00007f6bdc162310 00007f6bdac6c907
0x00007f6bdc1622e0:   00007f6bdc1623e0 00000006c3e58010
0x00007f6bdc1622f0:   0000000000000000 0000000000000002
0x00007f6bdc162300:   00007f6bdc162410 00007f6bd400c800
0x00007f6bdc162310:   00007f6bdc162340 00007f6b981aa6db
0x00007f6bdc162320:   00007f6bdc162410 0000000000000062
0x00007f6bdc162330:   00007f6bdc1623e0 00007f6bd400c9f8
0x00007f6bdc162340:   0000000000000000 00000000981f6927
0x00007f6bdc162350:   00007f6bdc1623e0 00000006c3e58010
0x00007f6bdc162360:   00007f6bdc1623d0 0000000000000000
0x00007f6bdc162370:   0000000000000002 00007f6bdc162410
0x00007f6bdc162380:   00007f6bd400c800 00007f6b981a7331
0x00007f6bdc162390:   00000003ec844998 0000000000000008
0x00007f6bdc1623a0:   00000000d87cb002 00007f6bdc1623e0
0x00007f6bdc1623b0:   00007f6bdc162410 00007f6bd400c9f8
0x00007f6bdc1623c0:   00007f6bdc1624a8 0000001916c20a00
0x00007f6bdc1623d0:   00007f6bdc162420 00007f6bc540ebcb
0x00007f6bdc1623e0:   0000000683f08698 00007f6bdaf3e097 

Instructions: (pc=0x00007f6b981d41c7)
0x00007f6b981d41a7:   89 fa 4c 89 74 24 f8 48 83 ec 38 49 89 fc 48 c7
0x00007f6b981d41b7:   04 24 00 00 00 00 48 c7 06 00 00 00 00 49 89 f5
0x00007f6b981d41c7:   48 8b 07 31 f6 48 89 e7 ff 50 10 84 db 75 2e 85
0x00007f6b981d41d7:   c0 75 47 48 8b 14 24 31 ed 49 89 55 00 89 e8 48 

Register to memory mapping:

RAX=0x00007f6b2cc70e40 is an unknown value
RBX=0x0000000000000001 is an unknown value
RCX=0x0000000000000000 is an unknown value
RDX=0x0000000000000000 is an unknown value
RSP=0x00007f6bdc1621f0 is pointing into the stack for thread: 0x00007f6bd400c800
RBP=0x0000000000000000 is an unknown value
RSI=0x00007f6bdc162240 is pointing into the stack for thread: 0x00007f6bd400c800
RDI=0x0000000000000000 is an unknown value
R8 =0x0000000000000008 is an unknown value
R9 =0x00000000d07e10d3 is an unknown value
R10=0x00007f6bc540eb55 is at entry_point+85 in (nmethod*)0x00007f6bc540e990
R11=0x000000000341f843 is an unknown value
R12=0x0000000000000000 is an unknown value
R13=0x00007f6bdc162240 is pointing into the stack for thread: 0x00007f6bd400c800
R14=0x0000001916c20a00 is an unknown value
R15=0x0000000000000000 is an unknown value


Stack: [0x00007f6bdc063000,0x00007f6bdc164000],  sp=0x00007f6bdc1621f0,  free space=1020k
Native frames: (J=compiled Java code, j=interpreted, Vv=VM code, C=native code)
C  [libJCudaRuntime-linux-x86_64.so+0x471c7]  cudart::contextStateManager::getRuntimeContextState(cudart::contextState**, bool)+0x37

Java frames: (J=compiled Java code, j=interpreted, Vv=VM code)
J 821  jcuda.runtime.JCuda.cudaMemsetNative(Ljcuda/Pointer;IJ)I (0 bytes) @ 0x00007f6bc540eb55 [0x00007f6bc540eb00+0x55]
J 859 C2 nDimensionalMatrices.FDMatrix.sendToGPU()V (80 bytes) @ 0x00007f6bc543e5c8 [0x00007f6bc543e1a0+0x428]
J 941 C2 network.SplitFeedForwardNetwork.getOutput([LnDimensionalMatrices/Matrix;)[LnDimensionalMatrices/Matrix; (335 bytes) @ 0x00007f6bc54a47ac [0x00007f6bc54a4540+0x26c]
J 922 C2 userSrcDstPrediction.EnsembleNeuralNetwork.getNthBestSrc(Ljava/lang/String;IJ)[Ljava/lang/Object; (622 bytes) @ 0x00007f6bc5488274 [0x00007f6bc5486120+0x2154]
J 927% C2 userSrcDstPrediction.EnsembleNeuralNetwork.testHeuristic()[D (420 bytes) @ 0x00007f6bc5475da0 [0x00007f6bc54758c0+0x4e0]
j  userSrcDstPrediction.EnsembleNeuralNetwork.main([Ljava/lang/String;)V+0
v  ~StubRoutines::call_stub

---------------  P R O C E S S  ---------------

Java Threads: ( => current thread )
  0x00007f6bd40f3800 JavaThread "Service Thread" daemon [_thread_blocked, id=5310, stack(0x00007f6ba3bfc000,0x00007f6ba3cfd000)]
  0x00007f6bd40de000 JavaThread "C1 CompilerThread3" daemon [_thread_blocked, id=5309, stack(0x00007f6ba3cfd000,0x00007f6ba3dfe000)]
  0x00007f6bd40dc000 JavaThread "C2 CompilerThread2" daemon [_thread_blocked, id=5308, stack(0x00007f6ba3dfe000,0x00007f6ba3eff000)]
  0x00007f6bd40da000 JavaThread "C2 CompilerThread1" daemon [_thread_blocked, id=5307, stack(0x00007f6ba3eff000,0x00007f6ba4000000)]
  0x00007f6bd40d7800 JavaThread "C2 CompilerThread0" daemon [_thread_blocked, id=5306, stack(0x00007f6bb80ee000,0x00007f6bb81ef000)]
  0x00007f6bd40d5000 JavaThread "JDWP Event Helper Thread" daemon [_thread_blocked, id=5301, stack(0x00007f6bb82f0000,0x00007f6bb83f1000)]
  0x00007f6bd40d1800 JavaThread "JDWP Transport Listener: dt_socket" daemon [_thread_in_native, id=5298, stack(0x00007f6bb83f1000,0x00007f6bb84f2000)]
  0x00007f6bd40c5000 JavaThread "Signal Dispatcher" daemon [_thread_blocked, id=5296, stack(0x00007f6bb86f6000,0x00007f6bb87f7000)]
  0x00007f6bd4092800 JavaThread "Finalizer" daemon [_thread_blocked, id=5295, stack(0x00007f6bb87f7000,0x00007f6bb88f8000)]
  0x00007f6bd408e000 JavaThread "Reference Handler" daemon [_thread_blocked, id=5294, stack(0x00007f6bb88f8000,0x00007f6bb89f9000)]
=>0x00007f6bd400c800 JavaThread "main" [_thread_in_native, id=5277, stack(0x00007f6bdc063000,0x00007f6bdc164000)]

Other Threads:
  0x00007f6bd4086800 VMThread [stack: 0x00007f6bb89f9000,0x00007f6bb8afa000] [id=5293]
  0x00007f6bd40f6800 WatcherThread [stack: 0x00007f6ba3afb000,0x00007f6ba3bfc000] [id=5311]

VM state:not at safepoint (normal execution)

VM Mutex/Monitor currently owned by a thread: None

Heap:
 PSYoungGen      total 1338880K, used 500890K [0x0000000670d00000, 0x00000006e0d00000, 0x00000007c0000000)
  eden space 857088K, 38% used [0x0000000670d00000,0x0000000684f8c1a0,0x00000006a5200000)
  from space 481792K, 35% used [0x00000006c3680000,0x00000006cdd1a7b8,0x00000006e0d00000)
  to   space 488960K, 0% used [0x00000006a5200000,0x00000006a5200000,0x00000006c2f80000)
 ParOldGen       total 2061312K, used 1127600K [0x00000003d2600000, 0x0000000450300000, 0x0000000670d00000)
  object space 2061312K, 54% used [0x00000003d2600000,0x000000041732c280,0x0000000450300000)
 Metaspace       used 6870K, capacity 7074K, committed 7296K, reserved 1056768K
  class space    used 697K, capacity 773K, committed 896K, reserved 1048576K

Card table byte_map: [0x00007f6bc3092000,0x00007f6bc5000000] byte_map_base: 0x00007f6bc11ff000

Marking Bits: (ParMarkBitMap*) 0x00007f6bdb53c4c0
 Begin Bits: [0x00007f6b64930000, 0x00007f6b74498000)
 End Bits:   [0x00007f6b74498000, 0x00007f6b84000000)

Polling page: 0x00007f6bdc185000

CodeCache: size=245760Kb used=5228Kb max_used=5241Kb free=240531Kb
 bounds [0x00007f6bc5000000, 0x00007f6bc5530000, 0x00007f6bd4000000]
 total_blobs=1483 nmethods=1047 adapters=358
 compilation: enabled

Compilation events (10 events):
Event: 51.104 Thread 0x00007f6bd40dc000 1044   !   4       java.lang.ref.ReferenceQueue::enqueue (119 bytes)
Event: 51.104 Thread 0x00007f6bd40d7800 1045   !   4       java.lang.ref.Reference::tryHandlePending (115 bytes)
Event: 51.107 Thread 0x00007f6bd40dc000 nmethod 1044 0x00007f6bc551f290 code [0x00007f6bc551f400, 0x00007f6bc551f9c8]
Event: 51.110 Thread 0x00007f6bd40d7800 nmethod 1045 0x00007f6bc551fc10 code [0x00007f6bc551fde0, 0x00007f6bc55208c8]
Event: 51.115 Thread 0x00007f6bd40de000 1046 % !   3       java.lang.ref.Finalizer$FinalizerThread::run @ 33 (55 bytes)
Event: 51.116 Thread 0x00007f6bd40de000 nmethod 1046% 0x00007f6bc551dd90 code [0x00007f6bc551dfc0, 0x00007f6bc551ecc8]
Event: 52.350 Thread 0x00007f6bd40da000 1047 % !   4       java.lang.ref.Finalizer$FinalizerThread::run @ 33 (55 bytes)
Event: 52.363 Thread 0x00007f6bd40da000 nmethod 1047% 0x00007f6bc5523450 code [0x00007f6bc5523680, 0x00007f6bc5524580]
Event: 52.397 Thread 0x00007f6bd40dc000 1048       4       java.lang.ref.ReferenceQueue::remove (6 bytes)
Event: 52.407 Thread 0x00007f6bd40dc000 nmethod 1048 0x00007f6bc5518ed0 code [0x00007f6bc5519080, 0x00007f6bc55196f0]

GC Heap History (10 events):
Event: 1.760 GC heap before
{Heap before GC invocations=4 (full 1):
 PSYoungGen      total 558592K, used 516096K [0x0000000670d00000, 0x0000000695800000, 0x00000007c0000000)
  eden space 516096K, 100% used [0x0000000670d00000,0x0000000690500000,0x0000000690500000)
  from space 42496K, 0% used [0x0000000692e80000,0x0000000692e80000,0x0000000695800000)
  to   space 42496K, 0% used [0x0000000690500000,0x0000000690500000,0x0000000692e80000)
 ParOldGen       total 1135616K, used 470372K [0x00000003d2600000, 0x0000000417b00000, 0x0000000670d00000)
  object space 1135616K, 41% used [0x00000003d2600000,0x00000003ef159190,0x0000000417b00000)
 Metaspace       used 3261K, capacity 4556K, committed 4864K, reserved 1056768K
  class space    used 337K, capacity 392K, committed 512K, reserved 1048576K
Event: 1.963 GC heap after
Heap after GC invocations=4 (full 1):
 PSYoungGen      total 558592K, used 42466K [0x0000000670d00000, 0x00000006a1600000, 0x00000007c0000000)
  eden space 516096K, 0% used [0x0000000670d00000,0x0000000670d00000,0x0000000690500000)
  from space 42496K, 99% used [0x0000000690500000,0x0000000692e78a98,0x0000000692e80000)
  to   space 42496K, 0% used [0x000000069ec80000,0x000000069ec80000,0x00000006a1600000)
 ParOldGen       total 1135616K, used 898476K [0x00000003d2600000, 0x0000000417b00000, 0x0000000670d00000)
  object space 1135616K, 79% used [0x00000003d2600000,0x000000040936b190,0x0000000417b00000)
 Metaspace       used 3261K, capacity 4556K, committed 4864K, reserved 1056768K
  class space    used 337K, capacity 392K, committed 512K, reserved 1048576K
}
Event: 1.963 GC heap before
{Heap before GC invocations=5 (full 2):
 PSYoungGen      total 558592K, used 42466K [0x0000000670d00000, 0x00000006a1600000, 0x00000007c0000000)
  eden space 516096K, 0% used [0x0000000670d00000,0x0000000670d00000,0x0000000690500000)
  from space 42496K, 99% used [0x0000000690500000,0x0000000692e78a98,0x0000000692e80000)
  to   space 42496K, 0% used [0x000000069ec80000,0x000000069ec80000,0x00000006a1600000)
 ParOldGen       total 1135616K, used 898476K [0x00000003d2600000, 0x0000000417b00000, 0x0000000670d00000)
  object space 1135616K, 79% used [0x00000003d2600000,0x000000040936b190,0x0000000417b00000)
 Metaspace       used 3261K, capacity 4556K, committed 4864K, reserved 1056768K
  class space    used 337K, capacity 392K, committed 512K, reserved 1048576K
Event: 2.858 GC heap after
Heap after GC invocations=5 (full 2):
 PSYoungGen      total 558592K, used 0K [0x0000000670d00000, 0x00000006a1600000, 0x00000007c0000000)
  eden space 516096K, 0% used [0x0000000670d00000,0x0000000670d00000,0x0000000690500000)
  from space 42496K, 0% used [0x0000000690500000,0x0000000690500000,0x0000000692e80000)
  to   space 42496K, 0% used [0x000000069ec80000,0x000000069ec80000,0x00000006a1600000)
 ParOldGen       total 2061312K, used 925008K [0x00000003d2600000, 0x0000000450300000, 0x0000000670d00000)
  object space 2061312K, 44% used [0x00000003d2600000,0x000000040ad540f8,0x0000000450300000)
 Metaspace       used 3261K, capacity 4556K, committed 4864K, reserved 1056768K
  class space    used 337K, capacity 392K, committed 512K, reserved 1048576K
}
Event: 3.594 GC heap before
{Heap before GC invocations=6 (full 2):
 PSYoungGen      total 558592K, used 516096K [0x0000000670d00000, 0x00000006a1600000, 0x00000007c0000000)
  eden space 516096K, 100% used [0x0000000670d00000,0x0000000690500000,0x0000000690500000)
  from space 42496K, 0% used [0x0000000690500000,0x0000000690500000,0x0000000692e80000)
  to   space 42496K, 0% used [0x000000069ec80000,0x000000069ec80000,0x00000006a1600000)
 ParOldGen       total 2061312K, used 925008K [0x00000003d2600000, 0x0000000450300000, 0x0000000670d00000)
  object space 2061312K, 44% used [0x00000003d2600000,0x000000040ad540f8,0x0000000450300000)
 Metaspace       used 4527K, capacity 4852K, committed 5120K, reserved 1056768K
  class space    used 475K, capacity 496K, committed 512K, reserved 1048576K
Event: 3.856 GC heap after
Heap after GC invocations=6 (full 2):
 PSYoungGen      total 716288K, used 42483K [0x0000000670d00000, 0x00000006a1600000, 0x00000007c0000000)
  eden space 673792K, 0% used [0x0000000670d00000,0x0000000670d00000,0x0000000699f00000)
  from space 42496K, 99% used [0x000000069ec80000,0x00000006a15fcf50,0x00000006a1600000)
  to   space 42496K, 0% used [0x000000069c300000,0x000000069c300000,0x000000069ec80000)
 ParOldGen       total 2061312K, used 1058119K [0x00000003d2600000, 0x0000000450300000, 0x0000000670d00000)
  object space 2061312K, 51% used [0x00000003d2600000,0x0000000412f51e40,0x0000000450300000)
 Metaspace       used 4527K, capacity 4852K, committed 5120K, reserved 1056768K
  class space    used 475K, capacity 496K, committed 512K, reserved 1048576K
}
Event: 15.679 GC heap before
{Heap before GC invocations=7 (full 2):
 PSYoungGen      total 716288K, used 716275K [0x0000000670d00000, 0x00000006a1600000, 0x00000007c0000000)
  eden space 673792K, 100% used [0x0000000670d00000,0x0000000699f00000,0x0000000699f00000)
  from space 42496K, 99% used [0x000000069ec80000,0x00000006a15fcf50,0x00000006a1600000)
  to   space 42496K, 0% used [0x000000069c300000,0x000000069c300000,0x000000069ec80000)
 ParOldGen       total 2061312K, used 1058119K [0x00000003d2600000, 0x0000000450300000, 0x0000000670d00000)
  object space 2061312K, 51% used [0x00000003d2600000,0x0000000412f51e40,0x0000000450300000)
 Metaspace       used 6860K, capacity 7074K, committed 7296K, reserved 1056768K
  class space    used 697K, capacity 773K, committed 896K, reserved 1048576K
Event: 15.869 GC heap after
Heap after GC invocations=7 (full 2):
 PSYoungGen      total 753152K, used 42473K [0x0000000670d00000, 0x00000006e2800000, 0x00000007c0000000)
  eden space 710656K, 0% used [0x0000000670d00000,0x0000000670d00000,0x000000069c300000)
  from space 42496K, 99% used [0x000000069c300000,0x000000069ec7a7b8,0x000000069ec80000)
  to   space 509440K, 0% used [0x00000006c3680000,0x00000006c3680000,0x00000006e2800000)
 ParOldGen       total 2061312K, used 1127592K [0x00000003d2600000, 0x0000000450300000, 0x0000000670d00000)
  object space 2061312K, 54% used [0x00000003d2600000,0x000000041732a280,0x0000000450300000)
 Metaspace       used 6860K, capacity 7074K, committed 7296K, reserved 1056768K
  class space    used 697K, capacity 773K, committed 896K, reserved 1048576K
}
Event: 50.612 GC heap before
{Heap before GC invocations=8 (full 2):
 PSYoungGen      total 753152K, used 753129K [0x0000000670d00000, 0x00000006e2800000, 0x00000007c0000000)
  eden space 710656K, 100% used [0x0000000670d00000,0x000000069c300000,0x000000069c300000)
  from space 42496K, 99% used [0x000000069c300000,0x000000069ec7a7b8,0x000000069ec80000)
  to   space 509440K, 0% used [0x00000006c3680000,0x00000006c3680000,0x00000006e2800000)
 ParOldGen       total 2061312K, used 1127592K [0x00000003d2600000, 0x0000000450300000, 0x0000000670d00000)
  object space 2061312K, 54% used [0x00000003d2600000,0x000000041732a280,0x0000000450300000)
 Metaspace       used 6870K, capacity 7074K, committed 7296K, reserved 1056768K
  class space    used 697K, capacity 773K, committed 896K, reserved 1048576K
Event: 51.102 GC heap after
Heap after GC invocations=8 (full 2):
 PSYoungGen      total 1338880K, used 170601K [0x0000000670d00000, 0x00000006e0d00000, 0x00000007c0000000)
  eden space 857088K, 0% used [0x0000000670d00000,0x0000000670d00000,0x00000006a5200000)
  from space 481792K, 35% used [0x00000006c3680000,0x00000006cdd1a7b8,0x00000006e0d00000)
  to   space 488960K, 0% used [0x00000006a5200000,0x00000006a5200000,0x00000006c2f80000)
 ParOldGen       total 2061312K, used 1127600K [0x00000003d2600000, 0x0000000450300000, 0x0000000670d00000)
  object space 2061312K, 54% used [0x00000003d2600000,0x000000041732c280,0x0000000450300000)
 Metaspace       used 6870K, capacity 7074K, committed 7296K, reserved 1056768K
  class space    used 697K, capacity 773K, committed 896K, reserved 1048576K
}

Deoptimization events (10 events):
Event: 15.921 Thread 0x00007f6bd408e000 Uncommon trap: reason=class_check action=maybe_recompile pc=0x00007f6bc54db694 method=java.lang.ref.ReferenceQueue.enqueue(Ljava/lang/ref/Reference;)Z @ 91
Event: 15.921 Thread 0x00007f6bd408e000 Uncommon trap: reason=class_check action=maybe_recompile pc=0x00007f6bc54db694 method=java.lang.ref.ReferenceQueue.enqueue(Ljava/lang/ref/Reference;)Z @ 91
Event: 15.921 Thread 0x00007f6bd408e000 Uncommon trap: reason=class_check action=maybe_recompile pc=0x00007f6bc54db694 method=java.lang.ref.ReferenceQueue.enqueue(Ljava/lang/ref/Reference;)Z @ 91
Event: 15.921 Thread 0x00007f6bd408e000 Uncommon trap: reason=class_check action=maybe_recompile pc=0x00007f6bc54db694 method=java.lang.ref.ReferenceQueue.enqueue(Ljava/lang/ref/Reference;)Z @ 91
Event: 16.289 Thread 0x00007f6bd4092800 Uncommon trap: reason=class_check action=maybe_recompile pc=0x00007f6bc5513364 method=java.lang.System$2.invokeFinalize(Ljava/lang/Object;)V @ 1
Event: 16.289 Thread 0x00007f6bd4092800 Uncommon trap: reason=class_check action=maybe_recompile pc=0x00007f6bc5513364 method=java.lang.System$2.invokeFinalize(Ljava/lang/Object;)V @ 1
Event: 16.289 Thread 0x00007f6bd4092800 Uncommon trap: reason=class_check action=maybe_recompile pc=0x00007f6bc5513364 method=java.lang.System$2.invokeFinalize(Ljava/lang/Object;)V @ 1
Event: 16.289 Thread 0x00007f6bd4092800 Uncommon trap: reason=class_check action=maybe_recompile pc=0x00007f6bc5513364 method=java.lang.System$2.invokeFinalize(Ljava/lang/Object;)V @ 1
Event: 17.250 Thread 0x00007f6bd4092800 Uncommon trap: reason=unstable_if action=reinterpret pc=0x00007f6bc551d0b0 method=java.lang.ref.ReferenceQueue.reallyPoll()Ljava/lang/ref/Reference; @ 15
Event: 17.250 Thread 0x00007f6bd4092800 Uncommon trap: reason=unstable_if action=reinterpret pc=0x00007f6bc54d68f4 method=java.lang.ref.ReferenceQueue.reallyPoll()Ljava/lang/ref/Reference; @ 6

Internal exceptions (10 events):
Event: 4.483 Thread 0x00007f6bd400c800 Exception <a 'java/lang/NoSuchFieldError': method resolution failed> (0x00000006895f44b8) thrown at [/HUDSON/workspace/8-2-build-linux-amd64/jdk8u92/6642/hotspot/src/share/vm/prims/methodHandles.cpp, line 1146]
Event: 4.486 Thread 0x00007f6bd400c800 Exception <a 'java/lang/NoSuchFieldError': method resolution failed> (0x0000000689601828) thrown at [/HUDSON/workspace/8-2-build-linux-amd64/jdk8u92/6642/hotspot/src/share/vm/prims/methodHandles.cpp, line 1146]
Event: 4.505 Thread 0x00007f6bd400c800 Exception <a 'java/lang/NoSuchMethodError': <clinit>> (0x0000000689686fd8) thrown at [/HUDSON/workspace/8-2-build-linux-amd64/jdk8u92/6642/hotspot/src/share/vm/prims/jni.cpp, line 1613]
Event: 4.514 Thread 0x00007f6bd400c800 Exception <a 'java/lang/NoSuchMethodError': <clinit>> (0x00000006896bea78) thrown at [/HUDSON/workspace/8-2-build-linux-amd64/jdk8u92/6642/hotspot/src/share/vm/prims/jni.cpp, line 1613]
Event: 4.515 Thread 0x00007f6bd400c800 Exception <a 'java/lang/NoSuchMethodError': <clinit>> (0x00000006896cbdb0) thrown at [/HUDSON/workspace/8-2-build-linux-amd64/jdk8u92/6642/hotspot/src/share/vm/prims/jni.cpp, line 1613]
Event: 4.516 Thread 0x00007f6bd400c800 Exception <a 'java/lang/NoSuchMethodError': <clinit>> (0x00000006896db158) thrown at [/HUDSON/workspace/8-2-build-linux-amd64/jdk8u92/6642/hotspot/src/share/vm/prims/jni.cpp, line 1613]
Event: 4.519 Thread 0x00007f6bd400c800 Exception <a 'java/lang/NoSuchMethodError': <clinit>> (0x00000006896f8c20) thrown at [/HUDSON/workspace/8-2-build-linux-amd64/jdk8u92/6642/hotspot/src/share/vm/prims/jni.cpp, line 1613]
Event: 4.519 Thread 0x00007f6bd400c800 Exception <a 'java/lang/NoSuchMethodError': <clinit>> (0x0000000689706a50) thrown at [/HUDSON/workspace/8-2-build-linux-amd64/jdk8u92/6642/hotspot/src/share/vm/prims/jni.cpp, line 1613]
Event: 4.702 Thread 0x00007f6bd400c800 Exception <a 'java/lang/NoSuchMethodError': <clinit>> (0x00000006897c5408) thrown at [/HUDSON/workspace/8-2-build-linux-amd64/jdk8u92/6642/hotspot/src/share/vm/prims/jni.cpp, line 1613]
Event: 17.250 Thread 0x00007f6bd4092800 Implicit null exception at 0x00007f6bc54d6616 to 0x00007f6bc54d68cd

Events (10 events):
Event: 87.584 Executing VM operation: GetOrSetLocal
Event: 87.584 Executing VM operation: GetOrSetLocal done
Event: 88.374 Executing VM operation: GetOrSetLocal
Event: 88.375 Executing VM operation: GetOrSetLocal done
Event: 88.375 Executing VM operation: GetOrSetLocal
Event: 88.375 Executing VM operation: GetOrSetLocal done
Event: 88.375 Executing VM operation: GetOrSetLocal
Event: 88.375 Executing VM operation: GetOrSetLocal done
Event: 88.375 Executing VM operation: GetOrSetLocal
Event: 88.375 Executing VM operation: GetOrSetLocal done


Dynamic libraries:
00400000-00401000 r-xp 00000000 09:01 43516052                           /opt/jdk/jdk1.8.0_92/bin/java
00600000-00601000 rw-p 00000000 09:01 43516052                           /opt/jdk/jdk1.8.0_92/bin/java
0211a000-0213b000 rw-p 00000000 00:00 0                                  [heap]
3d2600000-450300000 rw-p 00000000 00:00 0 
450300000-670d00000 ---p 00000000 00:00 0 
670d00000-6e0d00000 rw-p 00000000 00:00 0 
6e0d00000-7c0000000 ---p 00000000 00:00 0 
7c0000000-7c00e0000 rw-p 00000000 00:00 0 
7c00e0000-800000000 ---p 00000000 00:00 0 
800000000-800100000 rw-s 38cde000 00:06 474                              /dev/nvidiactl
800100000-804100000 ---p 00000000 00:00 0 
804100000-804200000 rw-s e78c25000 00:06 474                             /dev/nvidiactl
804200000-804300000 ---p 00000000 00:00 0 
804300000-804400000 rw-s fc32e2000 00:06 474                             /dev/nvidiactl
804400000-804500000 ---p 00000000 00:00 0 
804500000-804600000 rw-s f246d5000 00:06 474                             /dev/nvidiactl
804600000-808600000 ---p 00000000 00:00 0 
808600000-808700000 rw-s f2f3cf000 00:06 474                             /dev/nvidiactl
808700000-808800000 ---p 00000000 00:00 0 
808800000-808900000 rw-s f273ec000 00:06 474                             /dev/nvidiactl
808900000-1d00000000 ---p 00000000 00:00 0 
7f6ad8000000-7f6ad8268000 rw-p 00000000 00:00 0 
7f6ad8268000-7f6adc000000 ---p 00000000 00:00 0 
7f6ae0000000-7f6ae8000000 rw-p 00000000 00:00 0 
7f6ae8000000-7f6af0000000 rw-p 00000000 00:00 0 
7f6af0000000-7f6af8000000 rw-p 00000000 00:00 0 
7f6af8000000-7f6b00000000 rw-p 00000000 00:00 0 
7f6b00000000-7f6b08000000 rw-p 00000000 00:00 0 
7f6b08000000-7f6b08021000 rw-p 00000000 00:00 0 
7f6b08021000-7f6b0c000000 ---p 00000000 00:00 0 
7f6b0dbff000-7f6b0dc00000 ---p 00000000 00:00 0 
7f6b0dc00000-7f6b0e400000 rw-p 00000000 00:00 0 
7f6b0e400000-7f6b0e800000 rw-s f2e2ef000 00:06 474                       /dev/nvidiactl
7f6b0e800000-7f6b0ec00000 rw-s f2ed58000 00:06 474                       /dev/nvidiactl
7f6b0ec00000-7f6b0f000000 rw-s f2e30d000 00:06 474                       /dev/nvidiactl
7f6b0f000000-7f6b0f400000 rw-s f2dc9a000 00:06 474                       /dev/nvidiactl
7f6b0f400000-7f6b0f800000 rw-s f30a85000 00:06 474                       /dev/nvidiactl
7f6b0f800000-7f6b0fc00000 rw-s f244ba000 00:06 474                       /dev/nvidiactl
7f6b0fc00000-7f6b10000000 rw-s f333d7000 00:06 474                       /dev/nvidiactl
7f6b10000000-7f6b14000000 rw-p 00000000 00:00 0 
7f6b14000000-7f6b14021000 rw-p 00000000 00:00 0 
7f6b14021000-7f6b18000000 ---p 00000000 00:00 0 
7f6b18000000-7f6b20000000 rw-p 00000000 00:00 0 
7f6b20000000-7f6b28000000 rw-p 00000000 00:00 0 
7f6b28000000-7f6b28021000 rw-p 00000000 00:00 0 
7f6b28021000-7f6b2c000000 ---p 00000000 00:00 0 
7f6b2c000000-7f6b30000000 rw-p 00000000 00:00 0 
7f6b30000000-7f6b30021000 rw-p 00000000 00:00 0 
7f6b30021000-7f6b34000000 ---p 00000000 00:00 0 
7f6b34000000-7f6b34021000 rw-p 00000000 00:00 0 
7f6b34021000-7f6b38000000 ---p 00000000 00:00 0 
7f6b38000000-7f6b38287000 rw-p 00000000 00:00 0 
7f6b38287000-7f6b3c000000 ---p 00000000 00:00 0 
7f6b3c000000-7f6b3c021000 rw-p 00000000 00:00 0 
7f6b3c021000-7f6b40000000 ---p 00000000 00:00 0 
7f6b40000000-7f6b41ac9000 rw-p 00000000 00:00 0 
7f6b41ac9000-7f6b44000000 ---p 00000000 00:00 0 
7f6b44000000-7f6b4492f000 rw-p 00000000 00:00 0 
7f6b4492f000-7f6b48000000 ---p 00000000 00:00 0 
7f6b48000000-7f6b48021000 rw-p 00000000 00:00 0 
7f6b48021000-7f6b4c000000 ---p 00000000 00:00 0 
7f6b4c000000-7f6b4d10d000 rw-p 00000000 00:00 0 
7f6b4d10d000-7f6b50000000 ---p 00000000 00:00 0 
7f6b50000000-7f6b5004c000 rw-p 00000000 00:00 0 
7f6b5004c000-7f6b54000000 ---p 00000000 00:00 0 
7f6b54000000-7f6b54021000 rw-p 00000000 00:00 0 
7f6b54021000-7f6b58000000 ---p 00000000 00:00 0 
7f6b58000000-7f6b584bc000 rw-p 00000000 00:00 0 
7f6b584bc000-7f6b5c000000 ---p 00000000 00:00 0 
7f6b5c000000-7f6b5c021000 rw-p 00000000 00:00 0 
7f6b5c021000-7f6b60000000 ---p 00000000 00:00 0 
7f6b60000000-7f6b60021000 rw-p 00000000 00:00 0 
7f6b60021000-7f6b64000000 ---p 00000000 00:00 0 
7f6b64130000-7f6b64530000 rw-s f31c0e000 00:06 474                       /dev/nvidiactl
7f6b64530000-7f6b64930000 rw-s f253e2000 00:06 474                       /dev/nvidiactl
7f6b64930000-7f6b84000000 rw-p 00000000 00:00 0 
7f6b84000000-7f6b84021000 rw-p 00000000 00:00 0 
7f6b84021000-7f6b88000000 ---p 00000000 00:00 0 
7f6b88000000-7f6b88021000 rw-p 00000000 00:00 0 
7f6b88021000-7f6b8c000000 ---p 00000000 00:00 0 
7f6b8c000000-7f6b8c50c000 rw-p 00000000 00:00 0 
7f6b8c50c000-7f6b90000000 ---p 00000000 00:00 0 
7f6b90120000-7f6b90220000 rw-s f2f671000 00:06 474                       /dev/nvidiactl
7f6b90220000-7f6b90320000 rw-s f22cef000 00:06 474                       /dev/nvidiactl
7f6b90320000-7f6b90720000 rw-s f2678b000 00:06 474                       /dev/nvidiactl
7f6b90720000-7f6b90b20000 rw-s f24260000 00:06 474                       /dev/nvidiactl
7f6b90b20000-7f6b90f20000 rw-s f2f75d000 00:06 474                       /dev/nvidiactl
7f6b90f20000-7f6b91320000 rw-s f24ae8000 00:06 474                       /dev/nvidiactl
7f6b91320000-7f6b91720000 rw-s f25abd000 00:06 474                       /dev/nvidiactl
7f6b91720000-7f6b91b20000 rw-s f30bda000 00:06 474                       /dev/nvidiactl
7f6b91b20000-7f6b91f20000 rw-s f2e35a000 00:06 474                       /dev/nvidiactl
7f6b91f20000-7f6b91f21000 ---p 00000000 00:00 0 
7f6b91f21000-7f6b92721000 rw-p 00000000 00:00 0 
7f6b92721000-7f6b93dea000 r-xp 00000000 09:01 17829161                   /usr/local/cuda-7.5/targets/x86_64-linux/lib/libcublas.so.7.5.18
7f6b93dea000-7f6b93fe9000 ---p 016c9000 09:01 17829161                   /usr/local/cuda-7.5/targets/x86_64-linux/lib/libcublas.so.7.5.18
7f6b93fe9000-7f6b93ff5000 rw-p 016c8000 09:01 17829161                   /usr/local/cuda-7.5/targets/x86_64-linux/lib/libcublas.so.7.5.18
7f6b93ff5000-7f6b94000000 rw-p 00000000 00:00 0 
7f6b94000000-7f6b94021000 rw-p 00000000 00:00 0 
7f6b94021000-7f6b98000000 ---p 00000000 00:00 0 
7f6b9808d000-7f6b9818d000 rw-s f305ea000 00:06 474                       /dev/nvidiactl
7f6b9818d000-7f6b98210000 r-xp 00000000 09:01 23068992                   /home/willie/libraries/JCuda-All-0.7.5-bin-Linux-x86_64/libJCudaRuntime-linux-x86_64.so
7f6b98210000-7f6b98410000 ---p 00083000 09:01 23068992                   /home/willie/libraries/JCuda-All-0.7.5-bin-Linux-x86_64/libJCudaRuntime-linux-x86_64.so
7f6b98410000-7f6b98414000 rw-p 00083000 09:01 23068992                   /home/willie/libraries/JCuda-All-0.7.5-bin-Linux-x86_64/libJCudaRuntime-linux-x86_64.so
7f6b98414000-7f6b98645000 rw-p 00000000 00:00 0 
7f6b9864e000-7f6b98674000 r-xp 00000000 09:01 23068988                   /home/willie/libraries/JCuda-All-0.7.5-bin-Linux-x86_64/libJCublas-linux-x86_64.so
7f6b98674000-7f6b98874000 ---p 00026000 09:01 23068988                   /home/willie/libraries/JCuda-All-0.7.5-bin-Linux-x86_64/libJCublas-linux-x86_64.so
7f6b98874000-7f6b98875000 rw-p 00026000 09:01 23068988                   /home/willie/libraries/JCuda-All-0.7.5-bin-Linux-x86_64/libJCublas-linux-x86_64.so
7f6b98875000-7f6b9891b000 r-xp 00000000 09:01 23068989                   /home/willie/libraries/JCuda-All-0.7.5-bin-Linux-x86_64/libJCublas2-linux-x86_64.so
7f6b9891b000-7f6b98b1a000 ---p 000a6000 09:01 23068989                   /home/willie/libraries/JCuda-All-0.7.5-bin-Linux-x86_64/libJCublas2-linux-x86_64.so
7f6b98b1a000-7f6b98b1f000 rw-p 000a5000 09:01 23068989                   /home/willie/libraries/JCuda-All-0.7.5-bin-Linux-x86_64/libJCublas2-linux-x86_64.so
7f6b98b1f000-7f6b98bff000 rw-s f25ecb000 00:06 474                       /dev/nvidiactl
7f6b98bff000-7f6b98c00000 ---p 00000000 00:00 0 
7f6b98c00000-7f6b99400000 rw-p 00000000 00:00 0 
7f6b99400000-7f6b99800000 rw-s f270bb000 00:06 474                       /dev/nvidiactl
7f6b99800000-7f6b99c00000 rw-s f24240000 00:06 474                       /dev/nvidiactl
7f6b99c00000-7f6b9a000000 rw-s f2ef13000 00:06 474                       /dev/nvidiactl
7f6b9a000000-7f6b9a400000 rw-s f2e4ec000 00:06 474                       /dev/nvidiactl
7f6b9a400000-7f6b9a800000 rw-s f247bb000 00:06 474                       /dev/nvidiactl
7f6b9a800000-7f6b9ac00000 rw-s f2d598000 00:06 474                       /dev/nvidiactl
7f6b9ac00000-7f6b9b000000 rw-s f2f271000 00:06 474                       /dev/nvidiactl
7f6b9b000000-7f6b9b400000 rw-s f3308b000 00:06 474                       /dev/nvidiactl
7f6b9b400000-7f6b9b800000 rw-s f303f5000 00:06 474                       /dev/nvidiactl
7f6b9b800000-7f6b9bc00000 rw-s f3077e000 00:06 474                       /dev/nvidiactl
7f6b9bc00000-7f6b9c000000 rw-s f239ab000 00:06 474                       /dev/nvidiactl
7f6b9c000000-7f6b9c021000 rw-p 00000000 00:00 0 
7f6b9c021000-7f6ba0000000 ---p 00000000 00:00 0 
7f6ba0066000-7f6ba0067000 rw-p 00000000 00:00 0 
7f6ba0067000-7f6ba0068000 rw-s efd66000 00:06 520                        /dev/nvidia0
7f6ba0068000-7f6ba0069000 rw-s f2f3cb000 00:06 474                       /dev/nvidiactl
7f6ba0069000-7f6ba006d000 rw-s e0600000 00:06 520                        /dev/nvidia0
7f6ba006d000-7f6ba006e000 rw-s efd66000 00:06 520                        /dev/nvidia0
7f6ba006e000-7f6ba006f000 rw-s f2e2e6000 00:06 474                       /dev/nvidiactl
7f6ba006f000-7f6ba0073000 rw-s e05e0000 00:06 520                        /dev/nvidia0
7f6ba0073000-7f6ba0074000 rw-s efd66000 00:06 520                        /dev/nvidia0
7f6ba0074000-7f6ba0075000 rw-s f2ed4f000 00:06 474                       /dev/nvidiactl
7f6ba0075000-7f6ba0079000 rw-s e05c0000 00:06 520                        /dev/nvidia0
7f6ba0079000-7f6ba007a000 rw-s efd66000 00:06 520                        /dev/nvidia0
7f6ba007a000-7f6ba007b000 rw-s f267f8000 00:06 474                       /dev/nvidiactl
7f6ba007b000-7f6ba007f000 rw-s e05a0000 00:06 520                        /dev/nvidia0
7f6ba007f000-7f6ba0080000 rw-s efd66000 00:06 520                        /dev/nvidia0
7f6ba0080000-7f6ba0081000 rw-s f2dc91000 00:06 474                       /dev/nvidiactl
7f6ba0081000-7f6ba0085000 rw-s e0580000 00:06 520                        /dev/nvidia0
7f6ba0085000-7f6ba0086000 rw-s efd66000 00:06 520                        /dev/nvidia0
7f6ba0086000-7f6ba0087000 rw-s f243bc000 00:06 474                       /dev/nvidiactl
7f6ba0087000-7f6ba008b000 rw-s e0560000 00:06 520                        /dev/nvidia0
7f6ba008b000-7f6ba008c000 rw-s efd66000 00:06 520                        /dev/nvidia0
7f6ba008c000-7f6ba008d000 rw-s f244a5000 00:06 474                       /dev/nvidiactl
7f6ba008d000-7f6ba0091000 rw-s e0540000 00:06 520                        /dev/nvidia0
7f6ba0091000-7f6ba0092000 rw-s efd66000 00:06 520                        /dev/nvidia0
7f6ba0092000-7f6ba0093000 rw-s f333ce000 00:06 474                       /dev/nvidiactl
7f6ba0093000-7f6ba0097000 rw-s e0520000 00:06 520                        /dev/nvidia0
7f6ba0097000-7f6ba0098000 rw-s efd65000 00:06 520                        /dev/nvidia0
7f6ba0098000-7f6ba0099000 rw-s f2e4b4000 00:06 474                       /dev/nvidiactl
7f6ba0099000-7f6ba009d000 rw-s e0500000 00:06 520                        /dev/nvidia0
7f6ba009d000-7f6ba009e000 rw-s efd65000 00:06 520                        /dev/nvidia0
7f6ba009e000-7f6ba009f000 rw-s f253d9000 00:06 474                       /dev/nvidiactl
7f6ba009f000-7f6ba00a3000 rw-s e04e0000 00:06 520                        /dev/nvidia0
7f6ba00a3000-7f6ba00a4000 rw-s efd65000 00:06 520                        /dev/nvidia0
7f6ba00a4000-7f6ba00a5000 rw-s f26782000 00:06 474                       /dev/nvidiactl
7f6ba00a5000-7f6ba00a9000 rw-s e04c0000 00:06 520                        /dev/nvidia0
7f6ba00a9000-7f6ba00aa000 rw-s efd65000 00:06 520                        /dev/nvidia0
7f6ba00aa000-7f6ba00ab000 rw-s f306cb000 00:06 474                       /dev/nvidiactl
7f6ba00ab000-7f6ba00af000 rw-s e04a0000 00:06 520                        /dev/nvidia0
7f6ba00af000-7f6ba00b0000 rw-s efd65000 00:06 520                        /dev/nvidia0
7f6ba00b0000-7f6ba00b1000 rw-s f2f754000 00:06 474                       /dev/nvidiactl
7f6ba00b1000-7f6ba00b5000 rw-s e0480000 00:06 520                        /dev/nvidia0
7f6ba00b5000-7f6ba00b6000 rw-s efd65000 00:06 520                        /dev/nvidia0
7f6ba00b6000-7f6ba00b7000 rw-s f263df000 00:06 474                       /dev/nvidiactl
7f6ba00b7000-7f6ba00bb000 rw-s e0460000 00:06 520                        /dev/nvidia0
7f6ba00bb000-7f6ba00bc000 rw-s efd65000 00:06 520                        /dev/nvidia0
7f6ba00bc000-7f6ba00bd000 rw-s f25aa8000 00:06 474                       /dev/nvidiactl
7f6ba00bd000-7f6ba00c1000 rw-s e0440000 00:06 520                        /dev/nvidia0
7f6ba00c1000-7f6ba00c2000 rw-s efd65000 00:06 520                        /dev/nvidia0
7f6ba00c2000-7f6ba00c3000 rw-s f30bd1000 00:06 474                       /dev/nvidiactl
7f6ba00c3000-7f6ba00c7000 rw-s e0420000 00:06 520                        /dev/nvidia0
7f6ba00c7000-7f6ba01c7000 rw-s f51fd8000 00:06 474                       /dev/nvidiactl
7f6ba01c7000-7f6ba02c7000 rw-s f2ec05000 00:06 474                       /dev/nvidiactl
7f6ba02c7000-7f6ba03c7000 rw-s f243f0000 00:06 474                       /dev/nvidiactl
7f6ba03c7000-7f6ba03c8000 rw-s efd64000 00:06 520                        /dev/nvidia0
7f6ba03c8000-7f6ba03c9000 rw-s f31281000 00:06 474                       /dev/nvidiactl
7f6ba03c9000-7f6ba03cd000 rw-s e0400000 00:06 520                        /dev/nvidia0
7f6ba03cd000-7f6ba03ce000 rw-s efd64000 00:06 520                        /dev/nvidia0
7f6ba03ce000-7f6ba03cf000 rw-s f270b2000 00:06 474                       /dev/nvidiactl
7f6ba03cf000-7f6ba03d3000 rw-s e03e0000 00:06 520                        /dev/nvidia0
7f6ba03d3000-7f6ba07d3000 rw-s f2f424000 00:06 474                       /dev/nvidiactl
7f6ba07d3000-7f6ba0bd3000 rw-s f25546000 00:06 474                       /dev/nvidiactl
7f6ba0bd3000-7f6ba0fd3000 rw-s f23c8d000 00:06 474                       /dev/nvidiactl
7f6ba0fd3000-7f6ba13d3000 rw-s f51eaa000 00:06 474                       /dev/nvidiactl
7f6ba13d3000-7f6ba17d3000 rw-s f2ebb4000 00:06 474                       /dev/nvidiactl
7f6ba17d3000-7f6ba17d4000 ---p 00000000 00:00 0 
7f6ba17d4000-7f6ba1fd4000 rw-p 00000000 00:00 0 
7f6ba1fd4000-7f6ba1fea000 r-xp 00000000 09:01 17825985                   /lib/x86_64-linux-gnu/libgcc_s.so.1
7f6ba1fea000-7f6ba21e9000 ---p 00016000 09:01 17825985                   /lib/x86_64-linux-gnu/libgcc_s.so.1
7f6ba21e9000-7f6ba21ea000 rw-p 00015000 09:01 17825985                   /lib/x86_64-linux-gnu/libgcc_s.so.1
7f6ba21ea000-7f6ba22d0000 r-xp 00000000 09:01 17567569                   /usr/lib/x86_64-linux-gnu/libstdc++.so.6.0.19
7f6ba22d0000-7f6ba24cf000 ---p 000e6000 09:01 17567569                   /usr/lib/x86_64-linux-gnu/libstdc++.so.6.0.19
7f6ba24cf000-7f6ba24d7000 r--p 000e5000 09:01 17567569                   /usr/lib/x86_64-linux-gnu/libstdc++.so.6.0.19
7f6ba24d7000-7f6ba24d9000 rw-p 000ed000 09:01 17567569                   /usr/lib/x86_64-linux-gnu/libstdc++.so.6.0.19
7f6ba24d9000-7f6ba24ee000 rw-p 00000000 00:00 0 
7f6ba24ee000-7f6ba30d0000 r-xp 00000000 09:01 17564044                   /usr/lib/x86_64-linux-gnu/libcuda.so.352.63
7f6ba30d0000-7f6ba32cf000 ---p 00be2000 09:01 17564044                   /usr/lib/x86_64-linux-gnu/libcuda.so.352.63
7f6ba32cf000-7f6ba348d000 rw-p 00be1000 09:01 17564044                   /usr/lib/x86_64-linux-gnu/libcuda.so.352.63
7f6ba348d000-7f6ba34a3000 rw-p 00000000 00:00 0 
7f6ba34a3000-7f6ba34d2000 r-xp 00000000 09:01 23068991                   /home/willie/libraries/JCuda-All-0.7.5-bin-Linux-x86_64/libJCudaDriver-linux-x86_64.so
7f6ba34d2000-7f6ba36d1000 ---p 0002f000 09:01 23068991                   /home/willie/libraries/JCuda-All-0.7.5-bin-Linux-x86_64/libJCudaDriver-linux-x86_64.so
7f6ba36d1000-7f6ba36d3000 rw-p 0002e000 09:01 23068991                   /home/willie/libraries/JCuda-All-0.7.5-bin-Linux-x86_64/libJCudaDriver-linux-x86_64.so
7f6ba36d3000-7f6ba36e9000 r-xp 00000000 09:01 43517804                   /opt/jdk/jdk1.8.0_92/jre/lib/amd64/libnet.so
7f6ba36e9000-7f6ba38e9000 ---p 00016000 09:01 43517804                   /opt/jdk/jdk1.8.0_92/jre/lib/amd64/libnet.so
7f6ba38e9000-7f6ba38ea000 rw-p 00016000 09:01 43517804                   /opt/jdk/jdk1.8.0_92/jre/lib/amd64/libnet.so
7f6ba38ea000-7f6ba38fb000 r-xp 00000000 09:01 43517807                   /opt/jdk/jdk1.8.0_92/jre/lib/amd64/libnio.so
7f6ba38fb000-7f6ba3afa000 ---p 00011000 09:01 43517807                   /opt/jdk/jdk1.8.0_92/jre/lib/amd64/libnio.so
7f6ba3afa000-7f6ba3afb000 rw-p 00010000 09:01 43517807                   /opt/jdk/jdk1.8.0_92/jre/lib/amd64/libnio.so
7f6ba3afb000-7f6ba3afc000 ---p 00000000 00:00 0 
7f6ba3afc000-7f6ba3bfc000 rw-p 00000000 00:00 0 
7f6ba3bfc000-7f6ba3bff000 ---p 00000000 00:00 0 
7f6ba3bff000-7f6ba3cfd000 rw-p 00000000 00:00 0 
7f6ba3cfd000-7f6ba3d00000 ---p 00000000 00:00 0 
7f6ba3d00000-7f6ba3dfe000 rw-p 00000000 00:00 0 
7f6ba3dfe000-7f6ba3e01000 ---p 00000000 00:00 0 
7f6ba3e01000-7f6ba3eff000 rw-p 00000000 00:00 0 
7f6ba3eff000-7f6ba3f02000 ---p 00000000 00:00 0 
7f6ba3f02000-7f6ba4000000 rw-p 00000000 00:00 0 
7f6ba4000000-7f6ba4021000 rw-p 00000000 00:00 0 
7f6ba4021000-7f6ba8000000 ---p 00000000 00:00 0 
7f6ba8000000-7f6ba8021000 rw-p 00000000 00:00 0 
7f6ba8021000-7f6bac000000 ---p 00000000 00:00 0 
7f6bac000000-7f6bac021000 rw-p 00000000 00:00 0 
7f6bac021000-7f6bb0000000 ---p 00000000 00:00 0 
7f6bb0000000-7f6bb0021000 rw-p 00000000 00:00 0 
7f6bb0021000-7f6bb4000000 ---p 00000000 00:00 0 
7f6bb4000000-7f6bb4021000 rw-p 00000000 00:00 0 
7f6bb4021000-7f6bb8000000 ---p 00000000 00:00 0 
7f6bb8000000-7f6bb8001000 rw-s efd64000 00:06 520                        /dev/nvidia0
7f6bb8001000-7f6bb8002000 rw-s ee7241000 00:06 474                       /dev/nvidiactl
7f6bb8002000-7f6bb8006000 rw-s e03c0000 00:06 520                        /dev/nvidia0
7f6bb8006000-7f6bb8007000 rw-s efd64000 00:06 520                        /dev/nvidia0
7f6bb8007000-7f6bb8008000 rw-s f3085a000 00:06 474                       /dev/nvidiactl
7f6bb8008000-7f6bb800c000 rw-s e03a0000 00:06 520                        /dev/nvidia0
7f6bb800c000-7f6bb800d000 rw-s efd64000 00:06 520                        /dev/nvidia0
7f6bb800d000-7f6bb800e000 rw-s f51ca3000 00:06 474                       /dev/nvidiactl
7f6bb800e000-7f6bb8012000 rw-s e0380000 00:06 520                        /dev/nvidia0
7f6bb8012000-7f6bb8013000 rw-s efd64000 00:06 520                        /dev/nvidia0
7f6bb8013000-7f6bb8014000 rw-s f2dc26000 00:06 474                       /dev/nvidiactl
7f6bb8014000-7f6bb8018000 rw-s e0360000 00:06 520                        /dev/nvidia0
7f6bb8018000-7f6bb8019000 rw-s efd64000 00:06 520                        /dev/nvidia0
7f6bb8019000-7f6bb801a000 rw-s f26a4f000 00:06 474                       /dev/nvidiactl
7f6bb801a000-7f6bb801e000 rw-s e0340000 00:06 520                        /dev/nvidia0
7f6bb801e000-7f6bb801f000 rw-s efd64000 00:06 520                        /dev/nvidia0
7f6bb801f000-7f6bb8023000 rw-s e0320000 00:06 520                        /dev/nvidia0
7f6bb8023000-7f6bb8046000 r--s 001ba000 09:01 23069631                   /home/willie/workspace/mlGPU/Libraries/commons-math3-3.3/commons-math3-3.3.jar
7f6bb8046000-7f6bb8077000 rw-p 00000000 00:00 0 
7f6bb8077000-7f6bb80ee000 r--s 006aa000 09:01 29098390                   /home/willie/workspace/Globus/libraries/gs-ui-1.2/gs-ui-1.2.jar
7f6bb80ee000-7f6bb80f1000 ---p 00000000 00:00 0 
7f6bb80f1000-7f6bb81ef000 rw-p 00000000 00:00 0 
7f6bb81ef000-7f6bb81f2000 ---p 00000000 00:00 0 
7f6bb81f2000-7f6bb82f0000 rw-p 00000000 00:00 0 
7f6bb82f0000-7f6bb82f3000 ---p 00000000 00:00 0 
7f6bb82f3000-7f6bb83f1000 rw-p 00000000 00:00 0 
7f6bb83f1000-7f6bb83f4000 ---p 00000000 00:00 0 
7f6bb83f4000-7f6bb84f2000 rw-p 00000000 00:00 0 
7f6bb84f2000-7f6bb84f6000 r-xp 00000000 09:01 43517770                   /opt/jdk/jdk1.8.0_92/jre/lib/amd64/libdt_socket.so
7f6bb84f6000-7f6bb86f5000 ---p 00004000 09:01 43517770                   /opt/jdk/jdk1.8.0_92/jre/lib/amd64/libdt_socket.so
7f6bb86f5000-7f6bb86f6000 rw-p 00003000 09:01 43517770                   /opt/jdk/jdk1.8.0_92/jre/lib/amd64/libdt_socket.so
7f6bb86f6000-7f6bb86f9000 ---p 00000000 00:00 0 
7f6bb86f9000-7f6bb87f7000 rw-p 00000000 00:00 0 
7f6bb87f7000-7f6bb87fa000 ---p 00000000 00:00 0 
7f6bb87fa000-7f6bb88f8000 rw-p 00000000 00:00 0 
7f6bb88f8000-7f6bb88fb000 ---p 00000000 00:00 0 
7f6bb88fb000-7f6bb89f9000 rw-p 00000000 00:00 0 
7f6bb89f9000-7f6bb89fa000 ---p 00000000 00:00 0 
7f6bb89fa000-7f6bbc000000 rw-p 00000000 00:00 0 
7f6bbc000000-7f6bbc021000 rw-p 00000000 00:00 0 
7f6bbc021000-7f6bc0000000 ---p 00000000 00:00 0 
7f6bc0000000-7f6bc0001000 rw-s f31401000 00:06 474                       /dev/nvidiactl
7f6bc0001000-7f6bc0002000 rw-s efd63000 00:06 520                        /dev/nvidia0
7f6bc0002000-7f6bc0003000 rw-s f33089000 00:06 474                       /dev/nvidiactl
7f6bc0003000-7f6bc0007000 rw-s e0300000 00:06 520                        /dev/nvidia0
7f6bc0007000-7f6bc0008000 rw-s efd63000 00:06 520                        /dev/nvidia0
7f6bc0008000-7f6bc0009000 rw-s f303f4000 00:06 474                       /dev/nvidiactl
7f6bc0009000-7f6bc000d000 rw-s e02e0000 00:06 520                        /dev/nvidia0
7f6bc000d000-7f6bc000e000 rw-s efd63000 00:06 520                        /dev/nvidia0
7f6bc000e000-7f6bc000f000 rw-s f3077d000 00:06 474                       /dev/nvidiactl
7f6bc000f000-7f6bc0013000 rw-s e02c0000 00:06 520                        /dev/nvidia0
7f6bc0013000-7f6bc0014000 rw-s efd63000 00:06 520                        /dev/nvidia0
7f6bc0014000-7f6bc0015000 rw-s f239aa000 00:06 474                       /dev/nvidiactl
7f6bc0015000-7f6bc0019000 rw-s e02a0000 00:06 520                        /dev/nvidia0
7f6bc0019000-7f6bc001a000 rw-s efd63000 00:06 520                        /dev/nvidia0
7f6bc001a000-7f6bc001e000 rw-s e0280000 00:06 520                        /dev/nvidia0
7f6bc001e000-7f6bc0d11000 rw-p 00000000 00:00 0 
7f6bc0d11000-7f6bc0eea000 r--s 03d24000 09:01 43517598                   /opt/jdk/jdk1.8.0_92/jre/lib/rt.jar
7f6bc0eea000-7f6bc15a0000 rw-p 00000000 00:00 0 
7f6bc15a0000-7f6bc1760000 ---p 00000000 00:00 0 
7f6bc1760000-7f6bc189b000 rw-p 00000000 00:00 0 
7f6bc189b000-7f6bc189c000 ---p 00000000 00:00 0 
7f6bc189c000-7f6bc199c000 rw-p 00000000 00:00 0 
7f6bc199c000-7f6bc199d000 ---p 00000000 00:00 0 
7f6bc199d000-7f6bc1a9d000 rw-p 00000000 00:00 0 
7f6bc1a9d000-7f6bc1a9e000 ---p 00000000 00:00 0 
7f6bc1a9e000-7f6bc1f8d000 rw-p 00000000 00:00 0 
7f6bc1f8d000-7f6bc3092000 ---p 00000000 00:00 0 
7f6bc3092000-7f6bc3481000 rw-p 00000000 00:00 0 
7f6bc3481000-7f6bc4585000 ---p 00000000 00:00 0 
7f6bc4585000-7f6bc4906000 rw-p 00000000 00:00 0 
7f6bc4906000-7f6bc4fff000 ---p 00000000 00:00 0 
7f6bc4fff000-7f6bc5000000 rw-p 00000000 00:00 0 
7f6bc5000000-7f6bc5530000 rwxp 00000000 00:00 0 
7f6bc5530000-7f6bd4000000 ---p 00000000 00:00 0 
7f6bd4000000-7f6bd7fcc000 rw-p 00000000 00:00 0 
7f6bd7fcc000-7f6bd8000000 ---p 00000000 00:00 0 
7f6bd8000000-7f6bd8001000 rw-s f234f1000 00:06 474                       /dev/nvidiactl
7f6bd8001000-7f6bd8002000 rw-s efd63000 00:06 520                        /dev/nvidia0
7f6bd8002000-7f6bd8003000 rw-s f268a3000 00:06 474                       /dev/nvidiactl
7f6bd8003000-7f6bd8007000 rw-s e0260000 00:06 520                        /dev/nvidia0
7f6bd8007000-7f6bd8008000 rw-s efd63000 00:06 520                        /dev/nvidia0
7f6bd8008000-7f6bd8009000 rw-s f23c8c000 00:06 474                       /dev/nvidiactl
7f6bd8009000-7f6bd8017000 r--s 000cb000 09:01 29098380                   /home/willie/workspace/Globus/libraries/gs-core-1.2/gs-core-1.2.jar
7f6bd8017000-7f6bd8018000 ---p 00000000 00:00 0 
7f6bd8018000-7f6bd8118000 rw-p 00000000 00:00 0 
7f6bd8118000-7f6bd8119000 ---p 00000000 00:00 0 
7f6bd8119000-7f6bd8219000 rw-p 00000000 00:00 0 
7f6bd8219000-7f6bd821a000 ---p 00000000 00:00 0 
7f6bd821a000-7f6bd831a000 rw-p 00000000 00:00 0 
7f6bd831a000-7f6bd831b000 ---p 00000000 00:00 0 
7f6bd831b000-7f6bd841b000 rw-p 00000000 00:00 0 
7f6bd841b000-7f6bd841c000 ---p 00000000 00:00 0 
7f6bd841c000-7f6bd851c000 rw-p 00000000 00:00 0 
7f6bd851c000-7f6bd851d000 ---p 00000000 00:00 0 
7f6bd851d000-7f6bd861d000 rw-p 00000000 00:00 0 
7f6bd861d000-7f6bd861e000 ---p 00000000 00:00 0 
7f6bd861e000-7f6bd8733000 rw-p 00000000 00:00 0 
7f6bd8733000-7f6bd8ade000 ---p 00000000 00:00 0 
7f6bd8ade000-7f6bd8af8000 r-xp 00000000 09:01 43517800                   /opt/jdk/jdk1.8.0_92/jre/lib/amd64/libzip.so
7f6bd8af8000-7f6bd8cf8000 ---p 0001a000 09:01 43517800                   /opt/jdk/jdk1.8.0_92/jre/lib/amd64/libzip.so
7f6bd8cf8000-7f6bd8cf9000 rw-p 0001a000 09:01 43517800                   /opt/jdk/jdk1.8.0_92/jre/lib/amd64/libzip.so
7f6bd8cf9000-7f6bd8d03000 r-xp 00000000 09:01 17826018                   /lib/x86_64-linux-gnu/libnss_files-2.19.so
7f6bd8d03000-7f6bd8f02000 ---p 0000a000 09:01 17826018                   /lib/x86_64-linux-gnu/libnss_files-2.19.so
7f6bd8f02000-7f6bd8f03000 r--p 00009000 09:01 17826018                   /lib/x86_64-linux-gnu/libnss_files-2.19.so
7f6bd8f03000-7f6bd8f04000 rw-p 0000a000 09:01 17826018                   /lib/x86_64-linux-gnu/libnss_files-2.19.so
7f6bd8f04000-7f6bd8f0f000 r-xp 00000000 09:01 17825978                   /lib/x86_64-linux-gnu/libnss_nis-2.19.so
7f6bd8f0f000-7f6bd910e000 ---p 0000b000 09:01 17825978                   /lib/x86_64-linux-gnu/libnss_nis-2.19.so
7f6bd910e000-7f6bd910f000 r--p 0000a000 09:01 17825978                   /lib/x86_64-linux-gnu/libnss_nis-2.19.so
7f6bd910f000-7f6bd9110000 rw-p 0000b000 09:01 17825978                   /lib/x86_64-linux-gnu/libnss_nis-2.19.so
7f6bd9110000-7f6bd9127000 r-xp 00000000 09:01 17825968                   /lib/x86_64-linux-gnu/libnsl-2.19.so
7f6bd9127000-7f6bd9326000 ---p 00017000 09:01 17825968                   /lib/x86_64-linux-gnu/libnsl-2.19.so
7f6bd9326000-7f6bd9327000 r--p 00016000 09:01 17825968                   /lib/x86_64-linux-gnu/libnsl-2.19.so
7f6bd9327000-7f6bd9328000 rw-p 00017000 09:01 17825968                   /lib/x86_64-linux-gnu/libnsl-2.19.so
7f6bd9328000-7f6bd932a000 rw-p 00000000 00:00 0 
7f6bd932a000-7f6bd9333000 r-xp 00000000 09:01 17825967                   /lib/x86_64-linux-gnu/libnss_compat-2.19.so
7f6bd9333000-7f6bd9532000 ---p 00009000 09:01 17825967                   /lib/x86_64-linux-gnu/libnss_compat-2.19.so
7f6bd9532000-7f6bd9533000 r--p 00008000 09:01 17825967                   /lib/x86_64-linux-gnu/libnss_compat-2.19.so
7f6bd9533000-7f6bd9534000 rw-p 00009000 09:01 17825967                   /lib/x86_64-linux-gnu/libnss_compat-2.19.so
7f6bd9534000-7f6bd97fd000 r--p 00000000 09:01 17568210                   /usr/lib/locale/locale-archive
7f6bd97fd000-7f6bd97ff000 r-xp 00000000 09:01 43517771                   /opt/jdk/jdk1.8.0_92/jre/lib/amd64/libnpt.so
7f6bd97ff000-7f6bd99ff000 ---p 00002000 09:01 43517771                   /opt/jdk/jdk1.8.0_92/jre/lib/amd64/libnpt.so
7f6bd99ff000-7f6bd9a00000 rw-p 00002000 09:01 43517771                   /opt/jdk/jdk1.8.0_92/jre/lib/amd64/libnpt.so
7f6bd9a00000-7f6bd9a39000 r-xp 00000000 09:01 43517789                   /opt/jdk/jdk1.8.0_92/jre/lib/amd64/libjdwp.so
7f6bd9a39000-7f6bd9c38000 ---p 00039000 09:01 43517789                   /opt/jdk/jdk1.8.0_92/jre/lib/amd64/libjdwp.so
7f6bd9c38000-7f6bd9c3a000 rw-p 00038000 09:01 43517789                   /opt/jdk/jdk1.8.0_92/jre/lib/amd64/libjdwp.so
7f6bd9c3a000-7f6bd9c64000 r-xp 00000000 09:01 43517795                   /opt/jdk/jdk1.8.0_92/jre/lib/amd64/libjava.so
7f6bd9c64000-7f6bd9e64000 ---p 0002a000 09:01 43517795                   /opt/jdk/jdk1.8.0_92/jre/lib/amd64/libjava.so
7f6bd9e64000-7f6bd9e66000 rw-p 0002a000 09:01 43517795                   /opt/jdk/jdk1.8.0_92/jre/lib/amd64/libjava.so
7f6bd9e66000-7f6bd9e73000 r-xp 00000000 09:01 43517799                   /opt/jdk/jdk1.8.0_92/jre/lib/amd64/libverify.so
7f6bd9e73000-7f6bda073000 ---p 0000d000 09:01 43517799                   /opt/jdk/jdk1.8.0_92/jre/lib/amd64/libverify.so
7f6bda073000-7f6bda075000 rw-p 0000d000 09:01 43517799                   /opt/jdk/jdk1.8.0_92/jre/lib/amd64/libverify.so
7f6bda075000-7f6bda07c000 r-xp 00000000 09:01 17826014                   /lib/x86_64-linux-gnu/librt-2.19.so
7f6bda07c000-7f6bda27b000 ---p 00007000 09:01 17826014                   /lib/x86_64-linux-gnu/librt-2.19.so
7f6bda27b000-7f6bda27c000 r--p 00006000 09:01 17826014                   /lib/x86_64-linux-gnu/librt-2.19.so
7f6bda27c000-7f6bda27d000 rw-p 00007000 09:01 17826014                   /lib/x86_64-linux-gnu/librt-2.19.so
7f6bda27d000-7f6bda382000 r-xp 00000000 09:01 17825945                   /lib/x86_64-linux-gnu/libm-2.19.so
7f6bda382000-7f6bda581000 ---p 00105000 09:01 17825945                   /lib/x86_64-linux-gnu/libm-2.19.so
7f6bda581000-7f6bda582000 r--p 00104000 09:01 17825945                   /lib/x86_64-linux-gnu/libm-2.19.so
7f6bda582000-7f6bda583000 rw-p 00105000 09:01 17825945                   /lib/x86_64-linux-gnu/libm-2.19.so
7f6bda583000-7f6bdb246000 r-xp 00000000 09:01 43517778                   /opt/jdk/jdk1.8.0_92/jre/lib/amd64/server/libjvm.so
7f6bdb246000-7f6bdb445000 ---p 00cc3000 09:01 43517778                   /opt/jdk/jdk1.8.0_92/jre/lib/amd64/server/libjvm.so
7f6bdb445000-7f6bdb51e000 rw-p 00cc2000 09:01 43517778                   /opt/jdk/jdk1.8.0_92/jre/lib/amd64/server/libjvm.so
7f6bdb51e000-7f6bdb569000 rw-p 00000000 00:00 0 
7f6bdb569000-7f6bdb723000 r-xp 00000000 09:01 17826015                   /lib/x86_64-linux-gnu/libc-2.19.so
7f6bdb723000-7f6bdb923000 ---p 001ba000 09:01 17826015                   /lib/x86_64-linux-gnu/libc-2.19.so
7f6bdb923000-7f6bdb927000 r--p 001ba000 09:01 17826015                   /lib/x86_64-linux-gnu/libc-2.19.so
7f6bdb927000-7f6bdb929000 rw-p 001be000 09:01 17826015                   /lib/x86_64-linux-gnu/libc-2.19.so
7f6bdb929000-7f6bdb92e000 rw-p 00000000 00:00 0 
7f6bdb92e000-7f6bdb931000 r-xp 00000000 09:01 17825949                   /lib/x86_64-linux-gnu/libdl-2.19.so
7f6bdb931000-7f6bdbb30000 ---p 00003000 09:01 17825949                   /lib/x86_64-linux-gnu/libdl-2.19.so
7f6bdbb30000-7f6bdbb31000 r--p 00002000 09:01 17825949                   /lib/x86_64-linux-gnu/libdl-2.19.so
7f6bdbb31000-7f6bdbb32000 rw-p 00003000 09:01 17825949                   /lib/x86_64-linux-gnu/libdl-2.19.so
7f6bdbb32000-7f6bdbb47000 r-xp 00000000 09:01 43517413                   /opt/jdk/jdk1.8.0_92/lib/amd64/jli/libjli.so
7f6bdbb47000-7f6bdbd47000 ---p 00015000 09:01 43517413                   /opt/jdk/jdk1.8.0_92/lib/amd64/jli/libjli.so
7f6bdbd47000-7f6bdbd48000 rw-p 00015000 09:01 43517413                   /opt/jdk/jdk1.8.0_92/lib/amd64/jli/libjli.so
7f6bdbd48000-7f6bdbd61000 r-xp 00000000 09:01 17825971                   /lib/x86_64-linux-gnu/libpthread-2.19.so
7f6bdbd61000-7f6bdbf60000 ---p 00019000 09:01 17825971                   /lib/x86_64-linux-gnu/libpthread-2.19.so
7f6bdbf60000-7f6bdbf61000 r--p 00018000 09:01 17825971                   /lib/x86_64-linux-gnu/libpthread-2.19.so
7f6bdbf61000-7f6bdbf62000 rw-p 00019000 09:01 17825971                   /lib/x86_64-linux-gnu/libpthread-2.19.so
7f6bdbf62000-7f6bdbf66000 rw-p 00000000 00:00 0 
7f6bdbf66000-7f6bdbf89000 r-xp 00000000 09:01 17825972                   /lib/x86_64-linux-gnu/ld-2.19.so
7f6bdbf89000-7f6bdbf8d000 rw-s e0240000 00:06 520                        /dev/nvidia0
7f6bdbf8d000-7f6bdbf91000 rw-s e0220000 00:06 520                        /dev/nvidia0
7f6bdbf91000-7f6bdc063000 rw-p 00000000 00:00 0 
7f6bdc063000-7f6bdc066000 ---p 00000000 00:00 0 
7f6bdc066000-7f6bdc168000 rw-p 00000000 00:00 0 
7f6bdc168000-7f6bdc169000 rw-s efd63000 00:06 520                        /dev/nvidia0
7f6bdc169000-7f6bdc16a000 rw-s 1001471000 00:06 474                      /dev/nvidiactl
7f6bdc16a000-7f6bdc16b000 r--s 00008000 09:01 23068987                   /home/willie/libraries/JCuda-All-0.7.5-bin-Linux-x86_64/jcusparse-0.7.5.jar
7f6bdc16b000-7f6bdc16f000 r--s 0001d000 09:01 23068983                   /home/willie/libraries/JCuda-All-0.7.5-bin-Linux-x86_64/jcuda-0.7.5.jar
7f6bdc16f000-7f6bdc171000 r--s 00006000 09:01 23068982                   /home/willie/libraries/JCuda-All-0.7.5-bin-Linux-x86_64/jcublas-0.7.5.jar
7f6bdc171000-7f6bdc175000 r--s 00097000 09:01 43517650                   /opt/jdk/jdk1.8.0_92/jre/lib/jsse.jar
7f6bdc175000-7f6bdc17c000 r--s 00047000 09:01 29098433                   /home/willie/workspace/Globus/libraries/gs-algo-1.2/gs-algo-1.2.jar
7f6bdc17c000-7f6bdc184000 rw-s 00000000 09:01 29098255                   /tmp/hsperfdata_willie/5276
7f6bdc184000-7f6bdc185000 rw-p 00000000 00:00 0 
7f6bdc185000-7f6bdc186000 r--p 00000000 00:00 0 
7f6bdc186000-7f6bdc188000 rw-p 00000000 00:00 0 
7f6bdc188000-7f6bdc189000 r--p 00022000 09:01 17825972                   /lib/x86_64-linux-gnu/ld-2.19.so
7f6bdc189000-7f6bdc18a000 rw-p 00023000 09:01 17825972                   /lib/x86_64-linux-gnu/ld-2.19.so
7f6bdc18a000-7f6bdc18b000 rw-p 00000000 00:00 0 
7ffff6581000-7ffff65a2000 rw-p 00000000 00:00 0                          [stack]
7ffff65a4000-7ffff65a6000 r--p 00000000 00:00 0                          [vvar]
7ffff65a6000-7ffff65a8000 r-xp 00000000 00:00 0                          [vdso]
ffffffffff600000-ffffffffff601000 r-xp 00000000 00:00 0                  [vsyscall]

VM Arguments:
jvm_args: -agentlib:jdwp=transport=dt_socket,suspend=y,address=localhost:36010 -Djava.library.path=/home/willie/libraries/JCuda-All-0.7.5-bin-Linux-x86_64:/home/willie/libraries/JCuda-All-0.7.5-bin-Linux-x86_64:/home/willie/libraries/JCuda-All-0.7.5-bin-Linux-x86_64 -Dfile.encoding=UTF-8 
java_command: userSrcDstPrediction.EnsembleNeuralNetwork
java_class_path (initial): /home/willie/workspace/Globus/bin:/home/willie/workspace/Globus/libraries/gs-algo-1.2/gs-algo-1.2.jar:/home/willie/workspace/Globus/libraries/gs-core-1.2/gs-core-1.2.jar:/home/willie/workspace/Globus/libraries/gs-ui-1.2/gs-ui-1.2.jar:/home/willie/workspace/mlGPU/bin:/home/willie/workspace/mlGPU/Libraries/commons-math3-3.3/commons-math3-3.3.jar:/home/willie/libraries/JCuda-All-0.7.5-bin-Linux-x86_64/jcublas-0.7.5.jar:/home/willie/libraries/JCuda-All-0.7.5-bin-Linux-x86_64/jcuda-0.7.5.jar:/home/willie/libraries/JCuda-All-0.7.5-bin-Linux-x86_64/jcusparse-0.7.5.jar
Launcher Type: SUN_STANDARD

Environment Variables:
PATH=/usr/local/sbin:/usr/local/bin:/usr/sbin:/usr/bin:/sbin:/bin:/usr/games:/usr/local/games:/usr/local/cuda-7.5/lib64:/usr/local/cuda-7.5/bin:/usr/lib:/usr/lib/llvm-3.8/include:/usr/include/cudnn-7.5/lib64:/opt/jdk/jdk1.8.0_92/include
LD_LIBRARY_PATH=/usr/local/cuda-7.5/lib64:/usr/local/cuda-7.5/bin:/usr/lib/llvm-3.8/include:/usr/include/cudnn-7.5/lib64:/home/willie/libraries/caffe/build/lib:/opt/jdk/jdk1.8.0_92/include
SHELL=/bin/bash
DISPLAY=:0.0

Signal Handlers:
SIGSEGV: [libjvm.so+0xabdee0], sa_mask[0]=11111111011111111101111111111110, sa_flags=SA_RESTART|SA_SIGINFO
SIGBUS: [libjvm.so+0xabdee0], sa_mask[0]=11111111011111111101111111111110, sa_flags=SA_RESTART|SA_SIGINFO
SIGFPE: [libjvm.so+0x91a580], sa_mask[0]=11111111011111111101111111111110, sa_flags=SA_RESTART|SA_SIGINFO
SIGPIPE: [libjvm.so+0x91a580], sa_mask[0]=11111111011111111101111111111110, sa_flags=SA_RESTART|SA_SIGINFO
SIGXFSZ: [libjvm.so+0x91a580], sa_mask[0]=11111111011111111101111111111110, sa_flags=SA_RESTART|SA_SIGINFO
SIGILL: [libjvm.so+0x91a580], sa_mask[0]=11111111011111111101111111111110, sa_flags=SA_RESTART|SA_SIGINFO
SIGUSR1: SIG_DFL, sa_mask[0]=00000000000000000000000000000000, sa_flags=none
SIGUSR2: [libjvm.so+0x91bbb0], sa_mask[0]=00100000000000000000000000000000, sa_flags=SA_RESTART|SA_SIGINFO
SIGHUP: [libjvm.so+0x91cfb0], sa_mask[0]=11111111011111111101111111111110, sa_flags=SA_RESTART|SA_SIGINFO
SIGINT: [libjvm.so+0x91cfb0], sa_mask[0]=11111111011111111101111111111110, sa_flags=SA_RESTART|SA_SIGINFO
SIGTERM: [libjvm.so+0x91cfb0], sa_mask[0]=11111111011111111101111111111110, sa_flags=SA_RESTART|SA_SIGINFO
SIGQUIT: [libjvm.so+0x91cfb0], sa_mask[0]=11111111011111111101111111111110, sa_flags=SA_RESTART|SA_SIGINFO


---------------  S Y S T E M  ---------------

OS:DISTRIB_ID=Ubuntu
DISTRIB_RELEASE=14.04
DISTRIB_CODENAME=trusty
DISTRIB_DESCRIPTION="Ubuntu 14.04.4 LTS"

uname:Linux 4.2.0-38-generic #45~14.04.1-Ubuntu SMP Thu Jun 9 09:27:51 UTC 2016 x86_64
libc:glibc 2.19 NPTL 2.19 
rlimit: STACK 8192k, CORE 0k, NPROC 257331, NOFILE 4096, AS infinity
load average:3.01 2.49 2.40

/proc/meminfo:
MemTotal:       65899720 kB
MemFree:        53562408 kB
MemAvailable:   55986732 kB
Buffers:          172020 kB
Cached:          2413724 kB
SwapCached:            0 kB
Active:         10428408 kB
Inactive:        1291716 kB
Active(anon):    9135540 kB
Inactive(anon):    63308 kB
Active(file):    1292868 kB
Inactive(file):  1228408 kB
Unevictable:          32 kB
Mlocked:              32 kB
SwapTotal:      67382268 kB
SwapFree:       67382268 kB
Dirty:                76 kB
Writeback:             0 kB
AnonPages:       9134464 kB
Mapped:           478272 kB
Shmem:             64436 kB
Slab:             198352 kB
SReclaimable:     143980 kB
SUnreclaim:        54372 kB
KernelStack:       12304 kB
PageTables:        49396 kB
NFS_Unstable:          0 kB
Bounce:                0 kB
WritebackTmp:          0 kB
CommitLimit:    100332128 kB
Committed_AS:   13939188 kB
VmallocTotal:   34359738367 kB
VmallocUsed:      440236 kB
VmallocChunk:   34358945788 kB
HardwareCorrupted:     0 kB
AnonHugePages:   6522880 kB
CmaTotal:              0 kB
CmaFree:               0 kB
HugePages_Total:       0
HugePages_Free:        0
HugePages_Rsvd:        0
HugePages_Surp:        0
Hugepagesize:       2048 kB
DirectMap4k:      395368 kB
DirectMap2M:    10012672 kB
DirectMap1G:    58720256 kB


CPU:total 12 (6 cores per cpu, 2 threads per core) family 6 model 63 stepping 2, cmov, cx8, fxsr, mmx, sse, sse2, sse3, ssse3, sse4.1, sse4.2, popcnt, avx, avx2, aes, clmul, erms, lzcnt, ht, tsc, tscinvbit, bmi1, bmi2

/proc/cpuinfo:
processor	: 0
vendor_id	: GenuineIntel
cpu family	: 6
model		: 63
model name	: Intel(R) Core(TM) i7-5930K CPU @ 3.50GHz
stepping	: 2
microcode	: 0x27
cpu MHz		: 1199.980
cache size	: 15360 KB
physical id	: 0
siblings	: 12
core id		: 0
cpu cores	: 6
apicid		: 0
initial apicid	: 0
fpu		: yes
fpu_exception	: yes
cpuid level	: 15
wp		: yes
flags		: fpu vme de pse tsc msr pae mce cx8 apic sep mtrr pge mca cmov pat pse36 clflush dts acpi mmx fxsr sse sse2 ss ht tm pbe syscall nx pdpe1gb rdtscp lm constant_tsc arch_perfmon pebs bts rep_good nopl xtopology nonstop_tsc aperfmperf eagerfpu pni pclmulqdq dtes64 monitor ds_cpl vmx est tm2 ssse3 fma cx16 xtpr pdcm pcid dca sse4_1 sse4_2 x2apic movbe popcnt tsc_deadline_timer aes xsave avx f16c rdrand lahf_lm abm ida arat epb pln pts dtherm tpr_shadow vnmi flexpriority ept vpid fsgsbase tsc_adjust bmi1 avx2 smep bmi2 erms invpcid cqm xsaveopt cqm_llc cqm_occup_llc
bugs		:
bogomips	: 6984.16
clflush size	: 64
cache_alignment	: 64
address sizes	: 46 bits physical, 48 bits virtual
power management:

processor	: 1
vendor_id	: GenuineIntel
cpu family	: 6
model		: 63
model name	: Intel(R) Core(TM) i7-5930K CPU @ 3.50GHz
stepping	: 2
microcode	: 0x27
cpu MHz		: 1199.980
cache size	: 15360 KB
physical id	: 0
siblings	: 12
core id		: 1
cpu cores	: 6
apicid		: 2
initial apicid	: 2
fpu		: yes
fpu_exception	: yes
cpuid level	: 15
wp		: yes
flags		: fpu vme de pse tsc msr pae mce cx8 apic sep mtrr pge mca cmov pat pse36 clflush dts acpi mmx fxsr sse sse2 ss ht tm pbe syscall nx pdpe1gb rdtscp lm constant_tsc arch_perfmon pebs bts rep_good nopl xtopology nonstop_tsc aperfmperf eagerfpu pni pclmulqdq dtes64 monitor ds_cpl vmx est tm2 ssse3 fma cx16 xtpr pdcm pcid dca sse4_1 sse4_2 x2apic movbe popcnt tsc_deadline_timer aes xsave avx f16c rdrand lahf_lm abm ida arat epb pln pts dtherm tpr_shadow vnmi flexpriority ept vpid fsgsbase tsc_adjust bmi1 avx2 smep bmi2 erms invpcid cqm xsaveopt cqm_llc cqm_occup_llc
bugs		:
bogomips	: 6984.16
clflush size	: 64
cache_alignment	: 64
address sizes	: 46 bits physical, 48 bits virtual
power management:

processor	: 2
vendor_id	: GenuineIntel
cpu family	: 6
model		: 63
model name	: Intel(R) Core(TM) i7-5930K CPU @ 3.50GHz
stepping	: 2
microcode	: 0x27
cpu MHz		: 3623.183
cache size	: 15360 KB
physical id	: 0
siblings	: 12
core id		: 2
cpu cores	: 6
apicid		: 4
initial apicid	: 4
fpu		: yes
fpu_exception	: yes
cpuid level	: 15
wp		: yes
flags		: fpu vme de pse tsc msr pae mce cx8 apic sep mtrr pge mca cmov pat pse36 clflush dts acpi mmx fxsr sse sse2 ss ht tm pbe syscall nx pdpe1gb rdtscp lm constant_tsc arch_perfmon pebs bts rep_good nopl xtopology nonstop_tsc aperfmperf eagerfpu pni pclmulqdq dtes64 monitor ds_cpl vmx est tm2 ssse3 fma cx16 xtpr pdcm pcid dca sse4_1 sse4_2 x2apic movbe popcnt tsc_deadline_timer aes xsave avx f16c rdrand lahf_lm abm ida arat epb pln pts dtherm tpr_shadow vnmi flexpriority ept vpid fsgsbase tsc_adjust bmi1 avx2 smep bmi2 erms invpcid cqm xsaveopt cqm_llc cqm_occup_llc
bugs		:
bogomips	: 6984.16
clflush size	: 64
cache_alignment	: 64
address sizes	: 46 bits physical, 48 bits virtual
power management:

processor	: 3
vendor_id	: GenuineIntel
cpu family	: 6
model		: 63
model name	: Intel(R) Core(TM) i7-5930K CPU @ 3.50GHz
stepping	: 2
microcode	: 0x27
cpu MHz		: 3678.281
cache size	: 15360 KB
physical id	: 0
siblings	: 12
core id		: 3
cpu cores	: 6
apicid		: 6
initial apicid	: 6
fpu		: yes
fpu_exception	: yes
cpuid level	: 15
wp		: yes
flags		: fpu vme de pse tsc msr pae mce cx8 apic sep mtrr pge mca cmov pat pse36 clflush dts acpi mmx fxsr sse sse2 ss ht tm pbe syscall nx pdpe1gb rdtscp lm constant_tsc arch_perfmon pebs bts rep_good nopl xtopology nonstop_tsc aperfmperf eagerfpu pni pclmulqdq dtes64 monitor ds_cpl vmx est tm2 ssse3 fma cx16 xtpr pdcm pcid dca sse4_1 sse4_2 x2apic movbe popcnt tsc_deadline_timer aes xsave avx f16c rdrand lahf_lm abm ida arat epb pln pts dtherm tpr_shadow vnmi flexpriority ept vpid fsgsbase tsc_adjust bmi1 avx2 smep bmi2 erms invpcid cqm xsaveopt cqm_llc cqm_occup_llc
bugs		:
bogomips	: 6984.16
clflush size	: 64
cache_alignment	: 64
address sizes	: 46 bits physical, 48 bits virtual
power management:

processor	: 4
vendor_id	: GenuineIntel
cpu family	: 6
model		: 63
model name	: Intel(R) Core(TM) i7-5930K CPU @ 3.50GHz
stepping	: 2
microcode	: 0x27
cpu MHz		: 1199.980
cache size	: 15360 KB
physical id	: 0
siblings	: 12
core id		: 4
cpu cores	: 6
apicid		: 8
initial apicid	: 8
fpu		: yes
fpu_exception	: yes
cpuid level	: 15
wp		: yes
flags		: fpu vme de pse tsc msr pae mce cx8 apic sep mtrr pge mca cmov pat pse36 clflush dts acpi mmx fxsr sse sse2 ss ht tm pbe syscall nx pdpe1gb rdtscp lm constant_tsc arch_perfmon pebs bts rep_good nopl xtopology nonstop_tsc aperfmperf eagerfpu pni pclmulqdq dtes64 monitor ds_cpl vmx est tm2 ssse3 fma cx16 xtpr pdcm pcid dca sse4_1 sse4_2 x2apic movbe popcnt tsc_deadline_timer aes xsave avx f16c rdrand lahf_lm abm ida arat epb pln pts dtherm tpr_shadow vnmi flexpriority ept vpid fsgsbase tsc_adjust bmi1 avx2 smep bmi2 erms invpcid cqm xsaveopt cqm_llc cqm_occup_llc
bugs		:
bogomips	: 6984.16
clflush size	: 64
cache_alignment	: 64
address sizes	: 46 bits physical, 48 bits virtual
power management:

processor	: 5
vendor_id	: GenuineIntel
cpu family	: 6
model		: 63
model name	: Intel(R) Core(TM) i7-5930K CPU @ 3.50GHz
stepping	: 2
microcode	: 0x27
cpu MHz		: 1199.980
cache size	: 15360 KB
physical id	: 0
siblings	: 12
core id		: 5
cpu cores	: 6
apicid		: 10
initial apicid	: 10
fpu		: yes
fpu_exception	: yes
cpuid level	: 15
wp		: yes
flags		: fpu vme de pse tsc msr pae mce cx8 apic sep mtrr pge mca cmov pat pse36 clflush dts acpi mmx fxsr sse sse2 ss ht tm pbe syscall nx pdpe1gb rdtscp lm constant_tsc arch_perfmon pebs bts rep_good nopl xtopology nonstop_tsc aperfmperf eagerfpu pni pclmulqdq dtes64 monitor ds_cpl vmx est tm2 ssse3 fma cx16 xtpr pdcm pcid dca sse4_1 sse4_2 x2apic movbe popcnt tsc_deadline_timer aes xsave avx f16c rdrand lahf_lm abm ida arat epb pln pts dtherm tpr_shadow vnmi flexpriority ept vpid fsgsbase tsc_adjust bmi1 avx2 smep bmi2 erms invpcid cqm xsaveopt cqm_llc cqm_occup_llc
bugs		:
bogomips	: 6984.16
clflush size	: 64
cache_alignment	: 64
address sizes	: 46 bits physical, 48 bits virtual
power management:

processor	: 6
vendor_id	: GenuineIntel
cpu family	: 6
model		: 63
model name	: Intel(R) Core(TM) i7-5930K CPU @ 3.50GHz
stepping	: 2
microcode	: 0x27
cpu MHz		: 1379.492
cache size	: 15360 KB
physical id	: 0
siblings	: 12
core id		: 0
cpu cores	: 6
apicid		: 1
initial apicid	: 1
fpu		: yes
fpu_exception	: yes
cpuid level	: 15
wp		: yes
flags		: fpu vme de pse tsc msr pae mce cx8 apic sep mtrr pge mca cmov pat pse36 clflush dts acpi mmx fxsr sse sse2 ss ht tm pbe syscall nx pdpe1gb rdtscp lm constant_tsc arch_perfmon pebs bts rep_good nopl xtopology nonstop_tsc aperfmperf eagerfpu pni pclmulqdq dtes64 monitor ds_cpl vmx est tm2 ssse3 fma cx16 xtpr pdcm pcid dca sse4_1 sse4_2 x2apic movbe popcnt tsc_deadline_timer aes xsave avx f16c rdrand lahf_lm abm ida arat epb pln pts dtherm tpr_shadow vnmi flexpriority ept vpid fsgsbase tsc_adjust bmi1 avx2 smep bmi2 erms invpcid cqm xsaveopt cqm_llc cqm_occup_llc
bugs		:
bogomips	: 6984.16
clflush size	: 64
cache_alignment	: 64
address sizes	: 46 bits physical, 48 bits virtual
power management:

processor	: 7
vendor_id	: GenuineIntel
cpu family	: 6
model		: 63
model name	: Intel(R) Core(TM) i7-5930K CPU @ 3.50GHz
stepping	: 2
microcode	: 0x27
cpu MHz		: 1199.980
cache size	: 15360 KB
physical id	: 0
siblings	: 12
core id		: 1
cpu cores	: 6
apicid		: 3
initial apicid	: 3
fpu		: yes
fpu_exception	: yes
cpuid level	: 15
wp		: yes
flags		: fpu vme de pse tsc msr pae mce cx8 apic sep mtrr pge mca cmov pat pse36 clflush dts acpi mmx fxsr sse sse2 ss ht tm pbe syscall nx pdpe1gb rdtscp lm constant_tsc arch_perfmon pebs bts rep_good nopl xtopology nonstop_tsc aperfmperf eagerfpu pni pclmulqdq dtes64 monitor ds_cpl vmx est tm2 ssse3 fma cx16 xtpr pdcm pcid dca sse4_1 sse4_2 x2apic movbe popcnt tsc_deadline_timer aes xsave avx f16c rdrand lahf_lm abm ida arat epb pln pts dtherm tpr_shadow vnmi flexpriority ept vpid fsgsbase tsc_adjust bmi1 avx2 smep bmi2 erms invpcid cqm xsaveopt cqm_llc cqm_occup_llc
bugs		:
bogomips	: 6984.16
clflush size	: 64
cache_alignment	: 64
address sizes	: 46 bits physical, 48 bits virtual
power management:

processor	: 8
vendor_id	: GenuineIntel
cpu family	: 6
model		: 63
model name	: Intel(R) Core(TM) i7-5930K CPU @ 3.50GHz
stepping	: 2
microcode	: 0x27
cpu MHz		: 3644.921
cache size	: 15360 KB
physical id	: 0
siblings	: 12
core id		: 2
cpu cores	: 6
apicid		: 5
initial apicid	: 5
fpu		: yes
fpu_exception	: yes
cpuid level	: 15
wp		: yes
flags		: fpu vme de pse tsc msr pae mce cx8 apic sep mtrr pge mca cmov pat pse36 clflush dts acpi mmx fxsr sse sse2 ss ht tm pbe syscall nx pdpe1gb rdtscp lm constant_tsc arch_perfmon pebs bts rep_good nopl xtopology nonstop_tsc aperfmperf eagerfpu pni pclmulqdq dtes64 monitor ds_cpl vmx est tm2 ssse3 fma cx16 xtpr pdcm pcid dca sse4_1 sse4_2 x2apic movbe popcnt tsc_deadline_timer aes xsave avx f16c rdrand lahf_lm abm ida arat epb pln pts dtherm tpr_shadow vnmi flexpriority ept vpid fsgsbase tsc_adjust bmi1 avx2 smep bmi2 erms invpcid cqm xsaveopt cqm_llc cqm_occup_llc
bugs		:
bogomips	: 6984.16
clflush size	: 64
cache_alignment	: 64
address sizes	: 46 bits physical, 48 bits virtual
power management:

processor	: 9
vendor_id	: GenuineIntel
cpu family	: 6
model		: 63
model name	: Intel(R) Core(TM) i7-5930K CPU @ 3.50GHz
stepping	: 2
microcode	: 0x27
cpu MHz		: 3606.367
cache size	: 15360 KB
physical id	: 0
siblings	: 12
core id		: 3
cpu cores	: 6
apicid		: 7
initial apicid	: 7
fpu		: yes
fpu_exception	: yes
cpuid level	: 15
wp		: yes
flags		: fpu vme de pse tsc msr pae mce cx8 apic sep mtrr pge mca cmov pat pse36 clflush dts acpi mmx fxsr sse sse2 ss ht tm pbe syscall nx pdpe1gb rdtscp lm constant_tsc arch_perfmon pebs bts rep_good nopl xtopology nonstop_tsc aperfmperf eagerfpu pni pclmulqdq dtes64 monitor ds_cpl vmx est tm2 ssse3 fma cx16 xtpr pdcm pcid dca sse4_1 sse4_2 x2apic movbe popcnt tsc_deadline_timer aes xsave avx f16c rdrand lahf_lm abm ida arat epb pln pts dtherm tpr_shadow vnmi flexpriority ept vpid fsgsbase tsc_adjust bmi1 avx2 smep bmi2 erms invpcid cqm xsaveopt cqm_llc cqm_occup_llc
bugs		:
bogomips	: 6984.16
clflush size	: 64
cache_alignment	: 64
address sizes	: 46 bits physical, 48 bits virtual
power management:

processor	: 10
vendor_id	: GenuineIntel
cpu family	: 6
model		: 63
model name	: Intel(R) Core(TM) i7-5930K CPU @ 3.50GHz
stepping	: 2
microcode	: 0x27
cpu MHz		: 1793.203
cache size	: 15360 KB
physical id	: 0
siblings	: 12
core id		: 4
cpu cores	: 6
apicid		: 9
initial apicid	: 9
fpu		: yes
fpu_exception	: yes
cpuid level	: 15
wp		: yes
flags		: fpu vme de pse tsc msr pae mce cx8 apic sep mtrr pge mca cmov pat pse36 clflush dts acpi mmx fxsr sse sse2 ss ht tm pbe syscall nx pdpe1gb rdtscp lm constant_tsc arch_perfmon pebs bts rep_good nopl xtopology nonstop_tsc aperfmperf eagerfpu pni pclmulqdq dtes64 monitor ds_cpl vmx est tm2 ssse3 fma cx16 xtpr pdcm pcid dca sse4_1 sse4_2 x2apic movbe popcnt tsc_deadline_timer aes xsave avx f16c rdrand lahf_lm abm ida arat epb pln pts dtherm tpr_shadow vnmi flexpriority ept vpid fsgsbase tsc_adjust bmi1 avx2 smep bmi2 erms invpcid cqm xsaveopt cqm_llc cqm_occup_llc
bugs		:
bogomips	: 6984.16
clflush size	: 64
cache_alignment	: 64
address sizes	: 46 bits physical, 48 bits virtual
power management:

processor	: 11
vendor_id	: GenuineIntel
cpu family	: 6
model		: 63
model name	: Intel(R) Core(TM) i7-5930K CPU @ 3.50GHz
stepping	: 2
microcode	: 0x27
cpu MHz		: 1199.980
cache size	: 15360 KB
physical id	: 0
siblings	: 12
core id		: 5
cpu cores	: 6
apicid		: 11
initial apicid	: 11
fpu		: yes
fpu_exception	: yes
cpuid level	: 15
wp		: yes
flags		: fpu vme de pse tsc msr pae mce cx8 apic sep mtrr pge mca cmov pat pse36 clflush dts acpi mmx fxsr sse sse2 ss ht tm pbe syscall nx pdpe1gb rdtscp lm constant_tsc arch_perfmon pebs bts rep_good nopl xtopology nonstop_tsc aperfmperf eagerfpu pni pclmulqdq dtes64 monitor ds_cpl vmx est tm2 ssse3 fma cx16 xtpr pdcm pcid dca sse4_1 sse4_2 x2apic movbe popcnt tsc_deadline_timer aes xsave avx f16c rdrand lahf_lm abm ida arat epb pln pts dtherm tpr_shadow vnmi flexpriority ept vpid fsgsbase tsc_adjust bmi1 avx2 smep bmi2 erms invpcid cqm xsaveopt cqm_llc cqm_occup_llc
bugs		:
bogomips	: 6984.16
clflush size	: 64
cache_alignment	: 64
address sizes	: 46 bits physical, 48 bits virtual
power management:



Memory: 4k page, physical 65899720k(53562532k free), swap 67382268k(67382268k free)

vm_info: Java HotSpot(TM) 64-Bit Server VM (25.92-b14) for linux-amd64 JRE (1.8.0_92-b14), built on Mar 31 2016 21:08:29 by "java_re" with gcc 4.3.0 20080428 (Red Hat 4.3.0-8)

time: Tue Jun 14 19:26:17 2016
elapsed time: 96 seconds (0d 0h 1m 36s)

