#
# A fatal error has been detected by the Java Runtime Environment:
#
#  SIGSEGV (0xb) at pc=0x00007f8bb801f780, pid=25895, tid=0x00007f8bbea67700
#
# JRE version: Java(TM) SE Runtime Environment (8.0_92-b14) (build 1.8.0_92-b14)
# Java VM: Java HotSpot(TM) 64-Bit Server VM (25.92-b14 mixed mode linux-amd64 compressed oops)
# Problematic frame:
# C  0x00007f8bb801f780
#
# Failed to write core dump. Core dumps have been disabled. To enable core dumping, try "ulimit -c unlimited" before starting Java again
#
# If you would like to submit a bug report, please visit:
#   http://bugreport.java.com/bugreport/crash.jsp
# The crash happened outside the Java Virtual Machine in native code.
# See problematic frame for where to report the bug.
#

---------------  T H R E A D  ---------------

Current thread (0x00007f8bb800c800):  JavaThread "main" [_thread_in_native, id=25897, stack(0x00007f8bbe967000,0x00007f8bbea68000)]

siginfo: si_signo: 11 (SIGSEGV), si_code: 2 (SEGV_ACCERR), si_addr: 0x00007f8bb801f780

Registers:
RAX=0x00007f8b09561350, RBX=0x0000000000000001, RCX=0x00007f8bbe65af1c, RDX=0x00007f8b08b265b0
RSP=0x00007f8bbea66138, RBP=0x0000000000000000, RSI=0x0000000000000000, RDI=0x00007f8bbea66158
R8 =0x00007f8b15b132c0, R9 =0x0000000000000001, R10=0x00007f8b158a62ac, R11=0x0000000000000202
R12=0x00007f8b08b265b0, R13=0x00007f8b08b265b0, R14=0x00007f8bbea661a0, R15=0x0000000000000000
RIP=0x00007f8bb801f780, EFLAGS=0x0000000000010246, CSGSFS=0x0000000000000033, ERR=0x0000000000000015
  TRAPNO=0x000000000000000e

Top of Stack: (sp=0x00007f8bbea66138)
0x00007f8bbea66138:   00007f8b158d28ba 00007f8b15b126c0
0x00007f8bbea66148:   00007f8b158d26db 0000000000000000
0x00007f8bbea66158:   0000000000000000 00000000b8249390
0x00007f8bbea66168:   0000000000000001 0000000000000000
0x00007f8bbea66178:   00007f8b08b265b0 00007f8bbea661f0
0x00007f8bbea66188:   00007f8bbea661af 0000000000000000
0x00007f8bbea66198:   00007f8b158d3256 0000000000000000
0x00007f8bbea661a8:   0000000000000001 0000000000006eca
0x00007f8bbea661b8:   0000000000000000 0000000000000008
0x00007f8bbea661c8:   0000000000000000 000000190db06e00
0x00007f8bbea661d8:   00007f8b158c6e1c 00007f8b08b2afc0
0x00007f8bbea661e8:   00007f8bbea66260 0000000000000000
0x00007f8bbea661f8:   00007f8b158af23d 0000000000000008
0x00007f8bbea66208:   0000000000000010 0000000000006eca
0x00007f8bbea66218:   00007f8b08b231c0 0000000000000000
0x00007f8bbea66228:   000000190db06e00 0000000000000008
0x00007f8bbea66238:   00007f8b158dc975 00007f8bbea663a0
0x00007f8bbea66248:   00007f8b158f2c09 00007f8b158f9927
0x00007f8bbea66258:   0000000508b231c0 0000000000000000
0x00007f8bbea66268:   00007f8bb8009c30 00007f8b5a1edef8
0x00007f8bbea66278:   0000000000000000 00007f8bbea662c0
0x00007f8bbea66288:   00007f8bbd570907 00007f8bbea66390
0x00007f8bbea66298:   0000000000006eca 0000000000000000
0x00007f8bbea662a8:   00000000ce629cfc 00007f8bbea663c0
0x00007f8bbea662b8:   00007f8bb800c800 00007f8bbea662f0
0x00007f8bbea662c8:   00007f8b158a96db 00007f8bbea663c0
0x00007f8bbea662d8:   0000000000000062 00007f8bbea66390
0x00007f8bbea662e8:   00007f8bb800c9f8 0000000000000000
0x00007f8bbea662f8:   00000000158f5927 00007f8bbea66390
0x00007f8bbea66308:   0000000000006eca 00007f8bbea66380
0x00007f8bbea66318:   0000000000000000 00000000ce629cfc
0x00007f8bbea66328:   00007f8bbea663c0 00007f8bb800c800 

Instructions: (pc=0x00007f8bb801f780)
0x00007f8bb801f760:   40 e1 01 b8 8b 7f 00 00 25 00 00 00 00 00 00 00
0x00007f8bb801f770:   73 75 6e 2e 6f 73 2e 68 72 74 2e 74 69 63 6b 73
0x00007f8bb801f780:   00 e5 01 b8 8b 7f 00 00 a1 00 00 00 00 00 00 00
0x00007f8bb801f790:   00 65 b2 08 8b 7f 00 00 50 13 56 09 8b 7f 00 00 

Register to memory mapping:

RAX=0x00007f8b09561350 is an unknown value
RBX=0x0000000000000001 is an unknown value
RCX=0x00007f8bbe65af1c: <offset 0xef1c> in /lib/x86_64-linux-gnu/libpthread.so.0 at 0x00007f8bbe64c000
RDX=0x00007f8b08b265b0 is an unknown value
RSP=0x00007f8bbea66138 is pointing into the stack for thread: 0x00007f8bb800c800
RBP=0x0000000000000000 is an unknown value
RSI=0x0000000000000000 is an unknown value
RDI=0x00007f8bbea66158 is pointing into the stack for thread: 0x00007f8bb800c800
R8 =0x00007f8b15b132c0: <offset 0x2872c0> in /home/willie/libraries/JCuda-All-0.7.5-bin-Linux-x86_64/libJCudaRuntime-linux-x86_64.so at 0x00007f8b1588c000
R9 =0x0000000000000001 is an unknown value
R10=0x00007f8b158a62ac: Java_jcuda_runtime_JCuda_cudaMemsetNative+0 in /home/willie/libraries/JCuda-All-0.7.5-bin-Linux-x86_64/libJCudaRuntime-linux-x86_64.so at 0x00007f8b1588c000
R11=0x0000000000000202 is an unknown value
R12=0x00007f8b08b265b0 is an unknown value
R13=0x00007f8b08b265b0 is an unknown value
R14=0x00007f8bbea661a0 is pointing into the stack for thread: 0x00007f8bb800c800
R15=0x0000000000000000 is an unknown value


Stack: [0x00007f8bbe967000,0x00007f8bbea68000],  sp=0x00007f8bbea66138,  free space=1020k
Native frames: (J=compiled Java code, j=interpreted, Vv=VM code, C=native code)
C  0x00007f8bb801f780

Java frames: (J=compiled Java code, j=interpreted, Vv=VM code)
J 805  jcuda.runtime.JCuda.cudaMemsetNative(Ljcuda/Pointer;IJ)I (0 bytes) @ 0x00007f8ba86cbc15 [0x00007f8ba86cbbc0+0x55]
J 860 C2 nDimensionalMatrices.FDMatrix.sendToGPU()V (80 bytes) @ 0x00007f8ba8707b14 [0x00007f8ba8707500+0x614]
J 943 C2 network.SplitFeedForwardNetwork.getOutput([LnDimensionalMatrices/Matrix;)[LnDimensionalMatrices/Matrix; (335 bytes) @ 0x00007f8ba877020c [0x00007f8ba876fd40+0x4cc]
J 927 C2 userSrcDstPrediction.EnsembleNeuralNetwork.getNthBestSrc(Ljava/lang/String;IJ)[Ljava/lang/Object; (623 bytes) @ 0x00007f8ba87935e4 [0x00007f8ba8790560+0x3084]
J 940% C2 userSrcDstPrediction.EnsembleNeuralNetwork.testHeuristic()[D (419 bytes) @ 0x00007f8ba874f510 [0x00007f8ba874f060+0x4b0]
j  userSrcDstPrediction.EnsembleNeuralNetwork.main([Ljava/lang/String;)V+0
v  ~StubRoutines::call_stub

---------------  P R O C E S S  ---------------

Java Threads: ( => current thread )
  0x00007f8b40003800 JavaThread "SIGTERM handler" daemon [_thread_blocked, id=25997, stack(0x00007f8b57453000,0x00007f8b57554000)]
  0x00007f8bb80e9800 JavaThread "Service Thread" daemon [_thread_blocked, id=25929, stack(0x00007f8b56f4e000,0x00007f8b5704f000)]
  0x00007f8bb80de000 JavaThread "C1 CompilerThread3" daemon [_thread_blocked, id=25928, stack(0x00007f8b5704f000,0x00007f8b57150000)]
  0x00007f8bb80dc000 JavaThread "C2 CompilerThread2" daemon [_thread_blocked, id=25927, stack(0x00007f8b57150000,0x00007f8b57251000)]
  0x00007f8bb80da000 JavaThread "C2 CompilerThread1" daemon [_thread_blocked, id=25926, stack(0x00007f8b57251000,0x00007f8b57352000)]
  0x00007f8bb80d7800 JavaThread "C2 CompilerThread0" daemon [_thread_blocked, id=25925, stack(0x00007f8b57352000,0x00007f8b57453000)]
  0x00007f8bb80d5000 JavaThread "JDWP Event Helper Thread" daemon [_thread_blocked, id=25920, stack(0x00007f8b57554000,0x00007f8b57655000)]
  0x00007f8bb80d1800 JavaThread "JDWP Transport Listener: dt_socket" daemon [_thread_in_native, id=25918, stack(0x00007f8b57655000,0x00007f8b57756000)]
  0x00007f8bb80c5000 JavaThread "Signal Dispatcher" daemon [_thread_blocked, id=25916, stack(0x00007f8b5795a000,0x00007f8b57a5b000)]
  0x00007f8bb8092800 JavaThread "Finalizer" daemon [_thread_blocked, id=25914, stack(0x00007f8b57a5b000,0x00007f8b57b5c000)]
  0x00007f8bb808e000 JavaThread "Reference Handler" daemon [_thread_blocked, id=25913, stack(0x00007f8b57b5c000,0x00007f8b57c5d000)]
=>0x00007f8bb800c800 JavaThread "main" [_thread_in_native, id=25897, stack(0x00007f8bbe967000,0x00007f8bbea68000)]

Other Threads:
  0x00007f8bb8086800 VMThread [stack: 0x00007f8b57c5d000,0x00007f8b57d5e000] [id=25911]

VM state:at safepoint (normal execution)

VM Mutex/Monitor currently owned by a thread:  ([mutex/lock_event])
[0x00007f8bb8008a40] Threads_lock - owner thread: 0x00007f8bb8086800

Heap:
 PSYoungGen      total 1325056K, used 228090K [0x0000000670d00000, 0x00000006df800000, 0x00000007c0000000)
  eden space 835072K, 7% used [0x0000000670d00000,0x0000000674dd7858,0x00000006a3c80000)
  from space 489984K, 32% used [0x00000006c1980000,0x00000006cb7670a0,0x00000006df800000)
  to   space 488448K, 0% used [0x00000006a3c80000,0x00000006a3c80000,0x00000006c1980000)
 ParOldGen       total 2067456K, used 1144130K [0x00000003d2600000, 0x0000000450900000, 0x0000000670d00000)
  object space 2067456K, 55% used [0x00000003d2600000,0x0000000418350980,0x0000000450900000)
 Metaspace       used 6893K, capacity 7072K, committed 7296K, reserved 1056768K
  class space    used 700K, capacity 774K, committed 896K, reserved 1048576K

Card table byte_map: [0x00007f8ba5fb3000,0x00007f8ba7f21000] byte_map_base: 0x00007f8ba4120000

Marking Bits: (ParMarkBitMap*) 0x00007f8bbde404c0
 Begin Bits: [0x00007f8b5c930000, 0x00007f8b6c498000)
 End Bits:   [0x00007f8b6c498000, 0x00007f8b7c000000)

Polling page: 0x00007f8bbea89000

CodeCache: size=245760Kb used=5429Kb max_used=5439Kb free=240330Kb
 bounds [0x00007f8ba82e1000, 0x00007f8ba8841000, 0x00007f8bb72e1000]
 total_blobs=1530 nmethods=1094 adapters=358
 compilation: enabled

Compilation events (10 events):
Event: 50.143 Thread 0x00007f8bb80de000 nmethod 1094 0x00007f8ba881f210 code [0x00007f8ba881f3a0, 0x00007f8ba881f830]
Event: 50.143 Thread 0x00007f8bb80de000 1096 %     3       java.lang.ref.Reference$ReferenceHandler::run @ 0 (8 bytes)
Event: 50.144 Thread 0x00007f8bb80de000 nmethod 1096% 0x00007f8ba881a650 code [0x00007f8ba881a7c0, 0x00007f8ba881a9c8]
Event: 50.144 Thread 0x00007f8bb80da000 1097   !   4       java.lang.ref.Reference::tryHandlePending (115 bytes)
Event: 50.149 Thread 0x00007f8bb80dc000 nmethod 1095 0x00007f8ba8821590 code [0x00007f8ba8821700, 0x00007f8ba8821cc8]
Event: 50.153 Thread 0x00007f8bb80d7800 1098 %     4       java.lang.ref.Reference$ReferenceHandler::run @ 0 (8 bytes)
Event: 50.157 Thread 0x00007f8bb80da000 nmethod 1097 0x00007f8ba8828590 code [0x00007f8ba8828760, 0x00007f8ba8829248]
Event: 50.162 Thread 0x00007f8bb80d7800 nmethod 1098% 0x00007f8ba882a410 code [0x00007f8ba882a600, 0x00007f8ba882b308]
Event: 56.067 Thread 0x00007f8bb80de000 1099       3       java.util.ComparableTimSort::gallopRight (327 bytes)
Event: 56.069 Thread 0x00007f8bb80de000 nmethod 1099 0x00007f8ba8822250 code [0x00007f8ba8822460, 0x00007f8ba8822f38]

GC Heap History (10 events):
Event: 2.042 GC heap before
{Heap before GC invocations=4 (full 1):
 PSYoungGen      total 558592K, used 516096K [0x0000000670d00000, 0x0000000695800000, 0x00000007c0000000)
  eden space 516096K, 100% used [0x0000000670d00000,0x0000000690500000,0x0000000690500000)
  from space 42496K, 0% used [0x0000000692e80000,0x0000000692e80000,0x0000000695800000)
  to   space 42496K, 0% used [0x0000000690500000,0x0000000690500000,0x0000000692e80000)
 ParOldGen       total 1138688K, used 470357K [0x00000003d2600000, 0x0000000417e00000, 0x0000000670d00000)
  object space 1138688K, 41% used [0x00000003d2600000,0x00000003ef155438,0x0000000417e00000)
 Metaspace       used 3263K, capacity 4556K, committed 4864K, reserved 1056768K
  class space    used 337K, capacity 392K, committed 512K, reserved 1048576K
Event: 2.251 GC heap after
Heap after GC invocations=4 (full 1):
 PSYoungGen      total 558592K, used 42482K [0x0000000670d00000, 0x00000006a0f00000, 0x00000007c0000000)
  eden space 516096K, 0% used [0x0000000670d00000,0x0000000670d00000,0x0000000690500000)
  from space 42496K, 99% used [0x0000000690500000,0x0000000692e7ca88,0x0000000692e80000)
  to   space 42496K, 0% used [0x000000069e580000,0x000000069e580000,0x00000006a0f00000)
 ParOldGen       total 1138688K, used 898421K [0x00000003d2600000, 0x0000000417e00000, 0x0000000670d00000)
  object space 1138688K, 78% used [0x00000003d2600000,0x000000040935d438,0x0000000417e00000)
 Metaspace       used 3263K, capacity 4556K, committed 4864K, reserved 1056768K
  class space    used 337K, capacity 392K, committed 512K, reserved 1048576K
}
Event: 2.251 GC heap before
{Heap before GC invocations=5 (full 2):
 PSYoungGen      total 558592K, used 42482K [0x0000000670d00000, 0x00000006a0f00000, 0x00000007c0000000)
  eden space 516096K, 0% used [0x0000000670d00000,0x0000000670d00000,0x0000000690500000)
  from space 42496K, 99% used [0x0000000690500000,0x0000000692e7ca88,0x0000000692e80000)
  to   space 42496K, 0% used [0x000000069e580000,0x000000069e580000,0x00000006a0f00000)
 ParOldGen       total 1138688K, used 898421K [0x00000003d2600000, 0x0000000417e00000, 0x0000000670d00000)
  object space 1138688K, 78% used [0x00000003d2600000,0x000000040935d438,0x0000000417e00000)
 Metaspace       used 3263K, capacity 4556K, committed 4864K, reserved 1056768K
  class space    used 337K, capacity 392K, committed 512K, reserved 1048576K
Event: 3.040 GC heap after
Heap after GC invocations=5 (full 2):
 PSYoungGen      total 558592K, used 0K [0x0000000670d00000, 0x00000006a0f00000, 0x00000007c0000000)
  eden space 516096K, 0% used [0x0000000670d00000,0x0000000670d00000,0x0000000690500000)
  from space 42496K, 0% used [0x0000000690500000,0x0000000690500000,0x0000000692e80000)
  to   space 42496K, 0% used [0x000000069e580000,0x000000069e580000,0x00000006a0f00000)
 ParOldGen       total 2067456K, used 924967K [0x00000003d2600000, 0x0000000450900000, 0x0000000670d00000)
  object space 2067456K, 44% used [0x00000003d2600000,0x000000040ad49fc0,0x0000000450900000)
 Metaspace       used 3263K, capacity 4556K, committed 4864K, reserved 1056768K
  class space    used 337K, capacity 392K, committed 512K, reserved 1048576K
}
Event: 3.697 GC heap before
{Heap before GC invocations=6 (full 2):
 PSYoungGen      total 558592K, used 516096K [0x0000000670d00000, 0x00000006a0f00000, 0x00000007c0000000)
  eden space 516096K, 100% used [0x0000000670d00000,0x0000000690500000,0x0000000690500000)
  from space 42496K, 0% used [0x0000000690500000,0x0000000690500000,0x0000000692e80000)
  to   space 42496K, 0% used [0x000000069e580000,0x000000069e580000,0x00000006a0f00000)
 ParOldGen       total 2067456K, used 924967K [0x00000003d2600000, 0x0000000450900000, 0x0000000670d00000)
  object space 2067456K, 44% used [0x00000003d2600000,0x000000040ad49fc0,0x0000000450900000)
 Metaspace       used 4533K, capacity 4852K, committed 5120K, reserved 1056768K
  class space    used 475K, capacity 496K, committed 512K, reserved 1048576K
Event: 3.788 GC heap after
Heap after GC invocations=6 (full 2):
 PSYoungGen      total 706048K, used 42483K [0x0000000670d00000, 0x00000006a0f00000, 0x00000007c0000000)
  eden space 663552K, 0% used [0x0000000670d00000,0x0000000670d00000,0x0000000699500000)
  from space 42496K, 99% used [0x000000069e580000,0x00000006a0efcf50,0x00000006a0f00000)
  to   space 42496K, 0% used [0x000000069bc00000,0x000000069bc00000,0x000000069e580000)
 ParOldGen       total 2067456K, used 1058095K [0x00000003d2600000, 0x0000000450900000, 0x0000000670d00000)
  object space 2067456K, 51% used [0x00000003d2600000,0x0000000412f4bd08,0x0000000450900000)
 Metaspace       used 4533K, capacity 4852K, committed 5120K, reserved 1056768K
  class space    used 475K, capacity 496K, committed 512K, reserved 1048576K
}
Event: 18.801 GC heap before
{Heap before GC invocations=7 (full 2):
 PSYoungGen      total 706048K, used 706035K [0x0000000670d00000, 0x00000006a0f00000, 0x00000007c0000000)
  eden space 663552K, 100% used [0x0000000670d00000,0x0000000699500000,0x0000000699500000)
  from space 42496K, 99% used [0x000000069e580000,0x00000006a0efcf50,0x00000006a0f00000)
  to   space 42496K, 0% used [0x000000069bc00000,0x000000069bc00000,0x000000069e580000)
 ParOldGen       total 2067456K, used 1058095K [0x00000003d2600000, 0x0000000450900000, 0x0000000670d00000)
  object space 2067456K, 51% used [0x00000003d2600000,0x0000000412f4bd08,0x0000000450900000)
 Metaspace       used 6874K, capacity 7072K, committed 7296K, reserved 1056768K
  class space    used 699K, capacity 774K, committed 896K, reserved 1048576K
Event: 18.939 GC heap after
Heap after GC invocations=7 (full 2):
 PSYoungGen      total 745984K, used 42483K [0x0000000670d00000, 0x00000006e0680000, 0x00000007c0000000)
  eden space 703488K, 0% used [0x0000000670d00000,0x0000000670d00000,0x000000069bc00000)
  from space 42496K, 99% used [0x000000069bc00000,0x000000069e57cf70,0x000000069e580000)
  to   space 504832K, 0% used [0x00000006c1980000,0x00000006c1980000,0x00000006e0680000)
 ParOldGen       total 2067456K, used 1144122K [0x00000003d2600000, 0x0000000450900000, 0x0000000670d00000)
  object space 2067456K, 55% used [0x00000003d2600000,0x000000041834e980,0x0000000450900000)
 Metaspace       used 6874K, capacity 7072K, committed 7296K, reserved 1056768K
  class space    used 699K, capacity 774K, committed 896K, reserved 1048576K
}
Event: 49.838 GC heap before
{Heap before GC invocations=8 (full 2):
 PSYoungGen      total 745984K, used 745971K [0x0000000670d00000, 0x00000006e0680000, 0x00000007c0000000)
  eden space 703488K, 100% used [0x0000000670d00000,0x000000069bc00000,0x000000069bc00000)
  from space 42496K, 99% used [0x000000069bc00000,0x000000069e57cf70,0x000000069e580000)
  to   space 504832K, 0% used [0x00000006c1980000,0x00000006c1980000,0x00000006e0680000)
 ParOldGen       total 2067456K, used 1144122K [0x00000003d2600000, 0x0000000450900000, 0x0000000670d00000)
  object space 2067456K, 55% used [0x00000003d2600000,0x000000041834e980,0x0000000450900000)
 Metaspace       used 6883K, capacity 7072K, committed 7296K, reserved 1056768K
  class space    used 699K, capacity 774K, committed 896K, reserved 1048576K
Event: 50.141 GC heap after
Heap after GC invocations=8 (full 2):
 PSYoungGen      total 1325056K, used 161692K [0x0000000670d00000, 0x00000006df800000, 0x00000007c0000000)
  eden space 835072K, 0% used [0x0000000670d00000,0x0000000670d00000,0x00000006a3c80000)
  from space 489984K, 32% used [0x00000006c1980000,0x00000006cb7670a0,0x00000006df800000)
  to   space 488448K, 0% used [0x00000006a3c80000,0x00000006a3c80000,0x00000006c1980000)
 ParOldGen       total 2067456K, used 1144130K [0x00000003d2600000, 0x0000000450900000, 0x0000000670d00000)
  object space 2067456K, 55% used [0x00000003d2600000,0x0000000418350980,0x0000000450900000)
 Metaspace       used 6883K, capacity 7072K, committed 7296K, reserved 1056768K
  class space    used 699K, capacity 774K, committed 896K, reserved 1048576K
}

Deoptimization events (10 events):
Event: 32.221 Thread 0x00007f8bb800c800 Uncommon trap: reason=unstable_if action=reinterpret pc=0x00007f8ba8804a70 method=java.util.ComparableTimSort.<init>([Ljava/lang/Object;[Ljava/lang/Object;II)V @ 107
Event: 32.221 Thread 0x00007f8bb800c800 Uncommon trap: reason=unstable_if action=reinterpret pc=0x00007f8ba8800d3c method=java.util.ComparableTimSort.<init>([Ljava/lang/Object;[Ljava/lang/Object;II)V @ 107
Event: 32.221 Thread 0x00007f8bb800c800 Uncommon trap: reason=unstable_if action=reinterpret pc=0x00007f8ba87fd270 method=java.util.ComparableTimSort.<init>([Ljava/lang/Object;[Ljava/lang/Object;II)V @ 107
Event: 32.221 Thread 0x00007f8bb800c800 Uncommon trap: reason=unstable_if action=reinterpret pc=0x00007f8ba87e88fc method=java.util.ComparableTimSort.<init>([Ljava/lang/Object;[Ljava/lang/Object;II)V @ 107
Event: 41.166 Thread 0x00007f8bb800c800 Uncommon trap: reason=unstable_if action=reinterpret pc=0x00007f8ba87b546c method=userSrcDstPrediction.EPHeuristic.nextTxn()V @ 23
Event: 50.143 Thread 0x00007f8bb808e000 Uncommon trap: reason=unstable_if action=reinterpret pc=0x00007f8ba8808188 method=sun.misc.VM.addFinalRefCount(I)V @ 14
Event: 55.900 Thread 0x00007f8bb8092800 Uncommon trap: reason=unstable_if action=reinterpret pc=0x00007f8ba881e2f0 method=java.lang.ref.ReferenceQueue.reallyPoll()Ljava/lang/ref/Reference; @ 15
Event: 55.901 Thread 0x00007f8bb8092800 Uncommon trap: reason=unstable_if action=reinterpret pc=0x00007f8ba880a478 method=java.lang.ref.ReferenceQueue.reallyPoll()Ljava/lang/ref/Reference; @ 6
Event: 57.197 Thread 0x00007f8bb80c5000 Uncommon trap: reason=bimorphic action=maybe_recompile pc=0x00007f8ba86ee044 method=java.util.Hashtable.get(Ljava/lang/Object;)Ljava/lang/Object; @ 45
Event: 57.197 Thread 0x00007f8bb80c5000 Uncommon trap: reason=bimorphic action=maybe_recompile pc=0x00007f8ba86ee044 method=java.util.Hashtable.get(Ljava/lang/Object;)Ljava/lang/Object; @ 45

Internal exceptions (10 events):
Event: 4.271 Thread 0x00007f8bb800c800 Exception <a 'java/lang/NoSuchMethodError': <clinit>> (0x000000068212d640) thrown at [/HUDSON/workspace/8-2-build-linux-amd64/jdk8u92/6642/hotspot/src/share/vm/prims/jni.cpp, line 1613]
Event: 4.282 Thread 0x00007f8bb800c800 Exception <a 'java/lang/NoSuchMethodError': <clinit>> (0x00000006821650e0) thrown at [/HUDSON/workspace/8-2-build-linux-amd64/jdk8u92/6642/hotspot/src/share/vm/prims/jni.cpp, line 1613]
Event: 4.284 Thread 0x00007f8bb800c800 Exception <a 'java/lang/NoSuchMethodError': <clinit>> (0x0000000682172418) thrown at [/HUDSON/workspace/8-2-build-linux-amd64/jdk8u92/6642/hotspot/src/share/vm/prims/jni.cpp, line 1613]
Event: 4.285 Thread 0x00007f8bb800c800 Exception <a 'java/lang/NoSuchMethodError': <clinit>> (0x00000006821817c0) thrown at [/HUDSON/workspace/8-2-build-linux-amd64/jdk8u92/6642/hotspot/src/share/vm/prims/jni.cpp, line 1613]
Event: 4.289 Thread 0x00007f8bb800c800 Exception <a 'java/lang/NoSuchMethodError': <clinit>> (0x000000068219f288) thrown at [/HUDSON/workspace/8-2-build-linux-amd64/jdk8u92/6642/hotspot/src/share/vm/prims/jni.cpp, line 1613]
Event: 4.290 Thread 0x00007f8bb800c800 Exception <a 'java/lang/NoSuchMethodError': <clinit>> (0x00000006821ad0b8) thrown at [/HUDSON/workspace/8-2-build-linux-amd64/jdk8u92/6642/hotspot/src/share/vm/prims/jni.cpp, line 1613]
Event: 4.479 Thread 0x00007f8bb800c800 Exception <a 'java/lang/NoSuchMethodError': <clinit>> (0x000000068226ba70) thrown at [/HUDSON/workspace/8-2-build-linux-amd64/jdk8u92/6642/hotspot/src/share/vm/prims/jni.cpp, line 1613]
Event: 4.570 Thread 0x00007f8bb800c800 Exception <a 'java/lang/NoSuchMethodError': <clinit>> (0x000000068233a9f8) thrown at [/HUDSON/workspace/8-2-build-linux-amd64/jdk8u92/6642/hotspot/src/share/vm/prims/jni.cpp, line 1613]
Event: 19.807 Thread 0x00007f8bb8092800 Implicit null exception at 0x00007f8ba880bd53 to 0x00007f8ba880be4d
Event: 55.900 Thread 0x00007f8bb8092800 Implicit null exception at 0x00007f8ba880a196 to 0x00007f8ba880a451

Events (10 events):
Event: 57.197 Thread 0x00007f8bb80c5000 DEOPT UNPACKING pc=0x00007f8ba82e6229 sp=0x00007f8b57a596c0 mode 2
Event: 57.197 loading class sun/misc/Signal$1
Event: 57.197 loading class sun/misc/Signal$1 done
Event: 57.197 Thread 0x00007f8b44001000 Thread exited: 0x00007f8b44001000
Event: 57.198 Thread 0x00007f8b40003800 Thread added: 0x00007f8b40003800
Event: 57.198 loading class java/lang/Shutdown
Event: 57.198 loading class java/lang/Shutdown done
Event: 57.198 loading class java/lang/Shutdown$Lock
Event: 57.198 loading class java/lang/Shutdown$Lock done
Event: 57.198 Executing VM operation: Exit


Dynamic libraries:
00400000-00401000 r-xp 00000000 09:01 43516052                           /opt/jdk/jdk1.8.0_92/bin/java
00600000-00601000 rw-p 00000000 09:01 43516052                           /opt/jdk/jdk1.8.0_92/bin/java
00c8b000-00cac000 rw-p 00000000 00:00 0                                  [heap]
3d2600000-450900000 rw-p 00000000 00:00 0 
450900000-670d00000 ---p 00000000 00:00 0 
670d00000-6df800000 rw-p 00000000 00:00 0 
6df800000-7c0000000 ---p 00000000 00:00 0 
7c0000000-7c00e0000 rw-p 00000000 00:00 0 
7c00e0000-800000000 ---p 00000000 00:00 0 
800000000-800100000 rw-s f3d6de000 00:06 474                             /dev/nvidiactl
800100000-804100000 ---p 00000000 00:00 0 
804100000-804200000 rw-s f34dfa000 00:06 474                             /dev/nvidiactl
804200000-804300000 ---p 00000000 00:00 0 
804300000-804400000 rw-s f0ae97000 00:06 474                             /dev/nvidiactl
804400000-1d00000000 ---p 00000000 00:00 0 
7f8ab8000000-7f8ab8c35000 rw-p 00000000 00:00 0 
7f8ab8c35000-7f8abc000000 ---p 00000000 00:00 0 
7f8ac0000000-7f8ac8000000 rw-p 00000000 00:00 0 
7f8ac8000000-7f8ad0000000 rw-p 00000000 00:00 0 
7f8ad0000000-7f8ad8000000 rw-p 00000000 00:00 0 
7f8ad8000000-7f8ae0000000 rw-p 00000000 00:00 0 
7f8ae0000000-7f8ae8000000 rw-p 00000000 00:00 0 
7f8ae8000000-7f8ae8021000 rw-p 00000000 00:00 0 
7f8ae8021000-7f8aec000000 ---p 00000000 00:00 0 
7f8aec7ff000-7f8aec800000 ---p 00000000 00:00 0 
7f8aec800000-7f8aed000000 rw-p 00000000 00:00 0 
7f8af0000000-7f8af4000000 rw-p 00000000 00:00 0 
7f8af4000000-7f8af4021000 rw-p 00000000 00:00 0 
7f8af4021000-7f8af8000000 ---p 00000000 00:00 0 
7f8af8000000-7f8b00000000 rw-p 00000000 00:00 0 
7f8b00000000-7f8b08000000 rw-p 00000000 00:00 0 
7f8b08000000-7f8b10000000 rw-p 00000000 00:00 0 
7f8b10000000-7f8b10021000 rw-p 00000000 00:00 0 
7f8b10021000-7f8b14000000 ---p 00000000 00:00 0 
7f8b1508b000-7f8b1508c000 ---p 00000000 00:00 0 
7f8b1508c000-7f8b1588c000 rw-p 00000000 00:00 0 
7f8b1588c000-7f8b1590f000 r-xp 00000000 09:01 23068992                   /home/willie/libraries/JCuda-All-0.7.5-bin-Linux-x86_64/libJCudaRuntime-linux-x86_64.so
7f8b1590f000-7f8b15b0f000 ---p 00083000 09:01 23068992                   /home/willie/libraries/JCuda-All-0.7.5-bin-Linux-x86_64/libJCudaRuntime-linux-x86_64.so
7f8b15b0f000-7f8b15b13000 rw-p 00083000 09:01 23068992                   /home/willie/libraries/JCuda-All-0.7.5-bin-Linux-x86_64/libJCudaRuntime-linux-x86_64.so
7f8b15b13000-7f8b15f20000 rw-p 00000000 00:00 0 
7f8b15f20000-7f8b175e9000 r-xp 00000000 09:01 17829161                   /usr/local/cuda-7.5/targets/x86_64-linux/lib/libcublas.so.7.5.18
7f8b175e9000-7f8b177e8000 ---p 016c9000 09:01 17829161                   /usr/local/cuda-7.5/targets/x86_64-linux/lib/libcublas.so.7.5.18
7f8b177e8000-7f8b177f4000 rw-p 016c8000 09:01 17829161                   /usr/local/cuda-7.5/targets/x86_64-linux/lib/libcublas.so.7.5.18
7f8b177f4000-7f8b177ff000 rw-p 00000000 00:00 0 
7f8b177ff000-7f8b17800000 ---p 00000000 00:00 0 
7f8b17800000-7f8b18000000 rw-p 00000000 00:00 0 
7f8b18000000-7f8b18021000 rw-p 00000000 00:00 0 
7f8b18021000-7f8b1c000000 ---p 00000000 00:00 0 
7f8b1c12f000-7f8b1c155000 r-xp 00000000 09:01 23068988                   /home/willie/libraries/JCuda-All-0.7.5-bin-Linux-x86_64/libJCublas-linux-x86_64.so
7f8b1c155000-7f8b1c355000 ---p 00026000 09:01 23068988                   /home/willie/libraries/JCuda-All-0.7.5-bin-Linux-x86_64/libJCublas-linux-x86_64.so
7f8b1c355000-7f8b1c356000 rw-p 00026000 09:01 23068988                   /home/willie/libraries/JCuda-All-0.7.5-bin-Linux-x86_64/libJCublas-linux-x86_64.so
7f8b1c356000-7f8b1c3fc000 r-xp 00000000 09:01 23068989                   /home/willie/libraries/JCuda-All-0.7.5-bin-Linux-x86_64/libJCublas2-linux-x86_64.so
7f8b1c3fc000-7f8b1c5fb000 ---p 000a6000 09:01 23068989                   /home/willie/libraries/JCuda-All-0.7.5-bin-Linux-x86_64/libJCublas2-linux-x86_64.so
7f8b1c5fb000-7f8b1c600000 rw-p 000a5000 09:01 23068989                   /home/willie/libraries/JCuda-All-0.7.5-bin-Linux-x86_64/libJCublas2-linux-x86_64.so
7f8b1c600000-7f8b1c700000 rw-s f3cb3d000 00:06 474                       /dev/nvidiactl
7f8b1c700000-7f8b1c800000 rw-s f0aeda000 00:06 474                       /dev/nvidiactl
7f8b1c800000-7f8b1cc00000 rw-s f40d3a000 00:06 474                       /dev/nvidiactl
7f8b1cc00000-7f8b1d000000 rw-s e98eee000 00:06 474                       /dev/nvidiactl
7f8b1d000000-7f8b1d400000 rw-s f3d84b000 00:06 474                       /dev/nvidiactl
7f8b1d400000-7f8b1d800000 rw-s f348b4000 00:06 474                       /dev/nvidiactl
7f8b1d800000-7f8b1dc00000 rw-s 100dafb000 00:06 474                      /dev/nvidiactl
7f8b1dc00000-7f8b1e000000 rw-s f3e548000 00:06 474                       /dev/nvidiactl
7f8b1e000000-7f8b1e400000 rw-s f40d81000 00:06 474                       /dev/nvidiactl
7f8b1e400000-7f8b1e800000 rw-s 1004922000 00:06 474                      /dev/nvidiactl
7f8b1e800000-7f8b1ec00000 rw-s 10769e3000 00:06 474                      /dev/nvidiactl
7f8b1ec00000-7f8b1f000000 rw-s f4040a000 00:06 474                       /dev/nvidiactl
7f8b1f000000-7f8b1f400000 rw-s 1007c7b000 00:06 474                      /dev/nvidiactl
7f8b1f400000-7f8b1f800000 rw-s f33e94000 00:06 474                       /dev/nvidiactl
7f8b1f800000-7f8b1fc00000 rw-s f401ff000 00:06 474                       /dev/nvidiactl
7f8b1fc00000-7f8b20000000 rw-s f31708000 00:06 474                       /dev/nvidiactl
7f8b20000000-7f8b20021000 rw-p 00000000 00:00 0 
7f8b20021000-7f8b24000000 ---p 00000000 00:00 0 
7f8b24000000-7f8b24021000 rw-p 00000000 00:00 0 
7f8b24021000-7f8b28000000 ---p 00000000 00:00 0 
7f8b28000000-7f8b29730000 rw-p 00000000 00:00 0 
7f8b29730000-7f8b2c000000 ---p 00000000 00:00 0 
7f8b2c000000-7f8b2c29a000 rw-p 00000000 00:00 0 
7f8b2c29a000-7f8b30000000 ---p 00000000 00:00 0 
7f8b30000000-7f8b30af4000 rw-p 00000000 00:00 0 
7f8b30af4000-7f8b34000000 ---p 00000000 00:00 0 
7f8b34000000-7f8b34fa0000 rw-p 00000000 00:00 0 
7f8b34fa0000-7f8b38000000 ---p 00000000 00:00 0 
7f8b38000000-7f8b38021000 rw-p 00000000 00:00 0 
7f8b38021000-7f8b3c000000 ---p 00000000 00:00 0 
7f8b3c000000-7f8b3c021000 rw-p 00000000 00:00 0 
7f8b3c021000-7f8b40000000 ---p 00000000 00:00 0 
7f8b40000000-7f8b40021000 rw-p 00000000 00:00 0 
7f8b40021000-7f8b44000000 ---p 00000000 00:00 0 
7f8b44000000-7f8b44021000 rw-p 00000000 00:00 0 
7f8b44021000-7f8b48000000 ---p 00000000 00:00 0 
7f8b48000000-7f8b48021000 rw-p 00000000 00:00 0 
7f8b48021000-7f8b4c000000 ---p 00000000 00:00 0 
7f8b4c000000-7f8b4c4bc000 rw-p 00000000 00:00 0 
7f8b4c4bc000-7f8b50000000 ---p 00000000 00:00 0 
7f8b50000000-7f8b50021000 rw-p 00000000 00:00 0 
7f8b50021000-7f8b54000000 ---p 00000000 00:00 0 
7f8b5401b000-7f8b540fb000 rw-s f35840000 00:06 474                       /dev/nvidiactl
7f8b540fb000-7f8b541fb000 rw-s e98d15000 00:06 474                       /dev/nvidiactl
7f8b541fb000-7f8b541fc000 rw-s efd64000 00:06 442                        /dev/nvidia0
7f8b541fc000-7f8b541fd000 rw-s f34df6000 00:06 474                       /dev/nvidiactl
7f8b541fd000-7f8b54201000 rw-s e0400000 00:06 442                        /dev/nvidia0
7f8b54201000-7f8b54202000 rw-s efd64000 00:06 442                        /dev/nvidia0
7f8b54202000-7f8b54203000 rw-s f40d30000 00:06 474                       /dev/nvidiactl
7f8b54203000-7f8b54207000 rw-s e03e0000 00:06 442                        /dev/nvidia0
7f8b54207000-7f8b54208000 rw-s efd64000 00:06 442                        /dev/nvidia0
7f8b54208000-7f8b54209000 rw-s f3d659000 00:06 474                       /dev/nvidiactl
7f8b54209000-7f8b5420d000 rw-s e03c0000 00:06 442                        /dev/nvidia0
7f8b5420d000-7f8b5420e000 rw-s efd64000 00:06 442                        /dev/nvidia0
7f8b5420e000-7f8b5420f000 rw-s f3d842000 00:06 474                       /dev/nvidiactl
7f8b5420f000-7f8b54213000 rw-s e03a0000 00:06 442                        /dev/nvidia0
7f8b54213000-7f8b54214000 rw-s efd64000 00:06 442                        /dev/nvidia0
7f8b54214000-7f8b54215000 rw-s f350db000 00:06 474                       /dev/nvidiactl
7f8b54215000-7f8b54219000 rw-s e0380000 00:06 442                        /dev/nvidia0
7f8b54219000-7f8b5421a000 rw-s efd64000 00:06 442                        /dev/nvidia0
7f8b5421a000-7f8b5421b000 rw-s 1003926000 00:06 474                      /dev/nvidiactl
7f8b5421b000-7f8b5421f000 rw-s e0360000 00:06 442                        /dev/nvidia0
7f8b5421f000-7f8b54220000 rw-s efd64000 00:06 442                        /dev/nvidia0
7f8b54220000-7f8b54221000 rw-s f3dc9f000 00:06 474                       /dev/nvidiactl
7f8b54221000-7f8b54225000 rw-s e0340000 00:06 442                        /dev/nvidia0
7f8b54225000-7f8b54226000 rw-s efd64000 00:06 442                        /dev/nvidia0
7f8b54226000-7f8b5422a000 rw-s e0320000 00:06 442                        /dev/nvidia0
7f8b5422a000-7f8b5422e000 rw-s e0300000 00:06 442                        /dev/nvidia0
7f8b5422e000-7f8b5462e000 rw-s f3464d000 00:06 474                       /dev/nvidiactl
7f8b5462e000-7f8b54a2e000 rw-s 1007f3b000 00:06 474                      /dev/nvidiactl
7f8b54a2e000-7f8b54a2f000 ---p 00000000 00:00 0 
7f8b54a2f000-7f8b5522f000 rw-p 00000000 00:00 0 
7f8b5522f000-7f8b55245000 r-xp 00000000 09:01 17825985                   /lib/x86_64-linux-gnu/libgcc_s.so.1
7f8b55245000-7f8b55444000 ---p 00016000 09:01 17825985                   /lib/x86_64-linux-gnu/libgcc_s.so.1
7f8b55444000-7f8b55445000 rw-p 00015000 09:01 17825985                   /lib/x86_64-linux-gnu/libgcc_s.so.1
7f8b55445000-7f8b5552b000 r-xp 00000000 09:01 17567569                   /usr/lib/x86_64-linux-gnu/libstdc++.so.6.0.19
7f8b5552b000-7f8b5572a000 ---p 000e6000 09:01 17567569                   /usr/lib/x86_64-linux-gnu/libstdc++.so.6.0.19
7f8b5572a000-7f8b55732000 r--p 000e5000 09:01 17567569                   /usr/lib/x86_64-linux-gnu/libstdc++.so.6.0.19
7f8b55732000-7f8b55734000 rw-p 000ed000 09:01 17567569                   /usr/lib/x86_64-linux-gnu/libstdc++.so.6.0.19
7f8b55734000-7f8b55749000 rw-p 00000000 00:00 0 
7f8b55749000-7f8b5632b000 r-xp 00000000 09:01 17564044                   /usr/lib/x86_64-linux-gnu/libcuda.so.352.63
7f8b5632b000-7f8b5652a000 ---p 00be2000 09:01 17564044                   /usr/lib/x86_64-linux-gnu/libcuda.so.352.63
7f8b5652a000-7f8b566e8000 rw-p 00be1000 09:01 17564044                   /usr/lib/x86_64-linux-gnu/libcuda.so.352.63
7f8b566e8000-7f8b566fe000 rw-p 00000000 00:00 0 
7f8b566fe000-7f8b566ff000 rw-s f33df8000 00:06 474                       /dev/nvidiactl
7f8b566ff000-7f8b56700000 rw-s efd63000 00:06 442                        /dev/nvidia0
7f8b56700000-7f8b56701000 rw-s f3f017000 00:06 474                       /dev/nvidiactl
7f8b56701000-7f8b56702000 rw-s efd63000 00:06 442                        /dev/nvidia0
7f8b56702000-7f8b56703000 rw-s 10769e0000 00:06 474                      /dev/nvidiactl
7f8b56703000-7f8b56707000 rw-s e02e0000 00:06 442                        /dev/nvidia0
7f8b56707000-7f8b56708000 rw-s efd63000 00:06 442                        /dev/nvidia0
7f8b56708000-7f8b56709000 rw-s f40409000 00:06 474                       /dev/nvidiactl
7f8b56709000-7f8b5670d000 rw-s e02c0000 00:06 442                        /dev/nvidia0
7f8b5670d000-7f8b5670e000 rw-s efd63000 00:06 442                        /dev/nvidia0
7f8b5670e000-7f8b5670f000 rw-s 1007c7a000 00:06 474                      /dev/nvidiactl
7f8b5670f000-7f8b56713000 rw-s e02a0000 00:06 442                        /dev/nvidia0
7f8b56713000-7f8b56714000 rw-s efd63000 00:06 442                        /dev/nvidia0
7f8b56714000-7f8b56718000 rw-s e0280000 00:06 442                        /dev/nvidia0
7f8b56718000-7f8b5671c000 rw-s e0260000 00:06 442                        /dev/nvidia0
7f8b5671c000-7f8b5674b000 r-xp 00000000 09:01 23068991                   /home/willie/libraries/JCuda-All-0.7.5-bin-Linux-x86_64/libJCudaDriver-linux-x86_64.so
7f8b5674b000-7f8b5694a000 ---p 0002f000 09:01 23068991                   /home/willie/libraries/JCuda-All-0.7.5-bin-Linux-x86_64/libJCudaDriver-linux-x86_64.so
7f8b5694a000-7f8b5694c000 rw-p 0002e000 09:01 23068991                   /home/willie/libraries/JCuda-All-0.7.5-bin-Linux-x86_64/libJCudaDriver-linux-x86_64.so
7f8b5694c000-7f8b5696f000 r--s 001ba000 09:01 23069631                   /home/willie/workspace/mlGPU/Libraries/commons-math3-3.3/commons-math3-3.3.jar
7f8b5696f000-7f8b569a0000 rw-p 00000000 00:00 0 
7f8b569a0000-7f8b569b6000 r-xp 00000000 09:01 43517804                   /opt/jdk/jdk1.8.0_92/jre/lib/amd64/libnet.so
7f8b569b6000-7f8b56bb6000 ---p 00016000 09:01 43517804                   /opt/jdk/jdk1.8.0_92/jre/lib/amd64/libnet.so
7f8b56bb6000-7f8b56bb7000 rw-p 00016000 09:01 43517804                   /opt/jdk/jdk1.8.0_92/jre/lib/amd64/libnet.so
7f8b56bb7000-7f8b56bc8000 r-xp 00000000 09:01 43517807                   /opt/jdk/jdk1.8.0_92/jre/lib/amd64/libnio.so
7f8b56bc8000-7f8b56dc7000 ---p 00011000 09:01 43517807                   /opt/jdk/jdk1.8.0_92/jre/lib/amd64/libnio.so
7f8b56dc7000-7f8b56dc8000 rw-p 00010000 09:01 43517807                   /opt/jdk/jdk1.8.0_92/jre/lib/amd64/libnio.so
7f8b56dc8000-7f8b56e3f000 r--s 006aa000 09:01 29098390                   /home/willie/workspace/Globus/libraries/gs-ui-1.2/gs-ui-1.2.jar
7f8b56e3f000-7f8b56e4d000 r--s 000cb000 09:01 29098380                   /home/willie/workspace/Globus/libraries/gs-core-1.2/gs-core-1.2.jar
7f8b56e4d000-7f8b56e4e000 ---p 00000000 00:00 0 
7f8b56e4e000-7f8b56f4e000 rw-p 00000000 00:00 0 
7f8b56f4e000-7f8b56f51000 ---p 00000000 00:00 0 
7f8b56f51000-7f8b5704f000 rw-p 00000000 00:00 0 
7f8b5704f000-7f8b57052000 ---p 00000000 00:00 0 
7f8b57052000-7f8b57150000 rw-p 00000000 00:00 0 
7f8b57150000-7f8b57153000 ---p 00000000 00:00 0 
7f8b57153000-7f8b57251000 rw-p 00000000 00:00 0 
7f8b57251000-7f8b57254000 ---p 00000000 00:00 0 
7f8b57254000-7f8b57352000 rw-p 00000000 00:00 0 
7f8b57352000-7f8b57355000 ---p 00000000 00:00 0 
7f8b57355000-7f8b57453000 rw-p 00000000 00:00 0 
7f8b57453000-7f8b57456000 ---p 00000000 00:00 0 
7f8b57456000-7f8b57554000 rw-p 00000000 00:00 0 
7f8b57554000-7f8b57557000 ---p 00000000 00:00 0 
7f8b57557000-7f8b57655000 rw-p 00000000 00:00 0 
7f8b57655000-7f8b57658000 ---p 00000000 00:00 0 
7f8b57658000-7f8b57756000 rw-p 00000000 00:00 0 
7f8b57756000-7f8b5775a000 r-xp 00000000 09:01 43517770                   /opt/jdk/jdk1.8.0_92/jre/lib/amd64/libdt_socket.so
7f8b5775a000-7f8b57959000 ---p 00004000 09:01 43517770                   /opt/jdk/jdk1.8.0_92/jre/lib/amd64/libdt_socket.so
7f8b57959000-7f8b5795a000 rw-p 00003000 09:01 43517770                   /opt/jdk/jdk1.8.0_92/jre/lib/amd64/libdt_socket.so
7f8b5795a000-7f8b5795d000 ---p 00000000 00:00 0 
7f8b5795d000-7f8b57a5b000 rw-p 00000000 00:00 0 
7f8b57a5b000-7f8b57a5e000 ---p 00000000 00:00 0 
7f8b57a5e000-7f8b57b5c000 rw-p 00000000 00:00 0 
7f8b57b5c000-7f8b57b5f000 ---p 00000000 00:00 0 
7f8b57b5f000-7f8b57c5d000 rw-p 00000000 00:00 0 
7f8b57c5d000-7f8b57c5e000 ---p 00000000 00:00 0 
7f8b57c5e000-7f8b59fea000 rw-p 00000000 00:00 0 
7f8b59fea000-7f8b5a1c3000 r--s 03d24000 09:01 43517598                   /opt/jdk/jdk1.8.0_92/jre/lib/rt.jar
7f8b5a1c3000-7f8b5a803000 rw-p 00000000 00:00 0 
7f8b5a803000-7f8b5a9c3000 ---p 00000000 00:00 0 
7f8b5a9c3000-7f8b7c000000 rw-p 00000000 00:00 0 
7f8b7c000000-7f8b7c50e000 rw-p 00000000 00:00 0 
7f8b7c50e000-7f8b80000000 ---p 00000000 00:00 0 
7f8b80000000-7f8b80021000 rw-p 00000000 00:00 0 
7f8b80021000-7f8b84000000 ---p 00000000 00:00 0 
7f8b84000000-7f8b84021000 rw-p 00000000 00:00 0 
7f8b84021000-7f8b88000000 ---p 00000000 00:00 0 
7f8b88000000-7f8b88021000 rw-p 00000000 00:00 0 
7f8b88021000-7f8b8c000000 ---p 00000000 00:00 0 
7f8b8c000000-7f8b8c021000 rw-p 00000000 00:00 0 
7f8b8c021000-7f8b90000000 ---p 00000000 00:00 0 
7f8b90000000-7f8b90021000 rw-p 00000000 00:00 0 
7f8b90021000-7f8b94000000 ---p 00000000 00:00 0 
7f8b94000000-7f8b94021000 rw-p 00000000 00:00 0 
7f8b94021000-7f8b98000000 ---p 00000000 00:00 0 
7f8b98000000-7f8b98021000 rw-p 00000000 00:00 0 
7f8b98021000-7f8b9c000000 ---p 00000000 00:00 0 
7f8b9c000000-7f8b9c021000 rw-p 00000000 00:00 0 
7f8b9c021000-7f8ba0000000 ---p 00000000 00:00 0 
7f8ba0000000-7f8ba0021000 rw-p 00000000 00:00 0 
7f8ba0021000-7f8ba4000000 ---p 00000000 00:00 0 
7f8ba4000000-7f8ba4001000 rw-s f33e93000 00:06 474                       /dev/nvidiactl
7f8ba4001000-7f8ba4002000 rw-s efd63000 00:06 442                        /dev/nvidia0
7f8ba4002000-7f8ba4003000 rw-s f401fe000 00:06 474                       /dev/nvidiactl
7f8ba4003000-7f8ba4004000 rw-s efd63000 00:06 442                        /dev/nvidia0
7f8ba4004000-7f8ba4005000 rw-s f3f64b000 00:06 474                       /dev/nvidiactl
7f8ba4005000-7f8ba41b6000 rw-p 00000000 00:00 0 
7f8ba41b6000-7f8ba41b7000 ---p 00000000 00:00 0 
7f8ba41b7000-7f8ba42b7000 rw-p 00000000 00:00 0 
7f8ba42b7000-7f8ba42b8000 ---p 00000000 00:00 0 
7f8ba42b8000-7f8ba43b8000 rw-p 00000000 00:00 0 
7f8ba43b8000-7f8ba43b9000 ---p 00000000 00:00 0 
7f8ba43b9000-7f8ba44b9000 rw-p 00000000 00:00 0 
7f8ba44b9000-7f8ba44ba000 ---p 00000000 00:00 0 
7f8ba44ba000-7f8ba45ba000 rw-p 00000000 00:00 0 
7f8ba45ba000-7f8ba45bb000 ---p 00000000 00:00 0 
7f8ba45bb000-7f8ba46bb000 rw-p 00000000 00:00 0 
7f8ba46bb000-7f8ba46bc000 ---p 00000000 00:00 0 
7f8ba46bc000-7f8ba47bc000 rw-p 00000000 00:00 0 
7f8ba47bc000-7f8ba47bd000 ---p 00000000 00:00 0 
7f8ba47bd000-7f8ba48bd000 rw-p 00000000 00:00 0 
7f8ba48bd000-7f8ba48be000 ---p 00000000 00:00 0 
7f8ba48be000-7f8ba49be000 rw-p 00000000 00:00 0 
7f8ba49be000-7f8ba49bf000 ---p 00000000 00:00 0 
7f8ba49bf000-7f8ba4eb1000 rw-p 00000000 00:00 0 
7f8ba4eb1000-7f8ba5fb3000 ---p 00000000 00:00 0 
7f8ba5fb3000-7f8ba63a5000 rw-p 00000000 00:00 0 
7f8ba63a5000-7f8ba74a6000 ---p 00000000 00:00 0 
7f8ba74a6000-7f8ba781c000 rw-p 00000000 00:00 0 
7f8ba781c000-7f8ba7f20000 ---p 00000000 00:00 0 
7f8ba7f20000-7f8ba7f37000 rw-p 00000000 00:00 0 
7f8ba7f37000-7f8ba82e1000 ---p 00000000 00:00 0 
7f8ba82e1000-7f8ba8841000 rwxp 00000000 00:00 0 
7f8ba8841000-7f8bb72e1000 ---p 00000000 00:00 0 
7f8bb72e1000-7f8bb72fb000 r-xp 00000000 09:01 43517800                   /opt/jdk/jdk1.8.0_92/jre/lib/amd64/libzip.so
7f8bb72fb000-7f8bb74fb000 ---p 0001a000 09:01 43517800                   /opt/jdk/jdk1.8.0_92/jre/lib/amd64/libzip.so
7f8bb74fb000-7f8bb74fc000 rw-p 0001a000 09:01 43517800                   /opt/jdk/jdk1.8.0_92/jre/lib/amd64/libzip.so
7f8bb74fc000-7f8bb7506000 r-xp 00000000 09:01 17826018                   /lib/x86_64-linux-gnu/libnss_files-2.19.so
7f8bb7506000-7f8bb7705000 ---p 0000a000 09:01 17826018                   /lib/x86_64-linux-gnu/libnss_files-2.19.so
7f8bb7705000-7f8bb7706000 r--p 00009000 09:01 17826018                   /lib/x86_64-linux-gnu/libnss_files-2.19.so
7f8bb7706000-7f8bb7707000 rw-p 0000a000 09:01 17826018                   /lib/x86_64-linux-gnu/libnss_files-2.19.so
7f8bb7707000-7f8bb7712000 r-xp 00000000 09:01 17825978                   /lib/x86_64-linux-gnu/libnss_nis-2.19.so
7f8bb7712000-7f8bb7911000 ---p 0000b000 09:01 17825978                   /lib/x86_64-linux-gnu/libnss_nis-2.19.so
7f8bb7911000-7f8bb7912000 r--p 0000a000 09:01 17825978                   /lib/x86_64-linux-gnu/libnss_nis-2.19.so
7f8bb7912000-7f8bb7913000 rw-p 0000b000 09:01 17825978                   /lib/x86_64-linux-gnu/libnss_nis-2.19.so
7f8bb7913000-7f8bb792a000 r-xp 00000000 09:01 17825968                   /lib/x86_64-linux-gnu/libnsl-2.19.so
7f8bb792a000-7f8bb7b29000 ---p 00017000 09:01 17825968                   /lib/x86_64-linux-gnu/libnsl-2.19.so
7f8bb7b29000-7f8bb7b2a000 r--p 00016000 09:01 17825968                   /lib/x86_64-linux-gnu/libnsl-2.19.so
7f8bb7b2a000-7f8bb7b2b000 rw-p 00017000 09:01 17825968                   /lib/x86_64-linux-gnu/libnsl-2.19.so
7f8bb7b2b000-7f8bb7b2d000 rw-p 00000000 00:00 0 
7f8bb7b2d000-7f8bb7b36000 r-xp 00000000 09:01 17825967                   /lib/x86_64-linux-gnu/libnss_compat-2.19.so
7f8bb7b36000-7f8bb7d35000 ---p 00009000 09:01 17825967                   /lib/x86_64-linux-gnu/libnss_compat-2.19.so
7f8bb7d35000-7f8bb7d36000 r--p 00008000 09:01 17825967                   /lib/x86_64-linux-gnu/libnss_compat-2.19.so
7f8bb7d36000-7f8bb7d37000 rw-p 00009000 09:01 17825967                   /lib/x86_64-linux-gnu/libnss_compat-2.19.so
7f8bb7d37000-7f8bb8000000 r--p 00000000 09:01 17568210                   /usr/lib/locale/locale-archive
7f8bb8000000-7f8bbc000000 rw-p 00000000 00:00 0 
7f8bbc000000-7f8bbc001000 ---p 00000000 00:00 0 
7f8bbc001000-7f8bbc101000 rw-p 00000000 00:00 0 
7f8bbc101000-7f8bbc103000 r-xp 00000000 09:01 43517771                   /opt/jdk/jdk1.8.0_92/jre/lib/amd64/libnpt.so
7f8bbc103000-7f8bbc303000 ---p 00002000 09:01 43517771                   /opt/jdk/jdk1.8.0_92/jre/lib/amd64/libnpt.so
7f8bbc303000-7f8bbc304000 rw-p 00002000 09:01 43517771                   /opt/jdk/jdk1.8.0_92/jre/lib/amd64/libnpt.so
7f8bbc304000-7f8bbc33d000 r-xp 00000000 09:01 43517789                   /opt/jdk/jdk1.8.0_92/jre/lib/amd64/libjdwp.so
7f8bbc33d000-7f8bbc53c000 ---p 00039000 09:01 43517789                   /opt/jdk/jdk1.8.0_92/jre/lib/amd64/libjdwp.so
7f8bbc53c000-7f8bbc53e000 rw-p 00038000 09:01 43517789                   /opt/jdk/jdk1.8.0_92/jre/lib/amd64/libjdwp.so
7f8bbc53e000-7f8bbc568000 r-xp 00000000 09:01 43517795                   /opt/jdk/jdk1.8.0_92/jre/lib/amd64/libjava.so
7f8bbc568000-7f8bbc768000 ---p 0002a000 09:01 43517795                   /opt/jdk/jdk1.8.0_92/jre/lib/amd64/libjava.so
7f8bbc768000-7f8bbc76a000 rw-p 0002a000 09:01 43517795                   /opt/jdk/jdk1.8.0_92/jre/lib/amd64/libjava.so
7f8bbc76a000-7f8bbc777000 r-xp 00000000 09:01 43517799                   /opt/jdk/jdk1.8.0_92/jre/lib/amd64/libverify.so
7f8bbc777000-7f8bbc977000 ---p 0000d000 09:01 43517799                   /opt/jdk/jdk1.8.0_92/jre/lib/amd64/libverify.so
7f8bbc977000-7f8bbc979000 rw-p 0000d000 09:01 43517799                   /opt/jdk/jdk1.8.0_92/jre/lib/amd64/libverify.so
7f8bbc979000-7f8bbc980000 r-xp 00000000 09:01 17826014                   /lib/x86_64-linux-gnu/librt-2.19.so
7f8bbc980000-7f8bbcb7f000 ---p 00007000 09:01 17826014                   /lib/x86_64-linux-gnu/librt-2.19.so
7f8bbcb7f000-7f8bbcb80000 r--p 00006000 09:01 17826014                   /lib/x86_64-linux-gnu/librt-2.19.so
7f8bbcb80000-7f8bbcb81000 rw-p 00007000 09:01 17826014                   /lib/x86_64-linux-gnu/librt-2.19.so
7f8bbcb81000-7f8bbcc86000 r-xp 00000000 09:01 17825945                   /lib/x86_64-linux-gnu/libm-2.19.so
7f8bbcc86000-7f8bbce85000 ---p 00105000 09:01 17825945                   /lib/x86_64-linux-gnu/libm-2.19.so
7f8bbce85000-7f8bbce86000 r--p 00104000 09:01 17825945                   /lib/x86_64-linux-gnu/libm-2.19.so
7f8bbce86000-7f8bbce87000 rw-p 00105000 09:01 17825945                   /lib/x86_64-linux-gnu/libm-2.19.so
7f8bbce87000-7f8bbdb4a000 r-xp 00000000 09:01 43517778                   /opt/jdk/jdk1.8.0_92/jre/lib/amd64/server/libjvm.so
7f8bbdb4a000-7f8bbdd49000 ---p 00cc3000 09:01 43517778                   /opt/jdk/jdk1.8.0_92/jre/lib/amd64/server/libjvm.so
7f8bbdd49000-7f8bbde22000 rw-p 00cc2000 09:01 43517778                   /opt/jdk/jdk1.8.0_92/jre/lib/amd64/server/libjvm.so
7f8bbde22000-7f8bbde6d000 rw-p 00000000 00:00 0 
7f8bbde6d000-7f8bbe027000 r-xp 00000000 09:01 17826015                   /lib/x86_64-linux-gnu/libc-2.19.so
7f8bbe027000-7f8bbe227000 ---p 001ba000 09:01 17826015                   /lib/x86_64-linux-gnu/libc-2.19.so
7f8bbe227000-7f8bbe22b000 r--p 001ba000 09:01 17826015                   /lib/x86_64-linux-gnu/libc-2.19.so
7f8bbe22b000-7f8bbe22d000 rw-p 001be000 09:01 17826015                   /lib/x86_64-linux-gnu/libc-2.19.so
7f8bbe22d000-7f8bbe232000 rw-p 00000000 00:00 0 
7f8bbe232000-7f8bbe235000 r-xp 00000000 09:01 17825949                   /lib/x86_64-linux-gnu/libdl-2.19.so
7f8bbe235000-7f8bbe434000 ---p 00003000 09:01 17825949                   /lib/x86_64-linux-gnu/libdl-2.19.so
7f8bbe434000-7f8bbe435000 r--p 00002000 09:01 17825949                   /lib/x86_64-linux-gnu/libdl-2.19.so
7f8bbe435000-7f8bbe436000 rw-p 00003000 09:01 17825949                   /lib/x86_64-linux-gnu/libdl-2.19.so
7f8bbe436000-7f8bbe44b000 r-xp 00000000 09:01 43517413                   /opt/jdk/jdk1.8.0_92/lib/amd64/jli/libjli.so
7f8bbe44b000-7f8bbe64b000 ---p 00015000 09:01 43517413                   /opt/jdk/jdk1.8.0_92/lib/amd64/jli/libjli.so
7f8bbe64b000-7f8bbe64c000 rw-p 00015000 09:01 43517413                   /opt/jdk/jdk1.8.0_92/lib/amd64/jli/libjli.so
7f8bbe64c000-7f8bbe665000 r-xp 00000000 09:01 17825971                   /lib/x86_64-linux-gnu/libpthread-2.19.so
7f8bbe665000-7f8bbe864000 ---p 00019000 09:01 17825971                   /lib/x86_64-linux-gnu/libpthread-2.19.so
7f8bbe864000-7f8bbe865000 r--p 00018000 09:01 17825971                   /lib/x86_64-linux-gnu/libpthread-2.19.so
7f8bbe865000-7f8bbe866000 rw-p 00019000 09:01 17825971                   /lib/x86_64-linux-gnu/libpthread-2.19.so
7f8bbe866000-7f8bbe86a000 rw-p 00000000 00:00 0 
7f8bbe86a000-7f8bbe88d000 r-xp 00000000 09:01 17825972                   /lib/x86_64-linux-gnu/ld-2.19.so
7f8bbe88d000-7f8bbe891000 rw-s e0240000 00:06 442                        /dev/nvidia0
7f8bbe891000-7f8bbe895000 rw-s e0220000 00:06 442                        /dev/nvidia0
7f8bbe895000-7f8bbe967000 rw-p 00000000 00:00 0 
7f8bbe967000-7f8bbe96a000 ---p 00000000 00:00 0 
7f8bbe96a000-7f8bbea6c000 rw-p 00000000 00:00 0 
7f8bbea6c000-7f8bbea6d000 rw-s efd63000 00:06 442                        /dev/nvidia0
7f8bbea6d000-7f8bbea6e000 rw-s f3464c000 00:06 474                       /dev/nvidiactl
7f8bbea6e000-7f8bbea6f000 r--s 00008000 09:01 23068987                   /home/willie/libraries/JCuda-All-0.7.5-bin-Linux-x86_64/jcusparse-0.7.5.jar
7f8bbea6f000-7f8bbea73000 r--s 0001d000 09:01 23068983                   /home/willie/libraries/JCuda-All-0.7.5-bin-Linux-x86_64/jcuda-0.7.5.jar
7f8bbea73000-7f8bbea75000 r--s 00006000 09:01 23068982                   /home/willie/libraries/JCuda-All-0.7.5-bin-Linux-x86_64/jcublas-0.7.5.jar
7f8bbea75000-7f8bbea79000 r--s 00097000 09:01 43517650                   /opt/jdk/jdk1.8.0_92/jre/lib/jsse.jar
7f8bbea79000-7f8bbea80000 r--s 00047000 09:01 29098433                   /home/willie/workspace/Globus/libraries/gs-algo-1.2/gs-algo-1.2.jar
7f8bbea80000-7f8bbea88000 rw-s 00000000 09:01 29099110                   /tmp/hsperfdata_willie/25895
7f8bbea88000-7f8bbea89000 rw-p 00000000 00:00 0 
7f8bbea89000-7f8bbea8a000 ---p 00000000 00:00 0 
7f8bbea8a000-7f8bbea8c000 rw-p 00000000 00:00 0 
7f8bbea8c000-7f8bbea8d000 r--p 00022000 09:01 17825972                   /lib/x86_64-linux-gnu/ld-2.19.so
7f8bbea8d000-7f8bbea8e000 rw-p 00023000 09:01 17825972                   /lib/x86_64-linux-gnu/ld-2.19.so
7f8bbea8e000-7f8bbea8f000 rw-p 00000000 00:00 0 
7ffea76ce000-7ffea76ef000 rw-p 00000000 00:00 0                          [stack]
7ffea77db000-7ffea77dd000 r--p 00000000 00:00 0                          [vvar]
7ffea77dd000-7ffea77df000 r-xp 00000000 00:00 0                          [vdso]
ffffffffff600000-ffffffffff601000 r-xp 00000000 00:00 0                  [vsyscall]

VM Arguments:
jvm_args: -agentlib:jdwp=transport=dt_socket,suspend=y,address=localhost:35645 -Djava.library.path=/home/willie/libraries/JCuda-All-0.7.5-bin-Linux-x86_64:/home/willie/libraries/JCuda-All-0.7.5-bin-Linux-x86_64:/home/willie/libraries/JCuda-All-0.7.5-bin-Linux-x86_64 -Dfile.encoding=UTF-8 
java_command: userSrcDstPrediction.EnsembleNeuralNetwork
java_class_path (initial): /home/willie/workspace/Globus/bin:/home/willie/workspace/Globus/libraries/gs-algo-1.2/gs-algo-1.2.jar:/home/willie/workspace/Globus/libraries/gs-core-1.2/gs-core-1.2.jar:/home/willie/workspace/Globus/libraries/gs-ui-1.2/gs-ui-1.2.jar:/home/willie/workspace/mlGPU/bin:/home/willie/workspace/mlGPU/Libraries/commons-math3-3.3/commons-math3-3.3.jar:/home/willie/libraries/JCuda-All-0.7.5-bin-Linux-x86_64/jcublas-0.7.5.jar:/home/willie/libraries/JCuda-All-0.7.5-bin-Linux-x86_64/jcuda-0.7.5.jar:/home/willie/libraries/JCuda-All-0.7.5-bin-Linux-x86_64/jcusparse-0.7.5.jar
Launcher Type: SUN_STANDARD

Environment Variables:
PATH=/usr/local/sbin:/usr/local/bin:/usr/sbin:/usr/bin:/sbin:/bin:/usr/games:/usr/local/games:/usr/local/cuda-7.5/lib64:/usr/local/cuda-7.5/bin:/usr/lib:/usr/lib/llvm-3.8/include:/usr/include/cudnn-7.5/lib64:/opt/jdk/jdk1.8.0_92/include
LD_LIBRARY_PATH=/usr/local/cuda-7.5/lib64:/usr/local/cuda-7.5/bin:/usr/lib/llvm-3.8/include:/usr/include/cudnn-7.5/lib64:/home/willie/libraries/caffe/build/lib:/opt/jdk/jdk1.8.0_92/include
SHELL=/bin/bash
DISPLAY=:0.0

Signal Handlers:
SIGSEGV: [libjvm.so+0xabdee0], sa_mask[0]=11111111011111111101111111111110, sa_flags=SA_RESTART|SA_SIGINFO
SIGBUS: [libjvm.so+0xabdee0], sa_mask[0]=11111111011111111101111111111110, sa_flags=SA_RESTART|SA_SIGINFO
SIGFPE: [libjvm.so+0x91a580], sa_mask[0]=11111111011111111101111111111110, sa_flags=SA_RESTART|SA_SIGINFO
SIGPIPE: [libjvm.so+0x91a580], sa_mask[0]=11111111011111111101111111111110, sa_flags=SA_RESTART|SA_SIGINFO
SIGXFSZ: [libjvm.so+0x91a580], sa_mask[0]=11111111011111111101111111111110, sa_flags=SA_RESTART|SA_SIGINFO
SIGILL: [libjvm.so+0x91a580], sa_mask[0]=11111111011111111101111111111110, sa_flags=SA_RESTART|SA_SIGINFO
SIGUSR1: SIG_DFL, sa_mask[0]=00000000000000000000000000000000, sa_flags=none
SIGUSR2: [libjvm.so+0x91bbb0], sa_mask[0]=00100000000000000000000000000000, sa_flags=SA_RESTART|SA_SIGINFO
SIGHUP: [libjvm.so+0x91cfb0], sa_mask[0]=11111111011111111101111111111110, sa_flags=SA_RESTART|SA_SIGINFO
SIGINT: [libjvm.so+0x91cfb0], sa_mask[0]=11111111011111111101111111111110, sa_flags=SA_RESTART|SA_SIGINFO
SIGTERM: [libjvm.so+0x91cfb0], sa_mask[0]=11111111011111111101111111111110, sa_flags=SA_RESTART|SA_SIGINFO
SIGQUIT: [libjvm.so+0x91cfb0], sa_mask[0]=11111111011111111101111111111110, sa_flags=SA_RESTART|SA_SIGINFO


---------------  S Y S T E M  ---------------

OS:DISTRIB_ID=Ubuntu
DISTRIB_RELEASE=14.04
DISTRIB_CODENAME=trusty
DISTRIB_DESCRIPTION="Ubuntu 14.04.4 LTS"

uname:Linux 4.2.0-38-generic #45~14.04.1-Ubuntu SMP Thu Jun 9 09:27:51 UTC 2016 x86_64
libc:glibc 2.19 NPTL 2.19 
rlimit: STACK 8192k, CORE 0k, NPROC 257331, NOFILE 4096, AS infinity
load average:1.39 1.20 1.35

/proc/meminfo:
MemTotal:       65899720 kB
MemFree:        58423336 kB
MemAvailable:   60018564 kB
Buffers:          107920 kB
Cached:          1669640 kB
SwapCached:            0 kB
Active:          6603204 kB
Inactive:         357792 kB
Active(anon):    5184524 kB
Inactive(anon):    63460 kB
Active(file):    1418680 kB
Inactive(file):   294332 kB
Unevictable:          32 kB
Mlocked:              32 kB
SwapTotal:      67382268 kB
SwapFree:       67382268 kB
Dirty:               124 kB
Writeback:             0 kB
AnonPages:       5203976 kB
Mapped:           395264 kB
Shmem:             64556 kB
Slab:             152924 kB
SReclaimable:     102316 kB
SUnreclaim:        50608 kB
KernelStack:       10544 kB
PageTables:        38196 kB
NFS_Unstable:          0 kB
Bounce:                0 kB
WritebackTmp:          0 kB
CommitLimit:    100332128 kB
Committed_AS:    9290904 kB
VmallocTotal:   34359738367 kB
VmallocUsed:      434228 kB
VmallocChunk:   34358945788 kB
HardwareCorrupted:     0 kB
AnonHugePages:   3078144 kB
CmaTotal:              0 kB
CmaFree:               0 kB
HugePages_Total:       0
HugePages_Free:        0
HugePages_Rsvd:        0
HugePages_Surp:        0
Hugepagesize:       2048 kB
DirectMap4k:      385128 kB
DirectMap2M:     6877184 kB
DirectMap1G:    61865984 kB


CPU:total 12 (6 cores per cpu, 2 threads per core) family 6 model 63 stepping 2, cmov, cx8, fxsr, mmx, sse, sse2, sse3, ssse3, sse4.1, sse4.2, popcnt, avx, avx2, aes, clmul, erms, lzcnt, ht, tsc, tscinvbit, bmi1, bmi2

/proc/cpuinfo:
processor	: 0
vendor_id	: GenuineIntel
cpu family	: 6
model		: 63
model name	: Intel(R) Core(TM) i7-5930K CPU @ 3.50GHz
stepping	: 2
microcode	: 0x27
cpu MHz		: 1298.691
cache size	: 15360 KB
physical id	: 0
siblings	: 12
core id		: 0
cpu cores	: 6
apicid		: 0
initial apicid	: 0
fpu		: yes
fpu_exception	: yes
cpuid level	: 15
wp		: yes
flags		: fpu vme de pse tsc msr pae mce cx8 apic sep mtrr pge mca cmov pat pse36 clflush dts acpi mmx fxsr sse sse2 ss ht tm pbe syscall nx pdpe1gb rdtscp lm constant_tsc arch_perfmon pebs bts rep_good nopl xtopology nonstop_tsc aperfmperf eagerfpu pni pclmulqdq dtes64 monitor ds_cpl vmx est tm2 ssse3 fma cx16 xtpr pdcm pcid dca sse4_1 sse4_2 x2apic movbe popcnt tsc_deadline_timer aes xsave avx f16c rdrand lahf_lm abm ida arat epb pln pts dtherm tpr_shadow vnmi flexpriority ept vpid fsgsbase tsc_adjust bmi1 avx2 smep bmi2 erms invpcid cqm xsaveopt cqm_llc cqm_occup_llc
bugs		:
bogomips	: 6983.65
clflush size	: 64
cache_alignment	: 64
address sizes	: 46 bits physical, 48 bits virtual
power management:

processor	: 1
vendor_id	: GenuineIntel
cpu family	: 6
model		: 63
model name	: Intel(R) Core(TM) i7-5930K CPU @ 3.50GHz
stepping	: 2
microcode	: 0x27
cpu MHz		: 1199.980
cache size	: 15360 KB
physical id	: 0
siblings	: 12
core id		: 1
cpu cores	: 6
apicid		: 2
initial apicid	: 2
fpu		: yes
fpu_exception	: yes
cpuid level	: 15
wp		: yes
flags		: fpu vme de pse tsc msr pae mce cx8 apic sep mtrr pge mca cmov pat pse36 clflush dts acpi mmx fxsr sse sse2 ss ht tm pbe syscall nx pdpe1gb rdtscp lm constant_tsc arch_perfmon pebs bts rep_good nopl xtopology nonstop_tsc aperfmperf eagerfpu pni pclmulqdq dtes64 monitor ds_cpl vmx est tm2 ssse3 fma cx16 xtpr pdcm pcid dca sse4_1 sse4_2 x2apic movbe popcnt tsc_deadline_timer aes xsave avx f16c rdrand lahf_lm abm ida arat epb pln pts dtherm tpr_shadow vnmi flexpriority ept vpid fsgsbase tsc_adjust bmi1 avx2 smep bmi2 erms invpcid cqm xsaveopt cqm_llc cqm_occup_llc
bugs		:
bogomips	: 6983.65
clflush size	: 64
cache_alignment	: 64
address sizes	: 46 bits physical, 48 bits virtual
power management:

processor	: 2
vendor_id	: GenuineIntel
cpu family	: 6
model		: 63
model name	: Intel(R) Core(TM) i7-5930K CPU @ 3.50GHz
stepping	: 2
microcode	: 0x27
cpu MHz		: 1296.093
cache size	: 15360 KB
physical id	: 0
siblings	: 12
core id		: 2
cpu cores	: 6
apicid		: 4
initial apicid	: 4
fpu		: yes
fpu_exception	: yes
cpuid level	: 15
wp		: yes
flags		: fpu vme de pse tsc msr pae mce cx8 apic sep mtrr pge mca cmov pat pse36 clflush dts acpi mmx fxsr sse sse2 ss ht tm pbe syscall nx pdpe1gb rdtscp lm constant_tsc arch_perfmon pebs bts rep_good nopl xtopology nonstop_tsc aperfmperf eagerfpu pni pclmulqdq dtes64 monitor ds_cpl vmx est tm2 ssse3 fma cx16 xtpr pdcm pcid dca sse4_1 sse4_2 x2apic movbe popcnt tsc_deadline_timer aes xsave avx f16c rdrand lahf_lm abm ida arat epb pln pts dtherm tpr_shadow vnmi flexpriority ept vpid fsgsbase tsc_adjust bmi1 avx2 smep bmi2 erms invpcid cqm xsaveopt cqm_llc cqm_occup_llc
bugs		:
bogomips	: 6983.65
clflush size	: 64
cache_alignment	: 64
address sizes	: 46 bits physical, 48 bits virtual
power management:

processor	: 3
vendor_id	: GenuineIntel
cpu family	: 6
model		: 63
model name	: Intel(R) Core(TM) i7-5930K CPU @ 3.50GHz
stepping	: 2
microcode	: 0x27
cpu MHz		: 2396.406
cache size	: 15360 KB
physical id	: 0
siblings	: 12
core id		: 3
cpu cores	: 6
apicid		: 6
initial apicid	: 6
fpu		: yes
fpu_exception	: yes
cpuid level	: 15
wp		: yes
flags		: fpu vme de pse tsc msr pae mce cx8 apic sep mtrr pge mca cmov pat pse36 clflush dts acpi mmx fxsr sse sse2 ss ht tm pbe syscall nx pdpe1gb rdtscp lm constant_tsc arch_perfmon pebs bts rep_good nopl xtopology nonstop_tsc aperfmperf eagerfpu pni pclmulqdq dtes64 monitor ds_cpl vmx est tm2 ssse3 fma cx16 xtpr pdcm pcid dca sse4_1 sse4_2 x2apic movbe popcnt tsc_deadline_timer aes xsave avx f16c rdrand lahf_lm abm ida arat epb pln pts dtherm tpr_shadow vnmi flexpriority ept vpid fsgsbase tsc_adjust bmi1 avx2 smep bmi2 erms invpcid cqm xsaveopt cqm_llc cqm_occup_llc
bugs		:
bogomips	: 6983.65
clflush size	: 64
cache_alignment	: 64
address sizes	: 46 bits physical, 48 bits virtual
power management:

processor	: 4
vendor_id	: GenuineIntel
cpu family	: 6
model		: 63
model name	: Intel(R) Core(TM) i7-5930K CPU @ 3.50GHz
stepping	: 2
microcode	: 0x27
cpu MHz		: 3477.304
cache size	: 15360 KB
physical id	: 0
siblings	: 12
core id		: 4
cpu cores	: 6
apicid		: 8
initial apicid	: 8
fpu		: yes
fpu_exception	: yes
cpuid level	: 15
wp		: yes
flags		: fpu vme de pse tsc msr pae mce cx8 apic sep mtrr pge mca cmov pat pse36 clflush dts acpi mmx fxsr sse sse2 ss ht tm pbe syscall nx pdpe1gb rdtscp lm constant_tsc arch_perfmon pebs bts rep_good nopl xtopology nonstop_tsc aperfmperf eagerfpu pni pclmulqdq dtes64 monitor ds_cpl vmx est tm2 ssse3 fma cx16 xtpr pdcm pcid dca sse4_1 sse4_2 x2apic movbe popcnt tsc_deadline_timer aes xsave avx f16c rdrand lahf_lm abm ida arat epb pln pts dtherm tpr_shadow vnmi flexpriority ept vpid fsgsbase tsc_adjust bmi1 avx2 smep bmi2 erms invpcid cqm xsaveopt cqm_llc cqm_occup_llc
bugs		:
bogomips	: 6983.65
clflush size	: 64
cache_alignment	: 64
address sizes	: 46 bits physical, 48 bits virtual
power management:

processor	: 5
vendor_id	: GenuineIntel
cpu family	: 6
model		: 63
model name	: Intel(R) Core(TM) i7-5930K CPU @ 3.50GHz
stepping	: 2
microcode	: 0x27
cpu MHz		: 1199.980
cache size	: 15360 KB
physical id	: 0
siblings	: 12
core id		: 5
cpu cores	: 6
apicid		: 10
initial apicid	: 10
fpu		: yes
fpu_exception	: yes
cpuid level	: 15
wp		: yes
flags		: fpu vme de pse tsc msr pae mce cx8 apic sep mtrr pge mca cmov pat pse36 clflush dts acpi mmx fxsr sse sse2 ss ht tm pbe syscall nx pdpe1gb rdtscp lm constant_tsc arch_perfmon pebs bts rep_good nopl xtopology nonstop_tsc aperfmperf eagerfpu pni pclmulqdq dtes64 monitor ds_cpl vmx est tm2 ssse3 fma cx16 xtpr pdcm pcid dca sse4_1 sse4_2 x2apic movbe popcnt tsc_deadline_timer aes xsave avx f16c rdrand lahf_lm abm ida arat epb pln pts dtherm tpr_shadow vnmi flexpriority ept vpid fsgsbase tsc_adjust bmi1 avx2 smep bmi2 erms invpcid cqm xsaveopt cqm_llc cqm_occup_llc
bugs		:
bogomips	: 6983.65
clflush size	: 64
cache_alignment	: 64
address sizes	: 46 bits physical, 48 bits virtual
power management:

processor	: 6
vendor_id	: GenuineIntel
cpu family	: 6
model		: 63
model name	: Intel(R) Core(TM) i7-5930K CPU @ 3.50GHz
stepping	: 2
microcode	: 0x27
cpu MHz		: 1199.980
cache size	: 15360 KB
physical id	: 0
siblings	: 12
core id		: 0
cpu cores	: 6
apicid		: 1
initial apicid	: 1
fpu		: yes
fpu_exception	: yes
cpuid level	: 15
wp		: yes
flags		: fpu vme de pse tsc msr pae mce cx8 apic sep mtrr pge mca cmov pat pse36 clflush dts acpi mmx fxsr sse sse2 ss ht tm pbe syscall nx pdpe1gb rdtscp lm constant_tsc arch_perfmon pebs bts rep_good nopl xtopology nonstop_tsc aperfmperf eagerfpu pni pclmulqdq dtes64 monitor ds_cpl vmx est tm2 ssse3 fma cx16 xtpr pdcm pcid dca sse4_1 sse4_2 x2apic movbe popcnt tsc_deadline_timer aes xsave avx f16c rdrand lahf_lm abm ida arat epb pln pts dtherm tpr_shadow vnmi flexpriority ept vpid fsgsbase tsc_adjust bmi1 avx2 smep bmi2 erms invpcid cqm xsaveopt cqm_llc cqm_occup_llc
bugs		:
bogomips	: 6983.65
clflush size	: 64
cache_alignment	: 64
address sizes	: 46 bits physical, 48 bits virtual
power management:

processor	: 7
vendor_id	: GenuineIntel
cpu family	: 6
model		: 63
model name	: Intel(R) Core(TM) i7-5930K CPU @ 3.50GHz
stepping	: 2
microcode	: 0x27
cpu MHz		: 1282.285
cache size	: 15360 KB
physical id	: 0
siblings	: 12
core id		: 1
cpu cores	: 6
apicid		: 3
initial apicid	: 3
fpu		: yes
fpu_exception	: yes
cpuid level	: 15
wp		: yes
flags		: fpu vme de pse tsc msr pae mce cx8 apic sep mtrr pge mca cmov pat pse36 clflush dts acpi mmx fxsr sse sse2 ss ht tm pbe syscall nx pdpe1gb rdtscp lm constant_tsc arch_perfmon pebs bts rep_good nopl xtopology nonstop_tsc aperfmperf eagerfpu pni pclmulqdq dtes64 monitor ds_cpl vmx est tm2 ssse3 fma cx16 xtpr pdcm pcid dca sse4_1 sse4_2 x2apic movbe popcnt tsc_deadline_timer aes xsave avx f16c rdrand lahf_lm abm ida arat epb pln pts dtherm tpr_shadow vnmi flexpriority ept vpid fsgsbase tsc_adjust bmi1 avx2 smep bmi2 erms invpcid cqm xsaveopt cqm_llc cqm_occup_llc
bugs		:
bogomips	: 6983.65
clflush size	: 64
cache_alignment	: 64
address sizes	: 46 bits physical, 48 bits virtual
power management:

processor	: 8
vendor_id	: GenuineIntel
cpu family	: 6
model		: 63
model name	: Intel(R) Core(TM) i7-5930K CPU @ 3.50GHz
stepping	: 2
microcode	: 0x27
cpu MHz		: 1225.820
cache size	: 15360 KB
physical id	: 0
siblings	: 12
core id		: 2
cpu cores	: 6
apicid		: 5
initial apicid	: 5
fpu		: yes
fpu_exception	: yes
cpuid level	: 15
wp		: yes
flags		: fpu vme de pse tsc msr pae mce cx8 apic sep mtrr pge mca cmov pat pse36 clflush dts acpi mmx fxsr sse sse2 ss ht tm pbe syscall nx pdpe1gb rdtscp lm constant_tsc arch_perfmon pebs bts rep_good nopl xtopology nonstop_tsc aperfmperf eagerfpu pni pclmulqdq dtes64 monitor ds_cpl vmx est tm2 ssse3 fma cx16 xtpr pdcm pcid dca sse4_1 sse4_2 x2apic movbe popcnt tsc_deadline_timer aes xsave avx f16c rdrand lahf_lm abm ida arat epb pln pts dtherm tpr_shadow vnmi flexpriority ept vpid fsgsbase tsc_adjust bmi1 avx2 smep bmi2 erms invpcid cqm xsaveopt cqm_llc cqm_occup_llc
bugs		:
bogomips	: 6983.65
clflush size	: 64
cache_alignment	: 64
address sizes	: 46 bits physical, 48 bits virtual
power management:

processor	: 9
vendor_id	: GenuineIntel
cpu family	: 6
model		: 63
model name	: Intel(R) Core(TM) i7-5930K CPU @ 3.50GHz
stepping	: 2
microcode	: 0x27
cpu MHz		: 1331.230
cache size	: 15360 KB
physical id	: 0
siblings	: 12
core id		: 3
cpu cores	: 6
apicid		: 7
initial apicid	: 7
fpu		: yes
fpu_exception	: yes
cpuid level	: 15
wp		: yes
flags		: fpu vme de pse tsc msr pae mce cx8 apic sep mtrr pge mca cmov pat pse36 clflush dts acpi mmx fxsr sse sse2 ss ht tm pbe syscall nx pdpe1gb rdtscp lm constant_tsc arch_perfmon pebs bts rep_good nopl xtopology nonstop_tsc aperfmperf eagerfpu pni pclmulqdq dtes64 monitor ds_cpl vmx est tm2 ssse3 fma cx16 xtpr pdcm pcid dca sse4_1 sse4_2 x2apic movbe popcnt tsc_deadline_timer aes xsave avx f16c rdrand lahf_lm abm ida arat epb pln pts dtherm tpr_shadow vnmi flexpriority ept vpid fsgsbase tsc_adjust bmi1 avx2 smep bmi2 erms invpcid cqm xsaveopt cqm_llc cqm_occup_llc
bugs		:
bogomips	: 6983.65
clflush size	: 64
cache_alignment	: 64
address sizes	: 46 bits physical, 48 bits virtual
power management:

processor	: 10
vendor_id	: GenuineIntel
cpu family	: 6
model		: 63
model name	: Intel(R) Core(TM) i7-5930K CPU @ 3.50GHz
stepping	: 2
microcode	: 0x27
cpu MHz		: 3527.480
cache size	: 15360 KB
physical id	: 0
siblings	: 12
core id		: 4
cpu cores	: 6
apicid		: 9
initial apicid	: 9
fpu		: yes
fpu_exception	: yes
cpuid level	: 15
wp		: yes
flags		: fpu vme de pse tsc msr pae mce cx8 apic sep mtrr pge mca cmov pat pse36 clflush dts acpi mmx fxsr sse sse2 ss ht tm pbe syscall nx pdpe1gb rdtscp lm constant_tsc arch_perfmon pebs bts rep_good nopl xtopology nonstop_tsc aperfmperf eagerfpu pni pclmulqdq dtes64 monitor ds_cpl vmx est tm2 ssse3 fma cx16 xtpr pdcm pcid dca sse4_1 sse4_2 x2apic movbe popcnt tsc_deadline_timer aes xsave avx f16c rdrand lahf_lm abm ida arat epb pln pts dtherm tpr_shadow vnmi flexpriority ept vpid fsgsbase tsc_adjust bmi1 avx2 smep bmi2 erms invpcid cqm xsaveopt cqm_llc cqm_occup_llc
bugs		:
bogomips	: 6983.65
clflush size	: 64
cache_alignment	: 64
address sizes	: 46 bits physical, 48 bits virtual
power management:

processor	: 11
vendor_id	: GenuineIntel
cpu family	: 6
model		: 63
model name	: Intel(R) Core(TM) i7-5930K CPU @ 3.50GHz
stepping	: 2
microcode	: 0x27
cpu MHz		: 1199.980
cache size	: 15360 KB
physical id	: 0
siblings	: 12
core id		: 5
cpu cores	: 6
apicid		: 11
initial apicid	: 11
fpu		: yes
fpu_exception	: yes
cpuid level	: 15
wp		: yes
flags		: fpu vme de pse tsc msr pae mce cx8 apic sep mtrr pge mca cmov pat pse36 clflush dts acpi mmx fxsr sse sse2 ss ht tm pbe syscall nx pdpe1gb rdtscp lm constant_tsc arch_perfmon pebs bts rep_good nopl xtopology nonstop_tsc aperfmperf eagerfpu pni pclmulqdq dtes64 monitor ds_cpl vmx est tm2 ssse3 fma cx16 xtpr pdcm pcid dca sse4_1 sse4_2 x2apic movbe popcnt tsc_deadline_timer aes xsave avx f16c rdrand lahf_lm abm ida arat epb pln pts dtherm tpr_shadow vnmi flexpriority ept vpid fsgsbase tsc_adjust bmi1 avx2 smep bmi2 erms invpcid cqm xsaveopt cqm_llc cqm_occup_llc
bugs		:
bogomips	: 6983.65
clflush size	: 64
cache_alignment	: 64
address sizes	: 46 bits physical, 48 bits virtual
power management:



Memory: 4k page, physical 65899720k(58423336k free), swap 67382268k(67382268k free)

vm_info: Java HotSpot(TM) 64-Bit Server VM (25.92-b14) for linux-amd64 JRE (1.8.0_92-b14), built on Mar 31 2016 21:08:29 by "java_re" with gcc 4.3.0 20080428 (Red Hat 4.3.0-8)

time: Wed Jun 15 01:50:52 2016
elapsed time: 57 seconds (0d 0h 0m 57s)

