#
# A fatal error has been detected by the Java Runtime Environment:
#
#  SIGSEGV (0xb) at pc=0x00007f37893d51c7, pid=25212, tid=0x00007f383226a700
#
# JRE version: Java(TM) SE Runtime Environment (8.0_92-b14) (build 1.8.0_92-b14)
# Java VM: Java HotSpot(TM) 64-Bit Server VM (25.92-b14 mixed mode linux-amd64 compressed oops)
# Problematic frame:
# C  [libJCudaRuntime-linux-x86_64.so+0x471c7]  cudart::contextStateManager::getRuntimeContextState(cudart::contextState**, bool)+0x37
#
# Failed to write core dump. Core dumps have been disabled. To enable core dumping, try "ulimit -c unlimited" before starting Java again
#
# If you would like to submit a bug report, please visit:
#   http://bugreport.java.com/bugreport/crash.jsp
# The crash happened outside the Java Virtual Machine in native code.
# See problematic frame for where to report the bug.
#

---------------  T H R E A D  ---------------

Current thread (0x00007f382c00c800):  JavaThread "main" [_thread_in_native, id=25213, stack(0x00007f383216a000,0x00007f383226b000)]

siginfo: si_signo: 11 (SIGSEGV), si_code: 1 (SEGV_MAPERR), si_addr: 0x0000000000000000

Registers:
RAX=0x00007f377cb7bbc0, RBX=0x0000000000000001, RCX=0x0000000000000040, RDX=0x0000000000000000
RSP=0x00007f38322691c0, RBP=0x000000000000000b, RSI=0x00007f3832269210, RDI=0x0000000000000000
R8 =0x0000000000000040, R9 =0x0000000000000004, R10=0x00007f37893a51cb, R11=0x00000000f800faef
R12=0x0000000000000000, R13=0x00007f3832269210, R14=0x0000000000000040, R15=0x00007f3832269350
RIP=0x00007f37893d51c7, EFLAGS=0x0000000000010206, CSGSFS=0x0000000000000033, ERR=0x0000000000000004
  TRAPNO=0x000000000000000e

Top of Stack: (sp=0x00007f38322691c0)
0x00007f38322691c0:   0000000000000000 00007f3830d188c5
0x00007f38322691d0:   00007f3832269350 000000000000000b
0x00007f38322691e0:   0000000000000040 0000000000000010
0x00007f38322691f0:   0000000000000040 00007f37893c8e1c
0x00007f3832269200:   00007f382c00c800 00007f382c087eb0
0x00007f3832269210:   0000000000000000 00007f37893b5508
0x00007f3832269220:   00007f3832269450 00007f37893f4c09
0x00007f3832269230:   0000000000000010 00007f377cb7bbc0
0x00007f3832269240:   0000000000000000 00007f37893e86ac
0x00007f3832269250:   00007f382c009c20 00007f382c009c38
0x00007f3832269260:   00007f382c009d08 00000000000000d8
0x00007f3832269270:   00007f3832269a30 00007f3832269438
0x00007f3832269280:   0000000000000040 0000000000000040
0x00007f3832269290:   0000000000000040 0000000000000004
0x00007f38322692a0:   00007f38150c0ef8 00007f382c00c800
0x00007f38322692b0:   00007f38322692d0 00000000c9f38e03
0x00007f38322692c0:   00007f382c00c9f8 000000068e6a8088
0x00007f38322692d0:   00007f38150c0ef8 00007f382c00c800
0x00007f38322692e0:   0000000000000000 0000000032269438
0x00007f38322692f0:   00007f38150c0ef8 0000000000000010
0x00007f3832269300:   00007f3832269360 0000000000000000
0x00007f3832269310:   0000000000000010 00007f38322693a0
0x00007f3832269320:   00007f382c00c800 00007f37893a5243
0x00007f3832269330:   0000000000000040 00007f3832269370
0x00007f3832269340:   00007f38322693a0 00007f382c00c9f8
0x00007f3832269350:   0000000000000000 000000012c00c9f8
0x00007f3832269360:   00007f38322693b0 00007f381be7ddcc
0x00007f3832269370:   0000000691f62b48 00007f382c00c9f8
0x00007f3832269380:   0000002008bd0400 0000000000000100
0x00007f3832269390:   0000000000000000 00007f3832269348
0x00007f38322693a0:   00000006898cad90 0000000800000001
0x00007f38322693b0:   0000000691f62b00 00007f381beba334 

Instructions: (pc=0x00007f37893d51c7)
0x00007f37893d51a7:   89 fa 4c 89 74 24 f8 48 83 ec 38 49 89 fc 48 c7
0x00007f37893d51b7:   04 24 00 00 00 00 48 c7 06 00 00 00 00 49 89 f5
0x00007f37893d51c7:   48 8b 07 31 f6 48 89 e7 ff 50 10 84 db 75 2e 85
0x00007f37893d51d7:   c0 75 47 48 8b 14 24 31 ed 49 89 55 00 89 e8 48 

Register to memory mapping:

RAX=0x00007f377cb7bbc0 is an unknown value
RBX=0x0000000000000001 is an unknown value
RCX=0x0000000000000040 is an unknown value
RDX=0x0000000000000000 is an unknown value
RSP=0x00007f38322691c0 is pointing into the stack for thread: 0x00007f382c00c800
RBP=0x000000000000000b is an unknown value
RSI=0x00007f3832269210 is pointing into the stack for thread: 0x00007f382c00c800
RDI=0x0000000000000000 is an unknown value
R8 =0x0000000000000040 is an unknown value
R9 =0x0000000000000004 is an unknown value
R10=0x00007f37893a51cb: Java_jcuda_runtime_JCuda_cudaMallocNative+0 in /home/willie/libraries/JCuda-All-0.7.5-bin-Linux-x86_64/libJCudaRuntime-linux-x86_64.so at 0x00007f378938e000
R11=0x00000000f800faef is an unknown value
R12=0x0000000000000000 is an unknown value
R13=0x00007f3832269210 is pointing into the stack for thread: 0x00007f382c00c800
R14=0x0000000000000040 is an unknown value
R15=0x00007f3832269350 is pointing into the stack for thread: 0x00007f382c00c800


Stack: [0x00007f383216a000,0x00007f383226b000],  sp=0x00007f38322691c0,  free space=1020k
Native frames: (J=compiled Java code, j=interpreted, Vv=VM code, C=native code)
C  [libJCudaRuntime-linux-x86_64.so+0x471c7]  cudart::contextStateManager::getRuntimeContextState(cudart::contextState**, bool)+0x37

Java frames: (J=compiled Java code, j=interpreted, Vv=VM code)
J 836  jcuda.runtime.JCuda.cudaMallocNative(Ljcuda/Pointer;J)I (0 bytes) @ 0x00007f381be7dd52 [0x00007f381be7dd00+0x52]
J 895 C2 nDimensionalMatrices.FDMatrix.sendToGPU()V (80 bytes) @ 0x00007f381beba334 [0x00007f381beba260+0xd4]
J 966 C2 network.SplitFeedForwardNetwork.getOutput([LnDimensionalMatrices/Matrix;)[LnDimensionalMatrices/Matrix; (335 bytes) @ 0x00007f381bf26d6c [0x00007f381bf26200+0xb6c]
J 948 C2 userSrcDstPrediction.EnsembleNeuralNetwork.getNthBestSrc(Ljava/lang/String;IJ)[Ljava/lang/Object; (622 bytes) @ 0x00007f381beffe58 [0x00007f381befdce0+0x2178]
J 1014% C2 userSrcDstPrediction.EnsembleNeuralNetwork.testHeuristic()[D (421 bytes) @ 0x00007f381bf5b224 [0x00007f381bf5ad80+0x4a4]
j  userSrcDstPrediction.EnsembleNeuralNetwork.main([Ljava/lang/String;)V+0
v  ~StubRoutines::call_stub

---------------  P R O C E S S  ---------------

Java Threads: ( => current thread )
  0x00007f382c0f1800 JavaThread "Service Thread" daemon [_thread_blocked, id=25245, stack(0x00007f37ca747000,0x00007f37ca848000)]
  0x00007f382c0de000 JavaThread "C1 CompilerThread3" daemon [_thread_blocked, id=25244, stack(0x00007f37ca848000,0x00007f37ca949000)]
  0x00007f382c0dc000 JavaThread "C2 CompilerThread2" daemon [_thread_blocked, id=25243, stack(0x00007f37ca949000,0x00007f37caa4a000)]
  0x00007f382c0da000 JavaThread "C2 CompilerThread1" daemon [_thread_blocked, id=25242, stack(0x00007f37caa4a000,0x00007f37cab4b000)]
  0x00007f382c0d7800 JavaThread "C2 CompilerThread0" daemon [_thread_blocked, id=25241, stack(0x00007f37cab4b000,0x00007f37cac4c000)]
  0x00007f382c0d5000 JavaThread "JDWP Event Helper Thread" daemon [_thread_blocked, id=25236, stack(0x00007f37cad4d000,0x00007f37cae4e000)]
  0x00007f382c0d1800 JavaThread "JDWP Transport Listener: dt_socket" daemon [_thread_in_native, id=25235, stack(0x00007f37cae4e000,0x00007f37caf4f000)]
  0x00007f382c0c5000 JavaThread "Signal Dispatcher" daemon [_thread_blocked, id=25233, stack(0x00007f37cb153000,0x00007f37cb254000)]
  0x00007f382c092800 JavaThread "Finalizer" daemon [_thread_blocked, id=25232, stack(0x00007f37cb254000,0x00007f37cb355000)]
  0x00007f382c08e000 JavaThread "Reference Handler" daemon [_thread_blocked, id=25231, stack(0x00007f37cb355000,0x00007f37cb456000)]
=>0x00007f382c00c800 JavaThread "main" [_thread_in_native, id=25213, stack(0x00007f383216a000,0x00007f383226b000)]

Other Threads:
  0x00007f382c086800 VMThread [stack: 0x00007f37cb456000,0x00007f37cb557000] [id=25230]
  0x00007f382c0f4800 WatcherThread [stack: 0x00007f37ca646000,0x00007f37ca747000] [id=25246]

VM state:not at safepoint (normal execution)

VM Mutex/Monitor currently owned by a thread: None

Heap:
 PSYoungGen      total 714240K, used 590609K [0x0000000670d00000, 0x00000006a1f80000, 0x00000007c0000000)
  eden space 671744K, 81% used [0x0000000670d00000,0x0000000692447780,0x0000000699d00000)
  from space 42496K, 99% used [0x000000069f600000,0x00000006a1f7cf50,0x00000006a1f80000)
  to   space 42496K, 0% used [0x000000069cc80000,0x000000069cc80000,0x000000069f600000)
 ParOldGen       total 2048512K, used 1058095K [0x00000003d2600000, 0x000000044f680000, 0x0000000670d00000)
  object space 2048512K, 51% used [0x00000003d2600000,0x0000000412f4bcc0,0x000000044f680000)
 Metaspace       used 6874K, capacity 7084K, committed 7296K, reserved 1056768K
  class space    used 698K, capacity 774K, committed 896K, reserved 1048576K

Card table byte_map: [0x00007f381973b000,0x00007f381b6a9000] byte_map_base: 0x00007f38178a8000

Marking Bits: (ParMarkBitMap*) 0x00007f38316434c0
 Begin Bits: [0x00007f37cc930000, 0x00007f37dc498000)
 End Bits:   [0x00007f37dc498000, 0x00007f37ec000000)

Polling page: 0x00007f383228c000

CodeCache: size=245760Kb used=5193Kb max_used=5205Kb free=240566Kb
 bounds [0x00007f381ba69000, 0x00007f381bf89000, 0x00007f382aa69000]
 total_blobs=1462 nmethods=1026 adapters=358
 compilation: enabled

Compilation events (10 events):
Event: 8.237 Thread 0x00007f382c0d7800 1027       4       java.util.Calendar$Builder::build (635 bytes)
Event: 8.295 Thread 0x00007f382c0d7800 nmethod 1027 0x00007f381bf57810 code [0x00007f381bf57aa0, 0x00007f381bf58ed0]
Event: 8.325 Thread 0x00007f382c0de000 1028       1       java.util.concurrent.ConcurrentHashMap::spread (10 bytes)
Event: 8.325 Thread 0x00007f382c0de000 nmethod 1028 0x00007f381bf42b90 code [0x00007f381bf42ce0, 0x00007f381bf42dd0]
Event: 8.873 Thread 0x00007f382c0dc000 1030       4       java.util.GregorianCalendar::pinDayOfMonth (64 bytes)
Event: 8.873 Thread 0x00007f382c0da000 1029       4       java.util.GregorianCalendar::add (698 bytes)
Event: 8.879 Thread 0x00007f382c0dc000 nmethod 1030 0x00007f381bf3e410 code [0x00007f381bf3e580, 0x00007f381bf3e878]
Event: 8.885 Thread 0x00007f382c0da000 nmethod 1029 0x00007f381bf22d10 code [0x00007f381bf22ec0, 0x00007f381bf234d8]
Event: 8.905 Thread 0x00007f382c0d7800 1031       4       java.util.Calendar::isPartiallyNormalized (20 bytes)
Event: 8.906 Thread 0x00007f382c0d7800 nmethod 1031 0x00007f381bf1f310 code [0x00007f381bf1f460, 0x00007f381bf1f4d8]

GC Heap History (10 events):
Event: 0.835 GC heap before
{Heap before GC invocations=2 (full 0):
 PSYoungGen      total 300544K, used 300540K [0x0000000670d00000, 0x0000000695800000, 0x00000007c0000000)
  eden space 258048K, 100% used [0x0000000670d00000,0x0000000680900000,0x0000000680900000)
  from space 42496K, 99% used [0x0000000680900000,0x000000068327f020,0x0000000683280000)
  to   space 42496K, 0% used [0x0000000692e80000,0x0000000692e80000,0x0000000695800000)
 ParOldGen       total 687104K, used 191432K [0x00000003d2600000, 0x00000003fc500000, 0x0000000670d00000)
  object space 687104K, 27% used [0x00000003d2600000,0x00000003de0f2000,0x00000003fc500000)
 Metaspace       used 3211K, capacity 4556K, committed 4864K, reserved 1056768K
  class space    used 334K, capacity 392K, committed 512K, reserved 1048576K
Event: 0.954 GC heap after
Heap after GC invocations=2 (full 0):
 PSYoungGen      total 558592K, used 42475K [0x0000000670d00000, 0x0000000695800000, 0x00000007c0000000)
  eden space 516096K, 0% used [0x0000000670d00000,0x0000000670d00000,0x0000000690500000)
  from space 42496K, 99% used [0x0000000692e80000,0x00000006957fac18,0x0000000695800000)
  to   space 42496K, 0% used [0x0000000690500000,0x0000000690500000,0x0000000692e80000)
 ParOldGen       total 687104K, used 433440K [0x00000003d2600000, 0x00000003fc500000, 0x0000000670d00000)
  object space 687104K, 63% used [0x00000003d2600000,0x00000003ecd48000,0x00000003fc500000)
 Metaspace       used 3211K, capacity 4556K, committed 4864K, reserved 1056768K
  class space    used 334K, capacity 392K, committed 512K, reserved 1048576K
}
Event: 0.954 GC heap before
{Heap before GC invocations=3 (full 1):
 PSYoungGen      total 558592K, used 42475K [0x0000000670d00000, 0x0000000695800000, 0x00000007c0000000)
  eden space 516096K, 0% used [0x0000000670d00000,0x0000000670d00000,0x0000000690500000)
  from space 42496K, 99% used [0x0000000692e80000,0x00000006957fac18,0x0000000695800000)
  to   space 42496K, 0% used [0x0000000690500000,0x0000000690500000,0x0000000692e80000)
 ParOldGen       total 687104K, used 433440K [0x00000003d2600000, 0x00000003fc500000, 0x0000000670d00000)
  object space 687104K, 63% used [0x00000003d2600000,0x00000003ecd48000,0x00000003fc500000)
 Metaspace       used 3211K, capacity 4556K, committed 4864K, reserved 1056768K
  class space    used 334K, capacity 392K, committed 512K, reserved 1048576K
Event: 1.548 GC heap after
Heap after GC invocations=3 (full 1):
 PSYoungGen      total 558592K, used 0K [0x0000000670d00000, 0x0000000695800000, 0x00000007c0000000)
  eden space 516096K, 0% used [0x0000000670d00000,0x0000000670d00000,0x0000000690500000)
  from space 42496K, 0% used [0x0000000692e80000,0x0000000692e80000,0x0000000695800000)
  to   space 42496K, 0% used [0x0000000690500000,0x0000000690500000,0x0000000692e80000)
 ParOldGen       total 1131520K, used 470357K [0x00000003d2600000, 0x0000000417700000, 0x0000000670d00000)
  object space 1131520K, 41% used [0x00000003d2600000,0x00000003ef155680,0x0000000417700000)
 Metaspace       used 3211K, capacity 4556K, committed 4864K, reserved 1056768K
  class space    used 334K, capacity 392K, committed 512K, reserved 1048576K
}
Event: 1.923 GC heap before
{Heap before GC invocations=4 (full 1):
 PSYoungGen      total 558592K, used 516096K [0x0000000670d00000, 0x0000000695800000, 0x00000007c0000000)
  eden space 516096K, 100% used [0x0000000670d00000,0x0000000690500000,0x0000000690500000)
  from space 42496K, 0% used [0x0000000692e80000,0x0000000692e80000,0x0000000695800000)
  to   space 42496K, 0% used [0x0000000690500000,0x0000000690500000,0x0000000692e80000)
 ParOldGen       total 1131520K, used 470357K [0x00000003d2600000, 0x0000000417700000, 0x0000000670d00000)
  object space 1131520K, 41% used [0x00000003d2600000,0x00000003ef155680,0x0000000417700000)
 Metaspace       used 3262K, capacity 4556K, committed 4864K, reserved 1056768K
  class space    used 337K, capacity 392K, committed 512K, reserved 1048576K
Event: 2.134 GC heap after
Heap after GC invocations=4 (full 1):
 PSYoungGen      total 558592K, used 42466K [0x0000000670d00000, 0x00000006a1f80000, 0x00000007c0000000)
  eden space 516096K, 0% used [0x0000000670d00000,0x0000000670d00000,0x0000000690500000)
  from space 42496K, 99% used [0x0000000690500000,0x0000000692e78a98,0x0000000692e80000)
  to   space 42496K, 0% used [0x000000069f600000,0x000000069f600000,0x00000006a1f80000)
 ParOldGen       total 1131520K, used 898421K [0x00000003d2600000, 0x0000000417700000, 0x0000000670d00000)
  object space 1131520K, 79% used [0x00000003d2600000,0x000000040935d680,0x0000000417700000)
 Metaspace       used 3262K, capacity 4556K, committed 4864K, reserved 1056768K
  class space    used 337K, capacity 392K, committed 512K, reserved 1048576K
}
Event: 2.134 GC heap before
{Heap before GC invocations=5 (full 2):
 PSYoungGen      total 558592K, used 42466K [0x0000000670d00000, 0x00000006a1f80000, 0x00000007c0000000)
  eden space 516096K, 0% used [0x0000000670d00000,0x0000000670d00000,0x0000000690500000)
  from space 42496K, 99% used [0x0000000690500000,0x0000000692e78a98,0x0000000692e80000)
  to   space 42496K, 0% used [0x000000069f600000,0x000000069f600000,0x00000006a1f80000)
 ParOldGen       total 1131520K, used 898421K [0x00000003d2600000, 0x0000000417700000, 0x0000000670d00000)
  object space 1131520K, 79% used [0x00000003d2600000,0x000000040935d680,0x0000000417700000)
 Metaspace       used 3262K, capacity 4556K, committed 4864K, reserved 1056768K
  class space    used 337K, capacity 392K, committed 512K, reserved 1048576K
Event: 2.888 GC heap after
Heap after GC invocations=5 (full 2):
 PSYoungGen      total 558592K, used 0K [0x0000000670d00000, 0x00000006a1f80000, 0x00000007c0000000)
  eden space 516096K, 0% used [0x0000000670d00000,0x0000000670d00000,0x0000000690500000)
  from space 42496K, 0% used [0x0000000690500000,0x0000000690500000,0x0000000692e80000)
  to   space 42496K, 0% used [0x000000069f600000,0x000000069f600000,0x00000006a1f80000)
 ParOldGen       total 2048512K, used 924967K [0x00000003d2600000, 0x000000044f680000, 0x0000000670d00000)
  object space 2048512K, 45% used [0x00000003d2600000,0x000000040ad49f78,0x000000044f680000)
 Metaspace       used 3262K, capacity 4556K, committed 4864K, reserved 1056768K
  class space    used 337K, capacity 392K, committed 512K, reserved 1048576K
}
Event: 3.583 GC heap before
{Heap before GC invocations=6 (full 2):
 PSYoungGen      total 558592K, used 516096K [0x0000000670d00000, 0x00000006a1f80000, 0x00000007c0000000)
  eden space 516096K, 100% used [0x0000000670d00000,0x0000000690500000,0x0000000690500000)
  from space 42496K, 0% used [0x0000000690500000,0x0000000690500000,0x0000000692e80000)
  to   space 42496K, 0% used [0x000000069f600000,0x000000069f600000,0x00000006a1f80000)
 ParOldGen       total 2048512K, used 924967K [0x00000003d2600000, 0x000000044f680000, 0x0000000670d00000)
  object space 2048512K, 45% used [0x00000003d2600000,0x000000040ad49f78,0x000000044f680000)
 Metaspace       used 4533K, capacity 4852K, committed 5120K, reserved 1056768K
  class space    used 475K, capacity 496K, committed 512K, reserved 1048576K
Event: 3.672 GC heap after
Heap after GC invocations=6 (full 2):
 PSYoungGen      total 714240K, used 42483K [0x0000000670d00000, 0x00000006a1f80000, 0x00000007c0000000)
  eden space 671744K, 0% used [0x0000000670d00000,0x0000000670d00000,0x0000000699d00000)
  from space 42496K, 99% used [0x000000069f600000,0x00000006a1f7cf50,0x00000006a1f80000)
  to   space 42496K, 0% used [0x000000069cc80000,0x000000069cc80000,0x000000069f600000)
 ParOldGen       total 2048512K, used 1058095K [0x00000003d2600000, 0x000000044f680000, 0x0000000670d00000)
  object space 2048512K, 51% used [0x00000003d2600000,0x0000000412f4bcc0,0x000000044f680000)
 Metaspace       used 4533K, capacity 4852K, committed 5120K, reserved 1056768K
  class space    used 475K, capacity 496K, committed 512K, reserved 1048576K
}

Deoptimization events (10 events):
Event: 4.668 Thread 0x00007f382c00c800 Uncommon trap: reason=class_check action=maybe_recompile pc=0x00007f381bd88e44 method=java.util.Hashtable.put(Ljava/lang/Object;Ljava/lang/Object;)Ljava/lang/Object; @ 18
Event: 4.669 Thread 0x00007f382c00c800 Uncommon trap: reason=class_check action=maybe_recompile pc=0x00007f381bd2b498 method=java.util.Hashtable.addEntry(ILjava/lang/Object;Ljava/lang/Object;I)V @ 38
Event: 4.670 Thread 0x00007f382c00c800 Uncommon trap: reason=class_check action=maybe_recompile pc=0x00007f381bd2b498 method=java.util.Hashtable.addEntry(ILjava/lang/Object;Ljava/lang/Object;I)V @ 38
Event: 4.671 Thread 0x00007f382c00c800 Uncommon trap: reason=class_check action=maybe_recompile pc=0x00007f381bd2b498 method=java.util.Hashtable.addEntry(ILjava/lang/Object;Ljava/lang/Object;I)V @ 38
Event: 4.672 Thread 0x00007f382c00c800 Uncommon trap: reason=class_check action=maybe_recompile pc=0x00007f381bcd360c method=java.lang.String.equals(Ljava/lang/Object;)Z @ 8
Event: 4.672 Thread 0x00007f382c00c800 Uncommon trap: reason=class_check action=maybe_recompile pc=0x00007f381bcd360c method=java.lang.String.equals(Ljava/lang/Object;)Z @ 8
Event: 4.672 Thread 0x00007f382c00c800 Uncommon trap: reason=class_check action=maybe_recompile pc=0x00007f381bcd360c method=java.lang.String.equals(Ljava/lang/Object;)Z @ 8
Event: 4.672 Thread 0x00007f382c00c800 Uncommon trap: reason=class_check action=maybe_recompile pc=0x00007f381bcd360c method=java.lang.String.equals(Ljava/lang/Object;)Z @ 8
Event: 4.674 Thread 0x00007f382c00c800 Uncommon trap: reason=class_check action=maybe_recompile pc=0x00007f381bd2b498 method=java.util.Hashtable.addEntry(ILjava/lang/Object;Ljava/lang/Object;I)V @ 38
Event: 4.701 Thread 0x00007f382c00c800 Uncommon trap: reason=unstable_if action=reinterpret pc=0x00007f381be88e20 method=java.util.Hashtable.get(Ljava/lang/Object;)Ljava/lang/Object; @ 48

Internal exceptions (10 events):
Event: 4.310 Thread 0x00007f382c00c800 Exception <a 'java/lang/NoSuchFieldError': method resolution failed> (0x0000000689600550) thrown at [/HUDSON/workspace/8-2-build-linux-amd64/jdk8u92/6642/hotspot/src/share/vm/prims/methodHandles.cpp, line 1146]
Event: 4.323 Thread 0x00007f382c00c800 Exception <a 'java/lang/NoSuchFieldError': method resolution failed> (0x000000068960d8c0) thrown at [/HUDSON/workspace/8-2-build-linux-amd64/jdk8u92/6642/hotspot/src/share/vm/prims/methodHandles.cpp, line 1146]
Event: 4.346 Thread 0x00007f382c00c800 Exception <a 'java/lang/NoSuchMethodError': <clinit>> (0x0000000689693070) thrown at [/HUDSON/workspace/8-2-build-linux-amd64/jdk8u92/6642/hotspot/src/share/vm/prims/jni.cpp, line 1613]
Event: 4.355 Thread 0x00007f382c00c800 Exception <a 'java/lang/NoSuchMethodError': <clinit>> (0x00000006896cab10) thrown at [/HUDSON/workspace/8-2-build-linux-amd64/jdk8u92/6642/hotspot/src/share/vm/prims/jni.cpp, line 1613]
Event: 4.357 Thread 0x00007f382c00c800 Exception <a 'java/lang/NoSuchMethodError': <clinit>> (0x00000006896d7e48) thrown at [/HUDSON/workspace/8-2-build-linux-amd64/jdk8u92/6642/hotspot/src/share/vm/prims/jni.cpp, line 1613]
Event: 4.358 Thread 0x00007f382c00c800 Exception <a 'java/lang/NoSuchMethodError': <clinit>> (0x00000006896e71f0) thrown at [/HUDSON/workspace/8-2-build-linux-amd64/jdk8u92/6642/hotspot/src/share/vm/prims/jni.cpp, line 1613]
Event: 4.361 Thread 0x00007f382c00c800 Exception <a 'java/lang/NoSuchMethodError': <clinit>> (0x0000000689704cb8) thrown at [/HUDSON/workspace/8-2-build-linux-amd64/jdk8u92/6642/hotspot/src/share/vm/prims/jni.cpp, line 1613]
Event: 4.362 Thread 0x00007f382c00c800 Exception <a 'java/lang/NoSuchMethodError': <clinit>> (0x0000000689712ae8) thrown at [/HUDSON/workspace/8-2-build-linux-amd64/jdk8u92/6642/hotspot/src/share/vm/prims/jni.cpp, line 1613]
Event: 4.563 Thread 0x00007f382c00c800 Exception <a 'java/lang/NoSuchMethodError': <clinit>> (0x00000006897d14a0) thrown at [/HUDSON/workspace/8-2-build-linux-amd64/jdk8u92/6642/hotspot/src/share/vm/prims/jni.cpp, line 1613]
Event: 4.658 Thread 0x00007f382c00c800 Exception <a 'java/lang/NoSuchMethodError': <clinit>> (0x00000006898a0200) thrown at [/HUDSON/workspace/8-2-build-linux-amd64/jdk8u92/6642/hotspot/src/share/vm/prims/jni.cpp, line 1613]

Events (10 events):
Event: 4.672 Thread 0x00007f382c00c800 DEOPT PACKING pc=0x00007f381bcd360c sp=0x00007f3832269490
Event: 4.672 Thread 0x00007f382c00c800 DEOPT UNPACKING pc=0x00007f381ba6e229 sp=0x00007f3832269450 mode 2
Event: 4.674 Thread 0x00007f382c00c800 Uncommon trap: trap_request=0xffffffde fr.pc=0x00007f381bd2b498
Event: 4.674 Thread 0x00007f382c00c800 DEOPT PACKING pc=0x00007f381bd2b498 sp=0x00007f38322692d0
Event: 4.674 Thread 0x00007f382c00c800 DEOPT UNPACKING pc=0x00007f381ba6e229 sp=0x00007f38322692c8 mode 2
Event: 4.701 Thread 0x00007f382c00c800 Uncommon trap: trap_request=0xffffff65 fr.pc=0x00007f381be88e20
Event: 4.701 Thread 0x00007f382c00c800 DEOPT PACKING pc=0x00007f381be88e20 sp=0x00007f3832269510
Event: 4.701 Thread 0x00007f382c00c800 DEOPT UNPACKING pc=0x00007f381ba6e229 sp=0x00007f38322694d8 mode 2
Event: 7.513 Thread 0x00007f382c00c800 DEOPT PACKING pc=0x00007f381bc522c9 sp=0x00007f38322696d0
Event: 7.513 Thread 0x00007f382c00c800 DEOPT UNPACKING pc=0x00007f381bab0633 sp=0x00007f3832269518 mode 0


Dynamic libraries:
00400000-00401000 r-xp 00000000 09:01 43516052                           /opt/jdk/jdk1.8.0_92/bin/java
00600000-00601000 rw-p 00000000 09:01 43516052                           /opt/jdk/jdk1.8.0_92/bin/java
01459000-0147a000 rw-p 00000000 00:00 0                                  [heap]
3d2600000-44f680000 rw-p 00000000 00:00 0 
44f680000-670d00000 ---p 00000000 00:00 0 
670d00000-6a1f80000 rw-p 00000000 00:00 0 
6a1f80000-7c0000000 ---p 00000000 00:00 0 
7c0000000-7c00e0000 rw-p 00000000 00:00 0 
7c00e0000-800000000 ---p 00000000 00:00 0 
800000000-800100000 rw-s 107516f000 00:06 474                            /dev/nvidiactl
800100000-804100000 ---p 00000000 00:00 0 
804100000-804200000 rw-s f34de3000 00:06 474                             /dev/nvidiactl
804200000-804300000 ---p 00000000 00:00 0 
804300000-804400000 rw-s f402e0000 00:06 474                             /dev/nvidiactl
804400000-1d00000000 ---p 00000000 00:00 0 
7f3774000000-7f3776d8a000 rw-p 00000000 00:00 0 
7f3776d8a000-7f3778000000 ---p 00000000 00:00 0 
7f377c000000-7f3784000000 rw-p 00000000 00:00 0 
7f3784000000-7f3784021000 rw-p 00000000 00:00 0 
7f3784021000-7f3788000000 ---p 00000000 00:00 0 
7f378938e000-7f3789411000 r-xp 00000000 09:01 23068992                   /home/willie/libraries/JCuda-All-0.7.5-bin-Linux-x86_64/libJCudaRuntime-linux-x86_64.so
7f3789411000-7f3789611000 ---p 00083000 09:01 23068992                   /home/willie/libraries/JCuda-All-0.7.5-bin-Linux-x86_64/libJCudaRuntime-linux-x86_64.so
7f3789611000-7f3789615000 rw-p 00083000 09:01 23068992                   /home/willie/libraries/JCuda-All-0.7.5-bin-Linux-x86_64/libJCudaRuntime-linux-x86_64.so
7f3789615000-7f3789846000 rw-p 00000000 00:00 0 
7f378984f000-7f3789875000 r-xp 00000000 09:01 23068988                   /home/willie/libraries/JCuda-All-0.7.5-bin-Linux-x86_64/libJCublas-linux-x86_64.so
7f3789875000-7f3789a75000 ---p 00026000 09:01 23068988                   /home/willie/libraries/JCuda-All-0.7.5-bin-Linux-x86_64/libJCublas-linux-x86_64.so
7f3789a75000-7f3789a76000 rw-p 00026000 09:01 23068988                   /home/willie/libraries/JCuda-All-0.7.5-bin-Linux-x86_64/libJCublas-linux-x86_64.so
7f3789a76000-7f378b13f000 r-xp 00000000 09:01 17829161                   /usr/local/cuda-7.5/targets/x86_64-linux/lib/libcublas.so.7.5.18
7f378b13f000-7f378b33e000 ---p 016c9000 09:01 17829161                   /usr/local/cuda-7.5/targets/x86_64-linux/lib/libcublas.so.7.5.18
7f378b33e000-7f378b34a000 rw-p 016c8000 09:01 17829161                   /usr/local/cuda-7.5/targets/x86_64-linux/lib/libcublas.so.7.5.18
7f378b34a000-7f378b355000 rw-p 00000000 00:00 0 
7f378b355000-7f378b3fb000 r-xp 00000000 09:01 23068989                   /home/willie/libraries/JCuda-All-0.7.5-bin-Linux-x86_64/libJCublas2-linux-x86_64.so
7f378b3fb000-7f378b5fa000 ---p 000a6000 09:01 23068989                   /home/willie/libraries/JCuda-All-0.7.5-bin-Linux-x86_64/libJCublas2-linux-x86_64.so
7f378b5fa000-7f378b5ff000 rw-p 000a5000 09:01 23068989                   /home/willie/libraries/JCuda-All-0.7.5-bin-Linux-x86_64/libJCublas2-linux-x86_64.so
7f378b5ff000-7f378b6ff000 rw-s f57f66000 00:06 474                       /dev/nvidiactl
7f378b6ff000-7f378b7ff000 rw-s f57e03000 00:06 474                       /dev/nvidiactl
7f378b7ff000-7f378b800000 ---p 00000000 00:00 0 
7f378b800000-7f378c000000 rw-p 00000000 00:00 0 
7f378c000000-7f378c021000 rw-p 00000000 00:00 0 
7f378c021000-7f3790000000 ---p 00000000 00:00 0 
7f3790000000-7f3790400000 rw-s f3db92000 00:06 474                       /dev/nvidiactl
7f3790400000-7f3790800000 rw-s f31b7b000 00:06 474                       /dev/nvidiactl
7f3790800000-7f3790c00000 rw-s e98d10000 00:06 474                       /dev/nvidiactl
7f3790c00000-7f3791000000 rw-s f3550d000 00:06 474                       /dev/nvidiactl
7f3791000000-7f3791400000 rw-s f333f8000 00:06 474                       /dev/nvidiactl
7f3791400000-7f3791800000 rw-s 1014f11000 00:06 474                      /dev/nvidiactl
7f3791800000-7f3791c00000 rw-s f3ffaa000 00:06 474                       /dev/nvidiactl
7f3791c00000-7f3792000000 rw-s f318de000 00:06 474                       /dev/nvidiactl
7f3792000000-7f3792400000 rw-s 100a834000 00:06 474                      /dev/nvidiactl
7f3792400000-7f3792800000 rw-s f31c21000 00:06 474                       /dev/nvidiactl
7f3792800000-7f3792c00000 rw-s f35862000 00:06 474                       /dev/nvidiactl
7f3792c00000-7f3793000000 rw-s f41fc0000 00:06 474                       /dev/nvidiactl
7f3793000000-7f3793400000 rw-s f40a41000 00:06 474                       /dev/nvidiactl
7f3793400000-7f3793800000 rw-s f0ad56000 00:06 474                       /dev/nvidiactl
7f3793800000-7f3793c00000 rw-s f3fa4e000 00:06 474                       /dev/nvidiactl
7f3793c00000-7f3794000000 rw-s 100ab39000 00:06 474                      /dev/nvidiactl
7f3794000000-7f3794021000 rw-p 00000000 00:00 0 
7f3794021000-7f3798000000 ---p 00000000 00:00 0 
7f3798000000-7f3798021000 rw-p 00000000 00:00 0 
7f3798021000-7f379c000000 ---p 00000000 00:00 0 
7f379c000000-7f379ccab000 rw-p 00000000 00:00 0 
7f379ccab000-7f37a0000000 ---p 00000000 00:00 0 
7f37a0000000-7f37a0224000 rw-p 00000000 00:00 0 
7f37a0224000-7f37a4000000 ---p 00000000 00:00 0 
7f37a4000000-7f37a713c000 rw-p 00000000 00:00 0 
7f37a713c000-7f37a8000000 ---p 00000000 00:00 0 
7f37a8000000-7f37a895b000 rw-p 00000000 00:00 0 
7f37a895b000-7f37ac000000 ---p 00000000 00:00 0 
7f37ac000000-7f37ac021000 rw-p 00000000 00:00 0 
7f37ac021000-7f37b0000000 ---p 00000000 00:00 0 
7f37b0000000-7f37b0021000 rw-p 00000000 00:00 0 
7f37b0021000-7f37b4000000 ---p 00000000 00:00 0 
7f37b4000000-7f37b4021000 rw-p 00000000 00:00 0 
7f37b4021000-7f37b8000000 ---p 00000000 00:00 0 
7f37b8000000-7f37b8021000 rw-p 00000000 00:00 0 
7f37b8021000-7f37bc000000 ---p 00000000 00:00 0 
7f37bc000000-7f37bc021000 rw-p 00000000 00:00 0 
7f37bc021000-7f37c0000000 ---p 00000000 00:00 0 
7f37c0000000-7f37c0021000 rw-p 00000000 00:00 0 
7f37c0021000-7f37c4000000 ---p 00000000 00:00 0 
7f37c4000000-7f37c4021000 rw-p 00000000 00:00 0 
7f37c4021000-7f37c8000000 ---p 00000000 00:00 0 
7f37c801d000-7f37c801e000 rw-p 00000000 00:00 0 
7f37c801e000-7f37c80fe000 rw-s f3ffca000 00:06 474                       /dev/nvidiactl
7f37c80fe000-7f37c81fe000 rw-s f34cbe000 00:06 474                       /dev/nvidiactl
7f37c81fe000-7f37c81ff000 rw-s efd64000 00:06 442                        /dev/nvidia0
7f37c81ff000-7f37c8200000 rw-s f3441e000 00:06 474                       /dev/nvidiactl
7f37c8200000-7f37c8204000 rw-s e0400000 00:06 442                        /dev/nvidia0
7f37c8204000-7f37c8205000 rw-s efd64000 00:06 442                        /dev/nvidia0
7f37c8205000-7f37c8206000 rw-s f3db89000 00:06 474                       /dev/nvidiactl
7f37c8206000-7f37c820a000 rw-s e03e0000 00:06 442                        /dev/nvidia0
7f37c820a000-7f37c820b000 rw-s efd64000 00:06 442                        /dev/nvidia0
7f37c820b000-7f37c820c000 rw-s f31b72000 00:06 474                       /dev/nvidiactl
7f37c820c000-7f37c8210000 rw-s e03c0000 00:06 442                        /dev/nvidia0
7f37c8210000-7f37c8211000 rw-s efd64000 00:06 442                        /dev/nvidia0
7f37c8211000-7f37c8212000 rw-s f32beb000 00:06 474                       /dev/nvidiactl
7f37c8212000-7f37c8216000 rw-s e03a0000 00:06 442                        /dev/nvidia0
7f37c8216000-7f37c8217000 rw-s efd64000 00:06 442                        /dev/nvidia0
7f37c8217000-7f37c8218000 rw-s f35504000 00:06 474                       /dev/nvidiactl
7f37c8218000-7f37c821c000 rw-s e0380000 00:06 442                        /dev/nvidia0
7f37c821c000-7f37c821d000 rw-s efd64000 00:06 442                        /dev/nvidia0
7f37c821d000-7f37c821e000 rw-s f33baf000 00:06 474                       /dev/nvidiactl
7f37c821e000-7f37c8222000 rw-s e0360000 00:06 442                        /dev/nvidia0
7f37c8222000-7f37c8223000 rw-s efd64000 00:06 442                        /dev/nvidia0
7f37c8223000-7f37c8227000 rw-s e0340000 00:06 442                        /dev/nvidia0
7f37c8227000-7f37c8228000 ---p 00000000 00:00 0 
7f37c8228000-7f37c8a28000 rw-p 00000000 00:00 0 
7f37c8a28000-7f37c8a3e000 r-xp 00000000 09:01 17825985                   /lib/x86_64-linux-gnu/libgcc_s.so.1
7f37c8a3e000-7f37c8c3d000 ---p 00016000 09:01 17825985                   /lib/x86_64-linux-gnu/libgcc_s.so.1
7f37c8c3d000-7f37c8c3e000 rw-p 00015000 09:01 17825985                   /lib/x86_64-linux-gnu/libgcc_s.so.1
7f37c8c3e000-7f37c8d24000 r-xp 00000000 09:01 17567569                   /usr/lib/x86_64-linux-gnu/libstdc++.so.6.0.19
7f37c8d24000-7f37c8f23000 ---p 000e6000 09:01 17567569                   /usr/lib/x86_64-linux-gnu/libstdc++.so.6.0.19
7f37c8f23000-7f37c8f2b000 r--p 000e5000 09:01 17567569                   /usr/lib/x86_64-linux-gnu/libstdc++.so.6.0.19
7f37c8f2b000-7f37c8f2d000 rw-p 000ed000 09:01 17567569                   /usr/lib/x86_64-linux-gnu/libstdc++.so.6.0.19
7f37c8f2d000-7f37c8f42000 rw-p 00000000 00:00 0 
7f37c8f42000-7f37c9b24000 r-xp 00000000 09:01 17564044                   /usr/lib/x86_64-linux-gnu/libcuda.so.352.63
7f37c9b24000-7f37c9d23000 ---p 00be2000 09:01 17564044                   /usr/lib/x86_64-linux-gnu/libcuda.so.352.63
7f37c9d23000-7f37c9ee1000 rw-p 00be1000 09:01 17564044                   /usr/lib/x86_64-linux-gnu/libcuda.so.352.63
7f37c9ee1000-7f37c9ef7000 rw-p 00000000 00:00 0 
7f37c9ef7000-7f37c9ef8000 rw-s f33738000 00:06 474                       /dev/nvidiactl
7f37c9ef8000-7f37c9ef9000 rw-s efd64000 00:06 442                        /dev/nvidia0
7f37c9ef9000-7f37c9efa000 rw-s f3ffa0000 00:06 474                       /dev/nvidiactl
7f37c9efa000-7f37c9efe000 rw-s e0320000 00:06 442                        /dev/nvidia0
7f37c9efe000-7f37c9eff000 rw-s efd63000 00:06 442                        /dev/nvidia0
7f37c9eff000-7f37c9f00000 rw-s f3ddb8000 00:06 474                       /dev/nvidiactl
7f37c9f00000-7f37c9f04000 rw-s e0300000 00:06 442                        /dev/nvidia0
7f37c9f04000-7f37c9f05000 rw-s efd63000 00:06 442                        /dev/nvidia0
7f37c9f05000-7f37c9f06000 rw-s fe257f000 00:06 474                       /dev/nvidiactl
7f37c9f06000-7f37c9f0a000 rw-s e02e0000 00:06 442                        /dev/nvidia0
7f37c9f0a000-7f37c9f0b000 rw-s efd63000 00:06 442                        /dev/nvidia0
7f37c9f0b000-7f37c9f0c000 rw-s f31c20000 00:06 474                       /dev/nvidiactl
7f37c9f0c000-7f37c9f10000 rw-s e02c0000 00:06 442                        /dev/nvidia0
7f37c9f10000-7f37c9f11000 rw-s efd63000 00:06 442                        /dev/nvidia0
7f37c9f11000-7f37c9f15000 rw-s e02a0000 00:06 442                        /dev/nvidia0
7f37c9f15000-7f37c9f44000 r-xp 00000000 09:01 23068991                   /home/willie/libraries/JCuda-All-0.7.5-bin-Linux-x86_64/libJCudaDriver-linux-x86_64.so
7f37c9f44000-7f37ca143000 ---p 0002f000 09:01 23068991                   /home/willie/libraries/JCuda-All-0.7.5-bin-Linux-x86_64/libJCudaDriver-linux-x86_64.so
7f37ca143000-7f37ca145000 rw-p 0002e000 09:01 23068991                   /home/willie/libraries/JCuda-All-0.7.5-bin-Linux-x86_64/libJCudaDriver-linux-x86_64.so
7f37ca145000-7f37ca168000 r--s 001ba000 09:01 23069631                   /home/willie/workspace/mlGPU/Libraries/commons-math3-3.3/commons-math3-3.3.jar
7f37ca168000-7f37ca199000 rw-p 00000000 00:00 0 
7f37ca199000-7f37ca1af000 r-xp 00000000 09:01 43517804                   /opt/jdk/jdk1.8.0_92/jre/lib/amd64/libnet.so
7f37ca1af000-7f37ca3af000 ---p 00016000 09:01 43517804                   /opt/jdk/jdk1.8.0_92/jre/lib/amd64/libnet.so
7f37ca3af000-7f37ca3b0000 rw-p 00016000 09:01 43517804                   /opt/jdk/jdk1.8.0_92/jre/lib/amd64/libnet.so
7f37ca3b0000-7f37ca3c1000 r-xp 00000000 09:01 43517807                   /opt/jdk/jdk1.8.0_92/jre/lib/amd64/libnio.so
7f37ca3c1000-7f37ca5c0000 ---p 00011000 09:01 43517807                   /opt/jdk/jdk1.8.0_92/jre/lib/amd64/libnio.so
7f37ca5c0000-7f37ca5c1000 rw-p 00010000 09:01 43517807                   /opt/jdk/jdk1.8.0_92/jre/lib/amd64/libnio.so
7f37ca5c1000-7f37ca638000 r--s 006aa000 09:01 29098390                   /home/willie/workspace/Globus/libraries/gs-ui-1.2/gs-ui-1.2.jar
7f37ca638000-7f37ca646000 r--s 000cb000 09:01 29098380                   /home/willie/workspace/Globus/libraries/gs-core-1.2/gs-core-1.2.jar
7f37ca646000-7f37ca647000 ---p 00000000 00:00 0 
7f37ca647000-7f37ca747000 rw-p 00000000 00:00 0 
7f37ca747000-7f37ca74a000 ---p 00000000 00:00 0 
7f37ca74a000-7f37ca848000 rw-p 00000000 00:00 0 
7f37ca848000-7f37ca84b000 ---p 00000000 00:00 0 
7f37ca84b000-7f37ca949000 rw-p 00000000 00:00 0 
7f37ca949000-7f37ca94c000 ---p 00000000 00:00 0 
7f37ca94c000-7f37caa4a000 rw-p 00000000 00:00 0 
7f37caa4a000-7f37caa4d000 ---p 00000000 00:00 0 
7f37caa4d000-7f37cab4b000 rw-p 00000000 00:00 0 
7f37cab4b000-7f37cab4e000 ---p 00000000 00:00 0 
7f37cab4e000-7f37cac4c000 rw-p 00000000 00:00 0 
7f37cac4c000-7f37cac4f000 ---p 00000000 00:00 0 
7f37cac4f000-7f37cad4d000 rw-p 00000000 00:00 0 
7f37cad4d000-7f37cad50000 ---p 00000000 00:00 0 
7f37cad50000-7f37cae4e000 rw-p 00000000 00:00 0 
7f37cae4e000-7f37cae51000 ---p 00000000 00:00 0 
7f37cae51000-7f37caf4f000 rw-p 00000000 00:00 0 
7f37caf4f000-7f37caf53000 r-xp 00000000 09:01 43517770                   /opt/jdk/jdk1.8.0_92/jre/lib/amd64/libdt_socket.so
7f37caf53000-7f37cb152000 ---p 00004000 09:01 43517770                   /opt/jdk/jdk1.8.0_92/jre/lib/amd64/libdt_socket.so
7f37cb152000-7f37cb153000 rw-p 00003000 09:01 43517770                   /opt/jdk/jdk1.8.0_92/jre/lib/amd64/libdt_socket.so
7f37cb153000-7f37cb156000 ---p 00000000 00:00 0 
7f37cb156000-7f37cb254000 rw-p 00000000 00:00 0 
7f37cb254000-7f37cb257000 ---p 00000000 00:00 0 
7f37cb257000-7f37cb355000 rw-p 00000000 00:00 0 
7f37cb355000-7f37cb358000 ---p 00000000 00:00 0 
7f37cb358000-7f37cb456000 rw-p 00000000 00:00 0 
7f37cb456000-7f37cb457000 ---p 00000000 00:00 0 
7f37cb457000-7f37ec000000 rw-p 00000000 00:00 0 
7f37ec000000-7f37ec021000 rw-p 00000000 00:00 0 
7f37ec021000-7f37f0000000 ---p 00000000 00:00 0 
7f37f0000000-7f37f050d000 rw-p 00000000 00:00 0 
7f37f050d000-7f37f4000000 ---p 00000000 00:00 0 
7f37f4000000-7f37f4021000 rw-p 00000000 00:00 0 
7f37f4021000-7f37f8000000 ---p 00000000 00:00 0 
7f37f8000000-7f37f8021000 rw-p 00000000 00:00 0 
7f37f8021000-7f37fc000000 ---p 00000000 00:00 0 
7f37fc000000-7f37fc021000 rw-p 00000000 00:00 0 
7f37fc021000-7f3800000000 ---p 00000000 00:00 0 
7f3800000000-7f3800021000 rw-p 00000000 00:00 0 
7f3800021000-7f3804000000 ---p 00000000 00:00 0 
7f3804000000-7f3804021000 rw-p 00000000 00:00 0 
7f3804021000-7f3808000000 ---p 00000000 00:00 0 
7f3808000000-7f3808021000 rw-p 00000000 00:00 0 
7f3808021000-7f380c000000 ---p 00000000 00:00 0 
7f380c000000-7f380c021000 rw-p 00000000 00:00 0 
7f380c021000-7f3810000000 ---p 00000000 00:00 0 
7f3810000000-7f3810021000 rw-p 00000000 00:00 0 
7f3810021000-7f3814000000 ---p 00000000 00:00 0 
7f3814000000-7f3814001000 rw-s f35861000 00:06 474                       /dev/nvidiactl
7f3814001000-7f3814002000 rw-s efd63000 00:06 442                        /dev/nvidia0
7f3814002000-7f3814006000 rw-s e0280000 00:06 442                        /dev/nvidia0
7f3814006000-7f381400a000 rw-s e0260000 00:06 442                        /dev/nvidia0
7f381400a000-7f3814ebd000 rw-p 00000000 00:00 0 
7f3814ebd000-7f3815096000 r--s 03d24000 09:01 43517598                   /opt/jdk/jdk1.8.0_92/jre/lib/rt.jar
7f3815096000-7f38156d6000 rw-p 00000000 00:00 0 
7f38156d6000-7f3815896000 ---p 00000000 00:00 0 
7f3815896000-7f381793e000 rw-p 00000000 00:00 0 
7f381793e000-7f381793f000 ---p 00000000 00:00 0 
7f381793f000-7f3817a3f000 rw-p 00000000 00:00 0 
7f3817a3f000-7f3817a40000 ---p 00000000 00:00 0 
7f3817a40000-7f3817b40000 rw-p 00000000 00:00 0 
7f3817b40000-7f3817b41000 ---p 00000000 00:00 0 
7f3817b41000-7f3817c41000 rw-p 00000000 00:00 0 
7f3817c41000-7f3817c42000 ---p 00000000 00:00 0 
7f3817c42000-7f3817d42000 rw-p 00000000 00:00 0 
7f3817d42000-7f3817d43000 ---p 00000000 00:00 0 
7f3817d43000-7f3817e43000 rw-p 00000000 00:00 0 
7f3817e43000-7f3817e44000 ---p 00000000 00:00 0 
7f3817e44000-7f3817f44000 rw-p 00000000 00:00 0 
7f3817f44000-7f3817f45000 ---p 00000000 00:00 0 
7f3817f45000-7f3818045000 rw-p 00000000 00:00 0 
7f3818045000-7f3818046000 ---p 00000000 00:00 0 
7f3818046000-7f3818146000 rw-p 00000000 00:00 0 
7f3818146000-7f3818147000 ---p 00000000 00:00 0 
7f3818147000-7f3818630000 rw-p 00000000 00:00 0 
7f3818630000-7f381973b000 ---p 00000000 00:00 0 
7f381973b000-7f3819b24000 rw-p 00000000 00:00 0 
7f3819b24000-7f381ac2e000 ---p 00000000 00:00 0 
7f381ac2e000-7f381adb8000 rw-p 00000000 00:00 0 
7f381adb8000-7f381b6a8000 ---p 00000000 00:00 0 
7f381b6a8000-7f381b6be000 rw-p 00000000 00:00 0 
7f381b6be000-7f381ba69000 ---p 00000000 00:00 0 
7f381ba69000-7f381bf89000 rwxp 00000000 00:00 0 
7f381bf89000-7f382aa69000 ---p 00000000 00:00 0 
7f382aa69000-7f382aa83000 r-xp 00000000 09:01 43517800                   /opt/jdk/jdk1.8.0_92/jre/lib/amd64/libzip.so
7f382aa83000-7f382ac83000 ---p 0001a000 09:01 43517800                   /opt/jdk/jdk1.8.0_92/jre/lib/amd64/libzip.so
7f382ac83000-7f382ac84000 rw-p 0001a000 09:01 43517800                   /opt/jdk/jdk1.8.0_92/jre/lib/amd64/libzip.so
7f382ac84000-7f382ac8e000 r-xp 00000000 09:01 17826018                   /lib/x86_64-linux-gnu/libnss_files-2.19.so
7f382ac8e000-7f382ae8d000 ---p 0000a000 09:01 17826018                   /lib/x86_64-linux-gnu/libnss_files-2.19.so
7f382ae8d000-7f382ae8e000 r--p 00009000 09:01 17826018                   /lib/x86_64-linux-gnu/libnss_files-2.19.so
7f382ae8e000-7f382ae8f000 rw-p 0000a000 09:01 17826018                   /lib/x86_64-linux-gnu/libnss_files-2.19.so
7f382ae8f000-7f382ae9a000 r-xp 00000000 09:01 17825978                   /lib/x86_64-linux-gnu/libnss_nis-2.19.so
7f382ae9a000-7f382b099000 ---p 0000b000 09:01 17825978                   /lib/x86_64-linux-gnu/libnss_nis-2.19.so
7f382b099000-7f382b09a000 r--p 0000a000 09:01 17825978                   /lib/x86_64-linux-gnu/libnss_nis-2.19.so
7f382b09a000-7f382b09b000 rw-p 0000b000 09:01 17825978                   /lib/x86_64-linux-gnu/libnss_nis-2.19.so
7f382b09b000-7f382b0b2000 r-xp 00000000 09:01 17825968                   /lib/x86_64-linux-gnu/libnsl-2.19.so
7f382b0b2000-7f382b2b1000 ---p 00017000 09:01 17825968                   /lib/x86_64-linux-gnu/libnsl-2.19.so
7f382b2b1000-7f382b2b2000 r--p 00016000 09:01 17825968                   /lib/x86_64-linux-gnu/libnsl-2.19.so
7f382b2b2000-7f382b2b3000 rw-p 00017000 09:01 17825968                   /lib/x86_64-linux-gnu/libnsl-2.19.so
7f382b2b3000-7f382b2b5000 rw-p 00000000 00:00 0 
7f382b2b5000-7f382b2be000 r-xp 00000000 09:01 17825967                   /lib/x86_64-linux-gnu/libnss_compat-2.19.so
7f382b2be000-7f382b4bd000 ---p 00009000 09:01 17825967                   /lib/x86_64-linux-gnu/libnss_compat-2.19.so
7f382b4bd000-7f382b4be000 r--p 00008000 09:01 17825967                   /lib/x86_64-linux-gnu/libnss_compat-2.19.so
7f382b4be000-7f382b4bf000 rw-p 00009000 09:01 17825967                   /lib/x86_64-linux-gnu/libnss_compat-2.19.so
7f382b4bf000-7f382b788000 r--p 00000000 09:01 17568210                   /usr/lib/locale/locale-archive
7f382b788000-7f382b78a000 r-xp 00000000 09:01 43517771                   /opt/jdk/jdk1.8.0_92/jre/lib/amd64/libnpt.so
7f382b78a000-7f382b98a000 ---p 00002000 09:01 43517771                   /opt/jdk/jdk1.8.0_92/jre/lib/amd64/libnpt.so
7f382b98a000-7f382b98b000 rw-p 00002000 09:01 43517771                   /opt/jdk/jdk1.8.0_92/jre/lib/amd64/libnpt.so
7f382b98b000-7f382b9c4000 r-xp 00000000 09:01 43517789                   /opt/jdk/jdk1.8.0_92/jre/lib/amd64/libjdwp.so
7f382b9c4000-7f382bbc3000 ---p 00039000 09:01 43517789                   /opt/jdk/jdk1.8.0_92/jre/lib/amd64/libjdwp.so
7f382bbc3000-7f382bbc5000 rw-p 00038000 09:01 43517789                   /opt/jdk/jdk1.8.0_92/jre/lib/amd64/libjdwp.so
7f382bbc5000-7f382bbef000 r-xp 00000000 09:01 43517795                   /opt/jdk/jdk1.8.0_92/jre/lib/amd64/libjava.so
7f382bbef000-7f382bdef000 ---p 0002a000 09:01 43517795                   /opt/jdk/jdk1.8.0_92/jre/lib/amd64/libjava.so
7f382bdef000-7f382bdf1000 rw-p 0002a000 09:01 43517795                   /opt/jdk/jdk1.8.0_92/jre/lib/amd64/libjava.so
7f382bdf1000-7f382bdfe000 r-xp 00000000 09:01 43517799                   /opt/jdk/jdk1.8.0_92/jre/lib/amd64/libverify.so
7f382bdfe000-7f382bffe000 ---p 0000d000 09:01 43517799                   /opt/jdk/jdk1.8.0_92/jre/lib/amd64/libverify.so
7f382bffe000-7f382c000000 rw-p 0000d000 09:01 43517799                   /opt/jdk/jdk1.8.0_92/jre/lib/amd64/libverify.so
7f382c000000-7f3830000000 rw-p 00000000 00:00 0 
7f3830000000-7f3830001000 rw-s f41f15000 00:06 474                       /dev/nvidiactl
7f3830001000-7f3830002000 rw-s efd63000 00:06 442                        /dev/nvidia0
7f3830002000-7f3830003000 rw-s f34140000 00:06 474                       /dev/nvidiactl
7f3830003000-7f3830004000 rw-s efd63000 00:06 442                        /dev/nvidia0
7f3830004000-7f3830005000 rw-s f401a4000 00:06 474                       /dev/nvidiactl
7f3830005000-7f383007b000 rw-p 00000000 00:00 0 
7f383007b000-7f383007c000 ---p 00000000 00:00 0 
7f383007c000-7f383017c000 rw-p 00000000 00:00 0 
7f383017c000-7f3830183000 r-xp 00000000 09:01 17826014                   /lib/x86_64-linux-gnu/librt-2.19.so
7f3830183000-7f3830382000 ---p 00007000 09:01 17826014                   /lib/x86_64-linux-gnu/librt-2.19.so
7f3830382000-7f3830383000 r--p 00006000 09:01 17826014                   /lib/x86_64-linux-gnu/librt-2.19.so
7f3830383000-7f3830384000 rw-p 00007000 09:01 17826014                   /lib/x86_64-linux-gnu/librt-2.19.so
7f3830384000-7f3830489000 r-xp 00000000 09:01 17825945                   /lib/x86_64-linux-gnu/libm-2.19.so
7f3830489000-7f3830688000 ---p 00105000 09:01 17825945                   /lib/x86_64-linux-gnu/libm-2.19.so
7f3830688000-7f3830689000 r--p 00104000 09:01 17825945                   /lib/x86_64-linux-gnu/libm-2.19.so
7f3830689000-7f383068a000 rw-p 00105000 09:01 17825945                   /lib/x86_64-linux-gnu/libm-2.19.so
7f383068a000-7f383134d000 r-xp 00000000 09:01 43517778                   /opt/jdk/jdk1.8.0_92/jre/lib/amd64/server/libjvm.so
7f383134d000-7f383154c000 ---p 00cc3000 09:01 43517778                   /opt/jdk/jdk1.8.0_92/jre/lib/amd64/server/libjvm.so
7f383154c000-7f3831625000 rw-p 00cc2000 09:01 43517778                   /opt/jdk/jdk1.8.0_92/jre/lib/amd64/server/libjvm.so
7f3831625000-7f3831670000 rw-p 00000000 00:00 0 
7f3831670000-7f383182a000 r-xp 00000000 09:01 17826015                   /lib/x86_64-linux-gnu/libc-2.19.so
7f383182a000-7f3831a2a000 ---p 001ba000 09:01 17826015                   /lib/x86_64-linux-gnu/libc-2.19.so
7f3831a2a000-7f3831a2e000 r--p 001ba000 09:01 17826015                   /lib/x86_64-linux-gnu/libc-2.19.so
7f3831a2e000-7f3831a30000 rw-p 001be000 09:01 17826015                   /lib/x86_64-linux-gnu/libc-2.19.so
7f3831a30000-7f3831a35000 rw-p 00000000 00:00 0 
7f3831a35000-7f3831a38000 r-xp 00000000 09:01 17825949                   /lib/x86_64-linux-gnu/libdl-2.19.so
7f3831a38000-7f3831c37000 ---p 00003000 09:01 17825949                   /lib/x86_64-linux-gnu/libdl-2.19.so
7f3831c37000-7f3831c38000 r--p 00002000 09:01 17825949                   /lib/x86_64-linux-gnu/libdl-2.19.so
7f3831c38000-7f3831c39000 rw-p 00003000 09:01 17825949                   /lib/x86_64-linux-gnu/libdl-2.19.so
7f3831c39000-7f3831c4e000 r-xp 00000000 09:01 43517413                   /opt/jdk/jdk1.8.0_92/lib/amd64/jli/libjli.so
7f3831c4e000-7f3831e4e000 ---p 00015000 09:01 43517413                   /opt/jdk/jdk1.8.0_92/lib/amd64/jli/libjli.so
7f3831e4e000-7f3831e4f000 rw-p 00015000 09:01 43517413                   /opt/jdk/jdk1.8.0_92/lib/amd64/jli/libjli.so
7f3831e4f000-7f3831e68000 r-xp 00000000 09:01 17825971                   /lib/x86_64-linux-gnu/libpthread-2.19.so
7f3831e68000-7f3832067000 ---p 00019000 09:01 17825971                   /lib/x86_64-linux-gnu/libpthread-2.19.so
7f3832067000-7f3832068000 r--p 00018000 09:01 17825971                   /lib/x86_64-linux-gnu/libpthread-2.19.so
7f3832068000-7f3832069000 rw-p 00019000 09:01 17825971                   /lib/x86_64-linux-gnu/libpthread-2.19.so
7f3832069000-7f383206d000 rw-p 00000000 00:00 0 
7f383206d000-7f3832090000 r-xp 00000000 09:01 17825972                   /lib/x86_64-linux-gnu/ld-2.19.so
7f3832090000-7f3832094000 rw-s e0240000 00:06 442                        /dev/nvidia0
7f3832094000-7f3832098000 rw-s e0220000 00:06 442                        /dev/nvidia0
7f3832098000-7f383216a000 rw-p 00000000 00:00 0 
7f383216a000-7f383216d000 ---p 00000000 00:00 0 
7f383216d000-7f383226f000 rw-p 00000000 00:00 0 
7f383226f000-7f3832270000 rw-s efd63000 00:06 442                        /dev/nvidia0
7f3832270000-7f3832271000 rw-s f3fa4d000 00:06 474                       /dev/nvidiactl
7f3832271000-7f3832272000 r--s 00008000 09:01 23068987                   /home/willie/libraries/JCuda-All-0.7.5-bin-Linux-x86_64/jcusparse-0.7.5.jar
7f3832272000-7f3832276000 r--s 0001d000 09:01 23068983                   /home/willie/libraries/JCuda-All-0.7.5-bin-Linux-x86_64/jcuda-0.7.5.jar
7f3832276000-7f3832278000 r--s 00006000 09:01 23068982                   /home/willie/libraries/JCuda-All-0.7.5-bin-Linux-x86_64/jcublas-0.7.5.jar
7f3832278000-7f383227c000 r--s 00097000 09:01 43517650                   /opt/jdk/jdk1.8.0_92/jre/lib/jsse.jar
7f383227c000-7f3832283000 r--s 00047000 09:01 29098433                   /home/willie/workspace/Globus/libraries/gs-algo-1.2/gs-algo-1.2.jar
7f3832283000-7f383228b000 rw-s 00000000 09:01 29099110                   /tmp/hsperfdata_willie/25212
7f383228b000-7f383228c000 rw-p 00000000 00:00 0 
7f383228c000-7f383228d000 r--p 00000000 00:00 0 
7f383228d000-7f383228f000 rw-p 00000000 00:00 0 
7f383228f000-7f3832290000 r--p 00022000 09:01 17825972                   /lib/x86_64-linux-gnu/ld-2.19.so
7f3832290000-7f3832291000 rw-p 00023000 09:01 17825972                   /lib/x86_64-linux-gnu/ld-2.19.so
7f3832291000-7f3832292000 rw-p 00000000 00:00 0 
7ffefbde9000-7ffefbe0a000 rw-p 00000000 00:00 0                          [stack]
7ffefbfd9000-7ffefbfdb000 r--p 00000000 00:00 0                          [vvar]
7ffefbfdb000-7ffefbfdd000 r-xp 00000000 00:00 0                          [vdso]
ffffffffff600000-ffffffffff601000 r-xp 00000000 00:00 0                  [vsyscall]

VM Arguments:
jvm_args: -agentlib:jdwp=transport=dt_socket,suspend=y,address=localhost:39056 -Djava.library.path=/home/willie/libraries/JCuda-All-0.7.5-bin-Linux-x86_64:/home/willie/libraries/JCuda-All-0.7.5-bin-Linux-x86_64:/home/willie/libraries/JCuda-All-0.7.5-bin-Linux-x86_64 -Dfile.encoding=UTF-8 
java_command: userSrcDstPrediction.EnsembleNeuralNetwork
java_class_path (initial): /home/willie/workspace/Globus/bin:/home/willie/workspace/Globus/libraries/gs-algo-1.2/gs-algo-1.2.jar:/home/willie/workspace/Globus/libraries/gs-core-1.2/gs-core-1.2.jar:/home/willie/workspace/Globus/libraries/gs-ui-1.2/gs-ui-1.2.jar:/home/willie/workspace/mlGPU/bin:/home/willie/workspace/mlGPU/Libraries/commons-math3-3.3/commons-math3-3.3.jar:/home/willie/libraries/JCuda-All-0.7.5-bin-Linux-x86_64/jcublas-0.7.5.jar:/home/willie/libraries/JCuda-All-0.7.5-bin-Linux-x86_64/jcuda-0.7.5.jar:/home/willie/libraries/JCuda-All-0.7.5-bin-Linux-x86_64/jcusparse-0.7.5.jar
Launcher Type: SUN_STANDARD

Environment Variables:
PATH=/usr/local/sbin:/usr/local/bin:/usr/sbin:/usr/bin:/sbin:/bin:/usr/games:/usr/local/games:/usr/local/cuda-7.5/lib64:/usr/local/cuda-7.5/bin:/usr/lib:/usr/lib/llvm-3.8/include:/usr/include/cudnn-7.5/lib64:/opt/jdk/jdk1.8.0_92/include
LD_LIBRARY_PATH=/usr/local/cuda-7.5/lib64:/usr/local/cuda-7.5/bin:/usr/lib/llvm-3.8/include:/usr/include/cudnn-7.5/lib64:/home/willie/libraries/caffe/build/lib:/opt/jdk/jdk1.8.0_92/include
SHELL=/bin/bash
DISPLAY=:0.0

Signal Handlers:
SIGSEGV: [libjvm.so+0xabdee0], sa_mask[0]=11111111011111111101111111111110, sa_flags=SA_RESTART|SA_SIGINFO
SIGBUS: [libjvm.so+0xabdee0], sa_mask[0]=11111111011111111101111111111110, sa_flags=SA_RESTART|SA_SIGINFO
SIGFPE: [libjvm.so+0x91a580], sa_mask[0]=11111111011111111101111111111110, sa_flags=SA_RESTART|SA_SIGINFO
SIGPIPE: [libjvm.so+0x91a580], sa_mask[0]=11111111011111111101111111111110, sa_flags=SA_RESTART|SA_SIGINFO
SIGXFSZ: [libjvm.so+0x91a580], sa_mask[0]=11111111011111111101111111111110, sa_flags=SA_RESTART|SA_SIGINFO
SIGILL: [libjvm.so+0x91a580], sa_mask[0]=11111111011111111101111111111110, sa_flags=SA_RESTART|SA_SIGINFO
SIGUSR1: SIG_DFL, sa_mask[0]=00000000000000000000000000000000, sa_flags=none
SIGUSR2: [libjvm.so+0x91bbb0], sa_mask[0]=00100000000000000000000000000000, sa_flags=SA_RESTART|SA_SIGINFO
SIGHUP: [libjvm.so+0x91cfb0], sa_mask[0]=11111111011111111101111111111110, sa_flags=SA_RESTART|SA_SIGINFO
SIGINT: [libjvm.so+0x91cfb0], sa_mask[0]=11111111011111111101111111111110, sa_flags=SA_RESTART|SA_SIGINFO
SIGTERM: [libjvm.so+0x91cfb0], sa_mask[0]=11111111011111111101111111111110, sa_flags=SA_RESTART|SA_SIGINFO
SIGQUIT: [libjvm.so+0x91cfb0], sa_mask[0]=11111111011111111101111111111110, sa_flags=SA_RESTART|SA_SIGINFO


---------------  S Y S T E M  ---------------

OS:DISTRIB_ID=Ubuntu
DISTRIB_RELEASE=14.04
DISTRIB_CODENAME=trusty
DISTRIB_DESCRIPTION="Ubuntu 14.04.4 LTS"

uname:Linux 4.2.0-38-generic #45~14.04.1-Ubuntu SMP Thu Jun 9 09:27:51 UTC 2016 x86_64
libc:glibc 2.19 NPTL 2.19 
rlimit: STACK 8192k, CORE 0k, NPROC 257331, NOFILE 4096, AS infinity
load average:2.14 2.11 1.64

/proc/meminfo:
MemTotal:       65899720 kB
MemFree:        59874548 kB
MemAvailable:   61468620 kB
Buffers:          107404 kB
Cached:          1668596 kB
SwapCached:            0 kB
Active:          5182332 kB
Inactive:         357028 kB
Active(anon):    3764488 kB
Inactive(anon):    63064 kB
Active(file):    1417844 kB
Inactive(file):   293964 kB
Unevictable:          32 kB
Mlocked:              32 kB
SwapTotal:      67382268 kB
SwapFree:       67382268 kB
Dirty:             29856 kB
Writeback:             0 kB
AnonPages:       3763576 kB
Mapped:           394348 kB
Shmem:             64168 kB
Slab:             152328 kB
SReclaimable:     102412 kB
SUnreclaim:        49916 kB
KernelStack:       10512 kB
PageTables:        34868 kB
NFS_Unstable:          0 kB
Bounce:                0 kB
WritebackTmp:          0 kB
CommitLimit:    100332128 kB
Committed_AS:    8068488 kB
VmallocTotal:   34359738367 kB
VmallocUsed:      434228 kB
VmallocChunk:   34358945788 kB
HardwareCorrupted:     0 kB
AnonHugePages:   2621440 kB
CmaTotal:              0 kB
CmaFree:               0 kB
HugePages_Total:       0
HugePages_Free:        0
HugePages_Rsvd:        0
HugePages_Surp:        0
Hugepagesize:       2048 kB
DirectMap4k:      385128 kB
DirectMap2M:     6877184 kB
DirectMap1G:    61865984 kB


CPU:total 12 (6 cores per cpu, 2 threads per core) family 6 model 63 stepping 2, cmov, cx8, fxsr, mmx, sse, sse2, sse3, ssse3, sse4.1, sse4.2, popcnt, avx, avx2, aes, clmul, erms, lzcnt, ht, tsc, tscinvbit, bmi1, bmi2

/proc/cpuinfo:
processor	: 0
vendor_id	: GenuineIntel
cpu family	: 6
model		: 63
model name	: Intel(R) Core(TM) i7-5930K CPU @ 3.50GHz
stepping	: 2
microcode	: 0x27
cpu MHz		: 3599.941
cache size	: 15360 KB
physical id	: 0
siblings	: 12
core id		: 0
cpu cores	: 6
apicid		: 0
initial apicid	: 0
fpu		: yes
fpu_exception	: yes
cpuid level	: 15
wp		: yes
flags		: fpu vme de pse tsc msr pae mce cx8 apic sep mtrr pge mca cmov pat pse36 clflush dts acpi mmx fxsr sse sse2 ss ht tm pbe syscall nx pdpe1gb rdtscp lm constant_tsc arch_perfmon pebs bts rep_good nopl xtopology nonstop_tsc aperfmperf eagerfpu pni pclmulqdq dtes64 monitor ds_cpl vmx est tm2 ssse3 fma cx16 xtpr pdcm pcid dca sse4_1 sse4_2 x2apic movbe popcnt tsc_deadline_timer aes xsave avx f16c rdrand lahf_lm abm ida arat epb pln pts dtherm tpr_shadow vnmi flexpriority ept vpid fsgsbase tsc_adjust bmi1 avx2 smep bmi2 erms invpcid cqm xsaveopt cqm_llc cqm_occup_llc
bugs		:
bogomips	: 6983.65
clflush size	: 64
cache_alignment	: 64
address sizes	: 46 bits physical, 48 bits virtual
power management:

processor	: 1
vendor_id	: GenuineIntel
cpu family	: 6
model		: 63
model name	: Intel(R) Core(TM) i7-5930K CPU @ 3.50GHz
stepping	: 2
microcode	: 0x27
cpu MHz		: 2262.421
cache size	: 15360 KB
physical id	: 0
siblings	: 12
core id		: 1
cpu cores	: 6
apicid		: 2
initial apicid	: 2
fpu		: yes
fpu_exception	: yes
cpuid level	: 15
wp		: yes
flags		: fpu vme de pse tsc msr pae mce cx8 apic sep mtrr pge mca cmov pat pse36 clflush dts acpi mmx fxsr sse sse2 ss ht tm pbe syscall nx pdpe1gb rdtscp lm constant_tsc arch_perfmon pebs bts rep_good nopl xtopology nonstop_tsc aperfmperf eagerfpu pni pclmulqdq dtes64 monitor ds_cpl vmx est tm2 ssse3 fma cx16 xtpr pdcm pcid dca sse4_1 sse4_2 x2apic movbe popcnt tsc_deadline_timer aes xsave avx f16c rdrand lahf_lm abm ida arat epb pln pts dtherm tpr_shadow vnmi flexpriority ept vpid fsgsbase tsc_adjust bmi1 avx2 smep bmi2 erms invpcid cqm xsaveopt cqm_llc cqm_occup_llc
bugs		:
bogomips	: 6983.65
clflush size	: 64
cache_alignment	: 64
address sizes	: 46 bits physical, 48 bits virtual
power management:

processor	: 2
vendor_id	: GenuineIntel
cpu family	: 6
model		: 63
model name	: Intel(R) Core(TM) i7-5930K CPU @ 3.50GHz
stepping	: 2
microcode	: 0x27
cpu MHz		: 1615.468
cache size	: 15360 KB
physical id	: 0
siblings	: 12
core id		: 2
cpu cores	: 6
apicid		: 4
initial apicid	: 4
fpu		: yes
fpu_exception	: yes
cpuid level	: 15
wp		: yes
flags		: fpu vme de pse tsc msr pae mce cx8 apic sep mtrr pge mca cmov pat pse36 clflush dts acpi mmx fxsr sse sse2 ss ht tm pbe syscall nx pdpe1gb rdtscp lm constant_tsc arch_perfmon pebs bts rep_good nopl xtopology nonstop_tsc aperfmperf eagerfpu pni pclmulqdq dtes64 monitor ds_cpl vmx est tm2 ssse3 fma cx16 xtpr pdcm pcid dca sse4_1 sse4_2 x2apic movbe popcnt tsc_deadline_timer aes xsave avx f16c rdrand lahf_lm abm ida arat epb pln pts dtherm tpr_shadow vnmi flexpriority ept vpid fsgsbase tsc_adjust bmi1 avx2 smep bmi2 erms invpcid cqm xsaveopt cqm_llc cqm_occup_llc
bugs		:
bogomips	: 6983.65
clflush size	: 64
cache_alignment	: 64
address sizes	: 46 bits physical, 48 bits virtual
power management:

processor	: 3
vendor_id	: GenuineIntel
cpu family	: 6
model		: 63
model name	: Intel(R) Core(TM) i7-5930K CPU @ 3.50GHz
stepping	: 2
microcode	: 0x27
cpu MHz		: 1646.640
cache size	: 15360 KB
physical id	: 0
siblings	: 12
core id		: 3
cpu cores	: 6
apicid		: 6
initial apicid	: 6
fpu		: yes
fpu_exception	: yes
cpuid level	: 15
wp		: yes
flags		: fpu vme de pse tsc msr pae mce cx8 apic sep mtrr pge mca cmov pat pse36 clflush dts acpi mmx fxsr sse sse2 ss ht tm pbe syscall nx pdpe1gb rdtscp lm constant_tsc arch_perfmon pebs bts rep_good nopl xtopology nonstop_tsc aperfmperf eagerfpu pni pclmulqdq dtes64 monitor ds_cpl vmx est tm2 ssse3 fma cx16 xtpr pdcm pcid dca sse4_1 sse4_2 x2apic movbe popcnt tsc_deadline_timer aes xsave avx f16c rdrand lahf_lm abm ida arat epb pln pts dtherm tpr_shadow vnmi flexpriority ept vpid fsgsbase tsc_adjust bmi1 avx2 smep bmi2 erms invpcid cqm xsaveopt cqm_llc cqm_occup_llc
bugs		:
bogomips	: 6983.65
clflush size	: 64
cache_alignment	: 64
address sizes	: 46 bits physical, 48 bits virtual
power management:

processor	: 4
vendor_id	: GenuineIntel
cpu family	: 6
model		: 63
model name	: Intel(R) Core(TM) i7-5930K CPU @ 3.50GHz
stepping	: 2
microcode	: 0x27
cpu MHz		: 1799.902
cache size	: 15360 KB
physical id	: 0
siblings	: 12
core id		: 4
cpu cores	: 6
apicid		: 8
initial apicid	: 8
fpu		: yes
fpu_exception	: yes
cpuid level	: 15
wp		: yes
flags		: fpu vme de pse tsc msr pae mce cx8 apic sep mtrr pge mca cmov pat pse36 clflush dts acpi mmx fxsr sse sse2 ss ht tm pbe syscall nx pdpe1gb rdtscp lm constant_tsc arch_perfmon pebs bts rep_good nopl xtopology nonstop_tsc aperfmperf eagerfpu pni pclmulqdq dtes64 monitor ds_cpl vmx est tm2 ssse3 fma cx16 xtpr pdcm pcid dca sse4_1 sse4_2 x2apic movbe popcnt tsc_deadline_timer aes xsave avx f16c rdrand lahf_lm abm ida arat epb pln pts dtherm tpr_shadow vnmi flexpriority ept vpid fsgsbase tsc_adjust bmi1 avx2 smep bmi2 erms invpcid cqm xsaveopt cqm_llc cqm_occup_llc
bugs		:
bogomips	: 6983.65
clflush size	: 64
cache_alignment	: 64
address sizes	: 46 bits physical, 48 bits virtual
power management:

processor	: 5
vendor_id	: GenuineIntel
cpu family	: 6
model		: 63
model name	: Intel(R) Core(TM) i7-5930K CPU @ 3.50GHz
stepping	: 2
microcode	: 0x27
cpu MHz		: 1597.285
cache size	: 15360 KB
physical id	: 0
siblings	: 12
core id		: 5
cpu cores	: 6
apicid		: 10
initial apicid	: 10
fpu		: yes
fpu_exception	: yes
cpuid level	: 15
wp		: yes
flags		: fpu vme de pse tsc msr pae mce cx8 apic sep mtrr pge mca cmov pat pse36 clflush dts acpi mmx fxsr sse sse2 ss ht tm pbe syscall nx pdpe1gb rdtscp lm constant_tsc arch_perfmon pebs bts rep_good nopl xtopology nonstop_tsc aperfmperf eagerfpu pni pclmulqdq dtes64 monitor ds_cpl vmx est tm2 ssse3 fma cx16 xtpr pdcm pcid dca sse4_1 sse4_2 x2apic movbe popcnt tsc_deadline_timer aes xsave avx f16c rdrand lahf_lm abm ida arat epb pln pts dtherm tpr_shadow vnmi flexpriority ept vpid fsgsbase tsc_adjust bmi1 avx2 smep bmi2 erms invpcid cqm xsaveopt cqm_llc cqm_occup_llc
bugs		:
bogomips	: 6983.65
clflush size	: 64
cache_alignment	: 64
address sizes	: 46 bits physical, 48 bits virtual
power management:

processor	: 6
vendor_id	: GenuineIntel
cpu family	: 6
model		: 63
model name	: Intel(R) Core(TM) i7-5930K CPU @ 3.50GHz
stepping	: 2
microcode	: 0x27
cpu MHz		: 3599.941
cache size	: 15360 KB
physical id	: 0
siblings	: 12
core id		: 0
cpu cores	: 6
apicid		: 1
initial apicid	: 1
fpu		: yes
fpu_exception	: yes
cpuid level	: 15
wp		: yes
flags		: fpu vme de pse tsc msr pae mce cx8 apic sep mtrr pge mca cmov pat pse36 clflush dts acpi mmx fxsr sse sse2 ss ht tm pbe syscall nx pdpe1gb rdtscp lm constant_tsc arch_perfmon pebs bts rep_good nopl xtopology nonstop_tsc aperfmperf eagerfpu pni pclmulqdq dtes64 monitor ds_cpl vmx est tm2 ssse3 fma cx16 xtpr pdcm pcid dca sse4_1 sse4_2 x2apic movbe popcnt tsc_deadline_timer aes xsave avx f16c rdrand lahf_lm abm ida arat epb pln pts dtherm tpr_shadow vnmi flexpriority ept vpid fsgsbase tsc_adjust bmi1 avx2 smep bmi2 erms invpcid cqm xsaveopt cqm_llc cqm_occup_llc
bugs		:
bogomips	: 6983.65
clflush size	: 64
cache_alignment	: 64
address sizes	: 46 bits physical, 48 bits virtual
power management:

processor	: 7
vendor_id	: GenuineIntel
cpu family	: 6
model		: 63
model name	: Intel(R) Core(TM) i7-5930K CPU @ 3.50GHz
stepping	: 2
microcode	: 0x27
cpu MHz		: 2196.660
cache size	: 15360 KB
physical id	: 0
siblings	: 12
core id		: 1
cpu cores	: 6
apicid		: 3
initial apicid	: 3
fpu		: yes
fpu_exception	: yes
cpuid level	: 15
wp		: yes
flags		: fpu vme de pse tsc msr pae mce cx8 apic sep mtrr pge mca cmov pat pse36 clflush dts acpi mmx fxsr sse sse2 ss ht tm pbe syscall nx pdpe1gb rdtscp lm constant_tsc arch_perfmon pebs bts rep_good nopl xtopology nonstop_tsc aperfmperf eagerfpu pni pclmulqdq dtes64 monitor ds_cpl vmx est tm2 ssse3 fma cx16 xtpr pdcm pcid dca sse4_1 sse4_2 x2apic movbe popcnt tsc_deadline_timer aes xsave avx f16c rdrand lahf_lm abm ida arat epb pln pts dtherm tpr_shadow vnmi flexpriority ept vpid fsgsbase tsc_adjust bmi1 avx2 smep bmi2 erms invpcid cqm xsaveopt cqm_llc cqm_occup_llc
bugs		:
bogomips	: 6983.65
clflush size	: 64
cache_alignment	: 64
address sizes	: 46 bits physical, 48 bits virtual
power management:

processor	: 8
vendor_id	: GenuineIntel
cpu family	: 6
model		: 63
model name	: Intel(R) Core(TM) i7-5930K CPU @ 3.50GHz
stepping	: 2
microcode	: 0x27
cpu MHz		: 1698.320
cache size	: 15360 KB
physical id	: 0
siblings	: 12
core id		: 2
cpu cores	: 6
apicid		: 5
initial apicid	: 5
fpu		: yes
fpu_exception	: yes
cpuid level	: 15
wp		: yes
flags		: fpu vme de pse tsc msr pae mce cx8 apic sep mtrr pge mca cmov pat pse36 clflush dts acpi mmx fxsr sse sse2 ss ht tm pbe syscall nx pdpe1gb rdtscp lm constant_tsc arch_perfmon pebs bts rep_good nopl xtopology nonstop_tsc aperfmperf eagerfpu pni pclmulqdq dtes64 monitor ds_cpl vmx est tm2 ssse3 fma cx16 xtpr pdcm pcid dca sse4_1 sse4_2 x2apic movbe popcnt tsc_deadline_timer aes xsave avx f16c rdrand lahf_lm abm ida arat epb pln pts dtherm tpr_shadow vnmi flexpriority ept vpid fsgsbase tsc_adjust bmi1 avx2 smep bmi2 erms invpcid cqm xsaveopt cqm_llc cqm_occup_llc
bugs		:
bogomips	: 6983.65
clflush size	: 64
cache_alignment	: 64
address sizes	: 46 bits physical, 48 bits virtual
power management:

processor	: 9
vendor_id	: GenuineIntel
cpu family	: 6
model		: 63
model name	: Intel(R) Core(TM) i7-5930K CPU @ 3.50GHz
stepping	: 2
microcode	: 0x27
cpu MHz		: 1695.039
cache size	: 15360 KB
physical id	: 0
siblings	: 12
core id		: 3
cpu cores	: 6
apicid		: 7
initial apicid	: 7
fpu		: yes
fpu_exception	: yes
cpuid level	: 15
wp		: yes
flags		: fpu vme de pse tsc msr pae mce cx8 apic sep mtrr pge mca cmov pat pse36 clflush dts acpi mmx fxsr sse sse2 ss ht tm pbe syscall nx pdpe1gb rdtscp lm constant_tsc arch_perfmon pebs bts rep_good nopl xtopology nonstop_tsc aperfmperf eagerfpu pni pclmulqdq dtes64 monitor ds_cpl vmx est tm2 ssse3 fma cx16 xtpr pdcm pcid dca sse4_1 sse4_2 x2apic movbe popcnt tsc_deadline_timer aes xsave avx f16c rdrand lahf_lm abm ida arat epb pln pts dtherm tpr_shadow vnmi flexpriority ept vpid fsgsbase tsc_adjust bmi1 avx2 smep bmi2 erms invpcid cqm xsaveopt cqm_llc cqm_occup_llc
bugs		:
bogomips	: 6983.65
clflush size	: 64
cache_alignment	: 64
address sizes	: 46 bits physical, 48 bits virtual
power management:

processor	: 10
vendor_id	: GenuineIntel
cpu family	: 6
model		: 63
model name	: Intel(R) Core(TM) i7-5930K CPU @ 3.50GHz
stepping	: 2
microcode	: 0x27
cpu MHz		: 1552.851
cache size	: 15360 KB
physical id	: 0
siblings	: 12
core id		: 4
cpu cores	: 6
apicid		: 9
initial apicid	: 9
fpu		: yes
fpu_exception	: yes
cpuid level	: 15
wp		: yes
flags		: fpu vme de pse tsc msr pae mce cx8 apic sep mtrr pge mca cmov pat pse36 clflush dts acpi mmx fxsr sse sse2 ss ht tm pbe syscall nx pdpe1gb rdtscp lm constant_tsc arch_perfmon pebs bts rep_good nopl xtopology nonstop_tsc aperfmperf eagerfpu pni pclmulqdq dtes64 monitor ds_cpl vmx est tm2 ssse3 fma cx16 xtpr pdcm pcid dca sse4_1 sse4_2 x2apic movbe popcnt tsc_deadline_timer aes xsave avx f16c rdrand lahf_lm abm ida arat epb pln pts dtherm tpr_shadow vnmi flexpriority ept vpid fsgsbase tsc_adjust bmi1 avx2 smep bmi2 erms invpcid cqm xsaveopt cqm_llc cqm_occup_llc
bugs		:
bogomips	: 6983.65
clflush size	: 64
cache_alignment	: 64
address sizes	: 46 bits physical, 48 bits virtual
power management:

processor	: 11
vendor_id	: GenuineIntel
cpu family	: 6
model		: 63
model name	: Intel(R) Core(TM) i7-5930K CPU @ 3.50GHz
stepping	: 2
microcode	: 0x27
cpu MHz		: 1594.550
cache size	: 15360 KB
physical id	: 0
siblings	: 12
core id		: 5
cpu cores	: 6
apicid		: 11
initial apicid	: 11
fpu		: yes
fpu_exception	: yes
cpuid level	: 15
wp		: yes
flags		: fpu vme de pse tsc msr pae mce cx8 apic sep mtrr pge mca cmov pat pse36 clflush dts acpi mmx fxsr sse sse2 ss ht tm pbe syscall nx pdpe1gb rdtscp lm constant_tsc arch_perfmon pebs bts rep_good nopl xtopology nonstop_tsc aperfmperf eagerfpu pni pclmulqdq dtes64 monitor ds_cpl vmx est tm2 ssse3 fma cx16 xtpr pdcm pcid dca sse4_1 sse4_2 x2apic movbe popcnt tsc_deadline_timer aes xsave avx f16c rdrand lahf_lm abm ida arat epb pln pts dtherm tpr_shadow vnmi flexpriority ept vpid fsgsbase tsc_adjust bmi1 avx2 smep bmi2 erms invpcid cqm xsaveopt cqm_llc cqm_occup_llc
bugs		:
bogomips	: 6983.65
clflush size	: 64
cache_alignment	: 64
address sizes	: 46 bits physical, 48 bits virtual
power management:



Memory: 4k page, physical 65899720k(59874548k free), swap 67382268k(67382268k free)

vm_info: Java HotSpot(TM) 64-Bit Server VM (25.92-b14) for linux-amd64 JRE (1.8.0_92-b14), built on Mar 31 2016 21:08:29 by "java_re" with gcc 4.3.0 20080428 (Red Hat 4.3.0-8)

time: Wed Jun 15 01:42:41 2016
elapsed time: 9 seconds (0d 0h 0m 9s)

